{"C:\\Users\\winx1\\Documents\\vs_code_projects\\trading-hub-pro\\src\\components\\charts\\AreaChart.tsx": {"path":"C:\\Users\\winx1\\Documents\\vs_code_projects\\trading-hub-pro\\src\\components\\charts\\AreaChart.tsx","statementMap":{"0":{"start":{"line":42,"column":2},"end":{"line":42,"column":null}},"1":{"start":{"line":42,"column":46},"end":{"line":42,"column":null}},"2":{"start":{"line":44,"column":16},"end":{"line":44,"column":null}},"3":{"start":{"line":46,"column":2},"end":{"line":54,"column":null}},"4":{"start":{"line":67,"column":8},"end":{"line":72,"column":null}},"5":{"start":{"line":68,"column":4},"end":{"line":71,"column":null}},"6":{"start":{"line":68,"column":32},"end":{"line":71,"column":6}},"7":{"start":{"line":74,"column":42},"end":{"line":89,"column":null}},"8":{"start":{"line":75,"column":4},"end":{"line":75,"column":null}},"9":{"start":{"line":75,"column":27},"end":{"line":75,"column":null}},"10":{"start":{"line":76,"column":19},"end":{"line":76,"column":null}},"11":{"start":{"line":76,"column":35},"end":{"line":76,"column":42}},"12":{"start":{"line":77,"column":16},"end":{"line":77,"column":null}},"13":{"start":{"line":78,"column":16},"end":{"line":78,"column":null}},"14":{"start":{"line":79,"column":10},"end":{"line":79,"column":null}},"15":{"start":{"line":80,"column":23},"end":{"line":80,"column":null}},"16":{"start":{"line":81,"column":22},"end":{"line":81,"column":null}},"17":{"start":{"line":82,"column":25},"end":{"line":82,"column":null}},"18":{"start":{"line":84,"column":4},"end":{"line":88,"column":null}},"19":{"start":{"line":92,"column":8},"end":{"line":95,"column":null}},"20":{"start":{"line":93,"column":4},"end":{"line":93,"column":null}},"21":{"start":{"line":93,"column":22},"end":{"line":93,"column":null}},"22":{"start":{"line":94,"column":4},"end":{"line":94,"column":null}},"23":{"start":{"line":97,"column":2},"end":{"line":103,"column":null}},"24":{"start":{"line":98,"column":4},"end":{"line":101,"column":null}},"25":{"start":{"line":105,"column":2},"end":{"line":161,"column":null}},"26":{"start":{"line":138,"column":32},"end":{"line":138,"column":null}}},"fnMap":{"0":{"name":"AreaChartTooltip","decl":{"start":{"line":41,"column":9},"end":{"line":41,"column":26}},"loc":{"start":{"line":41,"column":80},"end":{"line":56,"column":null}},"line":41},"1":{"name":"TradingAreaChart","decl":{"start":{"line":58,"column":16},"end":{"line":58,"column":33}},"loc":{"start":{"line":66,"column":26},"end":{"line":163,"column":null}},"line":66},"2":{"name":"(anonymous_2)","decl":{"start":{"line":67,"column":28},"end":{"line":67,"column":34}},"loc":{"start":{"line":67,"column":34},"end":{"line":72,"column":5}},"line":67},"3":{"name":"(anonymous_3)","decl":{"start":{"line":68,"column":20},"end":{"line":68,"column":21}},"loc":{"start":{"line":68,"column":32},"end":{"line":71,"column":6}},"line":68},"4":{"name":"(anonymous_4)","decl":{"start":{"line":74,"column":54},"end":{"line":74,"column":60}},"loc":{"start":{"line":74,"column":60},"end":{"line":89,"column":5}},"line":74},"5":{"name":"(anonymous_5)","decl":{"start":{"line":76,"column":28},"end":{"line":76,"column":29}},"loc":{"start":{"line":76,"column":35},"end":{"line":76,"column":42}},"line":76},"6":{"name":"(anonymous_6)","decl":{"start":{"line":92,"column":36},"end":{"line":92,"column":37}},"loc":{"start":{"line":92,"column":149},"end":{"line":95,"column":5}},"line":92},"7":{"name":"(anonymous_7)","decl":{"start":{"line":138,"column":31},"end":{"line":138,"column":32}},"loc":{"start":{"line":138,"column":32},"end":{"line":138,"column":null}},"line":138}},"branchMap":{"0":{"loc":{"start":{"line":42,"column":2},"end":{"line":42,"column":null}},"type":"if","locations":[{"start":{"line":42,"column":2},"end":{"line":42,"column":null}},{"start":{},"end":{}}],"line":42},"1":{"loc":{"start":{"line":42,"column":6},"end":{"line":42,"column":46}},"type":"binary-expr","locations":[{"start":{"line":42,"column":6},"end":{"line":42,"column":17}},{"start":{"line":42,"column":17},"end":{"line":42,"column":29}},{"start":{"line":42,"column":29},"end":{"line":42,"column":46}}],"line":42},"2":{"loc":{"start":{"line":60,"column":2},"end":{"line":60,"column":null}},"type":"default-arg","locations":[{"start":{"line":60,"column":11},"end":{"line":60,"column":null}}],"line":60},"3":{"loc":{"start":{"line":61,"column":2},"end":{"line":61,"column":null}},"type":"default-arg","locations":[{"start":{"line":61,"column":10},"end":{"line":61,"column":null}}],"line":61},"4":{"loc":{"start":{"line":62,"column":2},"end":{"line":62,"column":null}},"type":"default-arg","locations":[{"start":{"line":62,"column":13},"end":{"line":62,"column":null}}],"line":62},"5":{"loc":{"start":{"line":63,"column":2},"end":{"line":63,"column":null}},"type":"default-arg","locations":[{"start":{"line":63,"column":16},"end":{"line":63,"column":null}}],"line":63},"6":{"loc":{"start":{"line":64,"column":2},"end":{"line":64,"column":null}},"type":"default-arg","locations":[{"start":{"line":64,"column":13},"end":{"line":64,"column":null}}],"line":64},"7":{"loc":{"start":{"line":75,"column":4},"end":{"line":75,"column":null}},"type":"if","locations":[{"start":{"line":75,"column":4},"end":{"line":75,"column":null}},{"start":{},"end":{}}],"line":75},"8":{"loc":{"start":{"line":82,"column":25},"end":{"line":82,"column":null}},"type":"cond-expr","locations":[{"start":{"line":82,"column":51},"end":{"line":82,"column":58}},{"start":{"line":82,"column":58},"end":{"line":82,"column":null}}],"line":82},"9":{"loc":{"start":{"line":87,"column":19},"end":{"line":87,"column":null}},"type":"cond-expr","locations":[{"start":{"line":87,"column":45},"end":{"line":87,"column":57}},{"start":{"line":87,"column":57},"end":{"line":87,"column":null}}],"line":87},"10":{"loc":{"start":{"line":93,"column":4},"end":{"line":93,"column":null}},"type":"if","locations":[{"start":{"line":93,"column":4},"end":{"line":93,"column":null}},{"start":{},"end":{}}],"line":93},"11":{"loc":{"start":{"line":97,"column":2},"end":{"line":103,"column":null}},"type":"if","locations":[{"start":{"line":97,"column":2},"end":{"line":103,"column":null}},{"start":{},"end":{}}],"line":97},"12":{"loc":{"start":{"line":110,"column":35},"end":{"line":110,"column":54}},"type":"cond-expr","locations":[{"start":{"line":110,"column":46},"end":{"line":110,"column":51}},{"start":{"line":110,"column":51},"end":{"line":110,"column":54}}],"line":110},"13":{"loc":{"start":{"line":119,"column":11},"end":{"line":120,"column":null}},"type":"binary-expr","locations":[{"start":{"line":119,"column":11},"end":{"line":119,"column":null}},{"start":{"line":120,"column":12},"end":{"line":120,"column":null}}],"line":119},"14":{"loc":{"start":{"line":123,"column":11},"end":{"line":141,"column":null}},"type":"binary-expr","locations":[{"start":{"line":123,"column":11},"end":{"line":123,"column":null}},{"start":{"line":124,"column":12},"end":{"line":141,"column":null}}],"line":123},"15":{"loc":{"start":{"line":144,"column":11},"end":{"line":148,"column":null}},"type":"binary-expr","locations":[{"start":{"line":144,"column":11},"end":{"line":144,"column":null}},{"start":{"line":145,"column":12},"end":{"line":148,"column":null}}],"line":144}},"s":{"0":0,"1":0,"2":0,"3":0,"4":5,"5":5,"6":24,"7":5,"8":5,"9":1,"10":4,"11":24,"12":4,"13":4,"14":4,"15":4,"16":4,"17":4,"18":5,"19":5,"20":0,"21":0,"22":0,"23":5,"24":1,"25":4,"26":0},"f":{"0":0,"1":5,"2":5,"3":24,"4":5,"5":24,"6":0,"7":0},"b":{"0":[0,0],"1":[0,0,0],"2":[5],"3":[5],"4":[5],"5":[5],"6":[5],"7":[1,4],"8":[4,0],"9":[0,4],"10":[0,0],"11":[1,4],"12":[4,0],"13":[5,3],"14":[5,4],"15":[5,4]},"meta":{"lastBranch":16,"lastFunction":8,"lastStatement":27,"seen":{"f:41:9:41:26":0,"b:42:2:42:Infinity:undefined:undefined:undefined:undefined":0,"s:42:2:42:Infinity":0,"b:42:6:42:17:42:17:42:29:42:29:42:46":1,"s:42:46:42:Infinity":1,"s:44:16:44:Infinity":2,"s:46:2:54:Infinity":3,"f:58:16:58:33":1,"b:60:11:60:Infinity":2,"b:61:10:61:Infinity":3,"b:62:13:62:Infinity":4,"b:63:16:63:Infinity":5,"b:64:13:64:Infinity":6,"s:67:8:72:Infinity":4,"f:67:28:67:34":2,"s:68:4:71:Infinity":5,"f:68:20:68:21":3,"s:68:32:71:6":6,"s:74:42:89:Infinity":7,"f:74:54:74:60":4,"b:75:4:75:Infinity:undefined:undefined:undefined:undefined":7,"s:75:4:75:Infinity":8,"s:75:27:75:Infinity":9,"s:76:19:76:Infinity":10,"f:76:28:76:29":5,"s:76:35:76:42":11,"s:77:16:77:Infinity":12,"s:78:16:78:Infinity":13,"s:79:10:79:Infinity":14,"s:80:23:80:Infinity":15,"s:81:22:81:Infinity":16,"s:82:25:82:Infinity":17,"b:82:51:82:58:82:58:82:Infinity":8,"s:84:4:88:Infinity":18,"b:87:45:87:57:87:57:87:Infinity":9,"s:92:8:95:Infinity":19,"f:92:36:92:37":6,"b:93:4:93:Infinity:undefined:undefined:undefined:undefined":10,"s:93:4:93:Infinity":20,"s:93:22:93:Infinity":21,"s:94:4:94:Infinity":22,"b:97:2:103:Infinity:undefined:undefined:undefined:undefined":11,"s:97:2:103:Infinity":23,"s:98:4:101:Infinity":24,"s:105:2:161:Infinity":25,"b:110:46:110:51:110:51:110:54":12,"b:119:11:119:Infinity:120:12:120:Infinity":13,"b:123:11:123:Infinity:124:12:141:Infinity":14,"f:138:31:138:32":7,"s:138:32:138:Infinity":26,"b:144:11:144:Infinity:145:12:148:Infinity":15}}}
,"C:\\Users\\winx1\\Documents\\vs_code_projects\\trading-hub-pro\\src\\components\\charts\\DepthChart.tsx": {"path":"C:\\Users\\winx1\\Documents\\vs_code_projects\\trading-hub-pro\\src\\components\\charts\\DepthChart.tsx","statementMap":{"0":{"start":{"line":42,"column":2},"end":{"line":42,"column":null}},"1":{"start":{"line":42,"column":46},"end":{"line":42,"column":null}},"2":{"start":{"line":44,"column":16},"end":{"line":44,"column":null}},"3":{"start":{"line":45,"column":16},"end":{"line":45,"column":null}},"4":{"start":{"line":47,"column":2},"end":{"line":61,"column":null}},"5":{"start":{"line":72,"column":8},"end":{"line":114,"column":null}},"6":{"start":{"line":74,"column":23},"end":{"line":74,"column":null}},"7":{"start":{"line":74,"column":48},"end":{"line":74,"column":65}},"8":{"start":{"line":75,"column":23},"end":{"line":75,"column":null}},"9":{"start":{"line":75,"column":48},"end":{"line":75,"column":65}},"10":{"start":{"line":79,"column":40},"end":{"line":93,"column":null}},"11":{"start":{"line":81,"column":30},"end":{"line":81,"column":null}},"12":{"start":{"line":82,"column":8},"end":{"line":88,"column":null}},"13":{"start":{"line":89,"column":8},"end":{"line":89,"column":null}},"14":{"start":{"line":90,"column":8},"end":{"line":90,"column":null}},"15":{"start":{"line":97,"column":40},"end":{"line":111,"column":null}},"16":{"start":{"line":99,"column":30},"end":{"line":99,"column":null}},"17":{"start":{"line":100,"column":8},"end":{"line":106,"column":null}},"18":{"start":{"line":107,"column":8},"end":{"line":107,"column":null}},"19":{"start":{"line":108,"column":8},"end":{"line":108,"column":null}},"20":{"start":{"line":113,"column":4},"end":{"line":113,"column":null}},"21":{"start":{"line":116,"column":8},"end":{"line":124,"column":null}},"22":{"start":{"line":117,"column":4},"end":{"line":117,"column":null}},"23":{"start":{"line":117,"column":18},"end":{"line":117,"column":null}},"24":{"start":{"line":118,"column":4},"end":{"line":122,"column":null}},"25":{"start":{"line":119,"column":25},"end":{"line":119,"column":null}},"26":{"start":{"line":119,"column":53},"end":{"line":119,"column":60}},"27":{"start":{"line":120,"column":24},"end":{"line":120,"column":null}},"28":{"start":{"line":120,"column":52},"end":{"line":120,"column":59}},"29":{"start":{"line":121,"column":6},"end":{"line":121,"column":null}},"30":{"start":{"line":123,"column":4},"end":{"line":123,"column":null}},"31":{"start":{"line":126,"column":8},"end":{"line":140,"column":null}},"32":{"start":{"line":127,"column":27},"end":{"line":127,"column":null}},"33":{"start":{"line":127,"column":51},"end":{"line":127,"column":66}},"34":{"start":{"line":128,"column":27},"end":{"line":128,"column":null}},"35":{"start":{"line":128,"column":51},"end":{"line":128,"column":66}},"36":{"start":{"line":130,"column":6},"end":{"line":132,"column":null}},"37":{"start":{"line":134,"column":4},"end":{"line":139,"column":null}},"38":{"start":{"line":143,"column":8},"end":{"line":145,"column":null}},"39":{"start":{"line":144,"column":4},"end":{"line":144,"column":null}},"40":{"start":{"line":147,"column":2},"end":{"line":153,"column":null}},"41":{"start":{"line":148,"column":4},"end":{"line":151,"column":null}},"42":{"start":{"line":155,"column":2},"end":{"line":257,"column":null}},"43":{"start":{"line":208,"column":28},"end":{"line":208,"column":null}},"44":{"start":{"line":217,"column":28},"end":{"line":217,"column":null}}},"fnMap":{"0":{"name":"DepthChartTooltip","decl":{"start":{"line":41,"column":9},"end":{"line":41,"column":27}},"loc":{"start":{"line":41,"column":67},"end":{"line":63,"column":null}},"line":41},"1":{"name":"DepthChart","decl":{"start":{"line":65,"column":16},"end":{"line":65,"column":27}},"loc":{"start":{"line":71,"column":20},"end":{"line":259,"column":null}},"line":71},"2":{"name":"(anonymous_2)","decl":{"start":{"line":72,"column":28},"end":{"line":72,"column":34}},"loc":{"start":{"line":72,"column":34},"end":{"line":114,"column":5}},"line":72},"3":{"name":"(anonymous_3)","decl":{"start":{"line":74,"column":38},"end":{"line":74,"column":39}},"loc":{"start":{"line":74,"column":48},"end":{"line":74,"column":65}},"line":74},"4":{"name":"(anonymous_4)","decl":{"start":{"line":75,"column":38},"end":{"line":75,"column":39}},"loc":{"start":{"line":75,"column":48},"end":{"line":75,"column":65}},"line":75},"5":{"name":"(anonymous_5)","decl":{"start":{"line":80,"column":6},"end":{"line":80,"column":7}},"loc":{"start":{"line":80,"column":22},"end":{"line":91,"column":null}},"line":80},"6":{"name":"(anonymous_6)","decl":{"start":{"line":98,"column":6},"end":{"line":98,"column":7}},"loc":{"start":{"line":98,"column":22},"end":{"line":109,"column":null}},"line":98},"7":{"name":"(anonymous_7)","decl":{"start":{"line":116,"column":37},"end":{"line":116,"column":43}},"loc":{"start":{"line":116,"column":43},"end":{"line":124,"column":5}},"line":116},"8":{"name":"(anonymous_8)","decl":{"start":{"line":119,"column":46},"end":{"line":119,"column":47}},"loc":{"start":{"line":119,"column":53},"end":{"line":119,"column":60}},"line":119},"9":{"name":"(anonymous_9)","decl":{"start":{"line":120,"column":45},"end":{"line":120,"column":46}},"loc":{"start":{"line":120,"column":52},"end":{"line":120,"column":59}},"line":120},"10":{"name":"(anonymous_10)","decl":{"start":{"line":126,"column":24},"end":{"line":126,"column":30}},"loc":{"start":{"line":126,"column":30},"end":{"line":140,"column":5}},"line":126},"11":{"name":"(anonymous_11)","decl":{"start":{"line":127,"column":39},"end":{"line":127,"column":40}},"loc":{"start":{"line":127,"column":51},"end":{"line":127,"column":66}},"line":127},"12":{"name":"(anonymous_12)","decl":{"start":{"line":128,"column":39},"end":{"line":128,"column":40}},"loc":{"start":{"line":128,"column":51},"end":{"line":128,"column":66}},"line":128},"13":{"name":"(anonymous_13)","decl":{"start":{"line":143,"column":36},"end":{"line":143,"column":37}},"loc":{"start":{"line":143,"column":66},"end":{"line":145,"column":5}},"line":143},"14":{"name":"(anonymous_14)","decl":{"start":{"line":208,"column":27},"end":{"line":208,"column":28}},"loc":{"start":{"line":208,"column":28},"end":{"line":208,"column":null}},"line":208},"15":{"name":"(anonymous_15)","decl":{"start":{"line":217,"column":27},"end":{"line":217,"column":28}},"loc":{"start":{"line":217,"column":28},"end":{"line":217,"column":null}},"line":217}},"branchMap":{"0":{"loc":{"start":{"line":42,"column":2},"end":{"line":42,"column":null}},"type":"if","locations":[{"start":{"line":42,"column":2},"end":{"line":42,"column":null}},{"start":{},"end":{}}],"line":42},"1":{"loc":{"start":{"line":42,"column":6},"end":{"line":42,"column":46}},"type":"binary-expr","locations":[{"start":{"line":42,"column":6},"end":{"line":42,"column":17}},{"start":{"line":42,"column":17},"end":{"line":42,"column":29}},{"start":{"line":42,"column":29},"end":{"line":42,"column":46}}],"line":42},"2":{"loc":{"start":{"line":52,"column":7},"end":{"line":59,"column":null}},"type":"cond-expr","locations":[{"start":{"line":53,"column":8},"end":{"line":55,"column":null}},{"start":{"line":57,"column":8},"end":{"line":59,"column":null}}],"line":52},"3":{"loc":{"start":{"line":68,"column":2},"end":{"line":68,"column":null}},"type":"default-arg","locations":[{"start":{"line":68,"column":11},"end":{"line":68,"column":null}}],"line":68},"4":{"loc":{"start":{"line":117,"column":4},"end":{"line":117,"column":null}},"type":"if","locations":[{"start":{"line":117,"column":4},"end":{"line":117,"column":null}},{"start":{},"end":{}}],"line":117},"5":{"loc":{"start":{"line":118,"column":4},"end":{"line":122,"column":null}},"type":"if","locations":[{"start":{"line":118,"column":4},"end":{"line":122,"column":null}},{"start":{},"end":{}}],"line":118},"6":{"loc":{"start":{"line":118,"column":8},"end":{"line":118,"column":44}},"type":"binary-expr","locations":[{"start":{"line":118,"column":8},"end":{"line":118,"column":27}},{"start":{"line":118,"column":27},"end":{"line":118,"column":44}}],"line":118},"7":{"loc":{"start":{"line":130,"column":6},"end":{"line":132,"column":null}},"type":"cond-expr","locations":[{"start":{"line":130,"column":40},"end":{"line":131,"column":null}},{"start":{"line":132,"column":10},"end":{"line":132,"column":null}}],"line":130},"8":{"loc":{"start":{"line":147,"column":2},"end":{"line":153,"column":null}},"type":"if","locations":[{"start":{"line":147,"column":2},"end":{"line":153,"column":null}},{"start":{},"end":{}}],"line":147},"9":{"loc":{"start":{"line":178,"column":12},"end":{"line":180,"column":null}},"type":"cond-expr","locations":[{"start":{"line":179,"column":16},"end":{"line":179,"column":null}},{"start":{"line":180,"column":16},"end":{"line":180,"column":null}}],"line":178},"10":{"loc":{"start":{"line":183,"column":11},"end":{"line":183,"column":41}},"type":"cond-expr","locations":[{"start":{"line":183,"column":31},"end":{"line":183,"column":37}},{"start":{"line":183,"column":37},"end":{"line":183,"column":41}}],"line":183},"11":{"loc":{"start":{"line":223,"column":11},"end":{"line":235,"column":null}},"type":"binary-expr","locations":[{"start":{"line":223,"column":11},"end":{"line":223,"column":null}},{"start":{"line":224,"column":12},"end":{"line":235,"column":null}}],"line":223}},"s":{"0":0,"1":0,"2":0,"3":0,"4":0,"5":6,"6":6,"7":13,"8":6,"9":12,"10":6,"11":18,"12":18,"13":18,"14":18,"15":6,"16":17,"17":17,"18":17,"19":17,"20":6,"21":6,"22":6,"23":1,"24":5,"25":4,"26":14,"27":4,"28":13,"29":4,"30":1,"31":6,"32":6,"33":18,"34":6,"35":17,"36":6,"37":6,"38":6,"39":0,"40":6,"41":1,"42":5,"43":0,"44":0},"f":{"0":0,"1":6,"2":6,"3":13,"4":12,"5":18,"6":17,"7":6,"8":14,"9":13,"10":6,"11":18,"12":17,"13":0,"14":0,"15":0},"b":{"0":[0,0],"1":[0,0,0],"2":[0,0],"3":[6],"4":[1,5],"5":[4,1],"6":[5,4],"7":[5,1],"8":[1,5],"9":[5,0],"10":[5,0],"11":[6,5]},"meta":{"lastBranch":12,"lastFunction":16,"lastStatement":45,"seen":{"f:41:9:41:27":0,"b:42:2:42:Infinity:undefined:undefined:undefined:undefined":0,"s:42:2:42:Infinity":0,"b:42:6:42:17:42:17:42:29:42:29:42:46":1,"s:42:46:42:Infinity":1,"s:44:16:44:Infinity":2,"s:45:16:45:Infinity":3,"s:47:2:61:Infinity":4,"b:53:8:55:Infinity:57:8:59:Infinity":2,"f:65:16:65:27":1,"b:68:11:68:Infinity":3,"s:72:8:114:Infinity":5,"f:72:28:72:34":2,"s:74:23:74:Infinity":6,"f:74:38:74:39":3,"s:74:48:74:65":7,"s:75:23:75:Infinity":8,"f:75:38:75:39":4,"s:75:48:75:65":9,"s:79:40:93:Infinity":10,"f:80:6:80:7":5,"s:81:30:81:Infinity":11,"s:82:8:88:Infinity":12,"s:89:8:89:Infinity":13,"s:90:8:90:Infinity":14,"s:97:40:111:Infinity":15,"f:98:6:98:7":6,"s:99:30:99:Infinity":16,"s:100:8:106:Infinity":17,"s:107:8:107:Infinity":18,"s:108:8:108:Infinity":19,"s:113:4:113:Infinity":20,"s:116:8:124:Infinity":21,"f:116:37:116:43":7,"b:117:4:117:Infinity:undefined:undefined:undefined:undefined":4,"s:117:4:117:Infinity":22,"s:117:18:117:Infinity":23,"b:118:4:122:Infinity:undefined:undefined:undefined:undefined":5,"s:118:4:122:Infinity":24,"b:118:8:118:27:118:27:118:44":6,"s:119:25:119:Infinity":25,"f:119:46:119:47":8,"s:119:53:119:60":26,"s:120:24:120:Infinity":27,"f:120:45:120:46":9,"s:120:52:120:59":28,"s:121:6:121:Infinity":29,"s:123:4:123:Infinity":30,"s:126:8:140:Infinity":31,"f:126:24:126:30":10,"s:127:27:127:Infinity":32,"f:127:39:127:40":11,"s:127:51:127:66":33,"s:128:27:128:Infinity":34,"f:128:39:128:40":12,"s:128:51:128:66":35,"s:130:6:132:Infinity":36,"b:130:40:131:Infinity:132:10:132:Infinity":7,"s:134:4:139:Infinity":37,"s:143:8:145:Infinity":38,"f:143:36:143:37":13,"s:144:4:144:Infinity":39,"b:147:2:153:Infinity:undefined:undefined:undefined:undefined":8,"s:147:2:153:Infinity":40,"s:148:4:151:Infinity":41,"s:155:2:257:Infinity":42,"b:179:16:179:Infinity:180:16:180:Infinity":9,"b:183:31:183:37:183:37:183:41":10,"f:208:27:208:28":14,"s:208:28:208:Infinity":43,"f:217:27:217:28":15,"s:217:28:217:Infinity":44,"b:223:11:223:Infinity:224:12:235:Infinity":11}}}
,"C:\\Users\\winx1\\Documents\\vs_code_projects\\trading-hub-pro\\src\\components\\charts\\RSIChart.tsx": {"path":"C:\\Users\\winx1\\Documents\\vs_code_projects\\trading-hub-pro\\src\\components\\charts\\RSIChart.tsx","statementMap":{"0":{"start":{"line":31,"column":2},"end":{"line":31,"column":null}},"1":{"start":{"line":31,"column":32},"end":{"line":31,"column":null}},"2":{"start":{"line":32,"column":2},"end":{"line":32,"column":null}},"3":{"start":{"line":32,"column":30},"end":{"line":32,"column":null}},"4":{"start":{"line":33,"column":2},"end":{"line":33,"column":null}},"5":{"start":{"line":37,"column":2},"end":{"line":37,"column":null}},"6":{"start":{"line":37,"column":32},"end":{"line":37,"column":null}},"7":{"start":{"line":38,"column":2},"end":{"line":38,"column":null}},"8":{"start":{"line":38,"column":30},"end":{"line":38,"column":null}},"9":{"start":{"line":39,"column":2},"end":{"line":39,"column":null}},"10":{"start":{"line":51,"column":2},"end":{"line":51,"column":null}},"11":{"start":{"line":51,"column":46},"end":{"line":51,"column":null}},"12":{"start":{"line":53,"column":16},"end":{"line":53,"column":null}},"13":{"start":{"line":54,"column":16},"end":{"line":54,"column":null}},"14":{"start":{"line":55,"column":16},"end":{"line":55,"column":null}},"15":{"start":{"line":57,"column":2},"end":{"line":73,"column":null}},"16":{"start":{"line":84,"column":8},"end":{"line":89,"column":null}},"17":{"start":{"line":85,"column":4},"end":{"line":88,"column":null}},"18":{"start":{"line":85,"column":32},"end":{"line":88,"column":6}},"19":{"start":{"line":91,"column":20},"end":{"line":91,"column":null}},"20":{"start":{"line":94,"column":8},"end":{"line":96,"column":null}},"21":{"start":{"line":95,"column":4},"end":{"line":95,"column":null}},"22":{"start":{"line":98,"column":2},"end":{"line":104,"column":null}},"23":{"start":{"line":99,"column":4},"end":{"line":102,"column":null}},"24":{"start":{"line":106,"column":22},"end":{"line":106,"column":null}},"25":{"start":{"line":108,"column":2},"end":{"line":205,"column":null}}},"fnMap":{"0":{"name":"getRSIColor","decl":{"start":{"line":30,"column":9},"end":{"line":30,"column":21}},"loc":{"start":{"line":30,"column":84},"end":{"line":34,"column":null}},"line":30},"1":{"name":"getRSILabel","decl":{"start":{"line":36,"column":9},"end":{"line":36,"column":21}},"loc":{"start":{"line":36,"column":84},"end":{"line":40,"column":null}},"line":36},"2":{"name":"RSIChartTooltip","decl":{"start":{"line":50,"column":9},"end":{"line":50,"column":25}},"loc":{"start":{"line":50,"column":95},"end":{"line":75,"column":null}},"line":50},"3":{"name":"RSIChart","decl":{"start":{"line":77,"column":16},"end":{"line":77,"column":25}},"loc":{"start":{"line":83,"column":18},"end":{"line":207,"column":null}},"line":83},"4":{"name":"(anonymous_4)","decl":{"start":{"line":84,"column":28},"end":{"line":84,"column":34}},"loc":{"start":{"line":84,"column":34},"end":{"line":89,"column":5}},"line":84},"5":{"name":"(anonymous_5)","decl":{"start":{"line":85,"column":20},"end":{"line":85,"column":21}},"loc":{"start":{"line":85,"column":32},"end":{"line":88,"column":6}},"line":85},"6":{"name":"(anonymous_6)","decl":{"start":{"line":94,"column":36},"end":{"line":94,"column":37}},"loc":{"start":{"line":94,"column":136},"end":{"line":96,"column":5}},"line":94}},"branchMap":{"0":{"loc":{"start":{"line":31,"column":2},"end":{"line":31,"column":null}},"type":"if","locations":[{"start":{"line":31,"column":2},"end":{"line":31,"column":null}},{"start":{},"end":{}}],"line":31},"1":{"loc":{"start":{"line":32,"column":2},"end":{"line":32,"column":null}},"type":"if","locations":[{"start":{"line":32,"column":2},"end":{"line":32,"column":null}},{"start":{},"end":{}}],"line":32},"2":{"loc":{"start":{"line":37,"column":2},"end":{"line":37,"column":null}},"type":"if","locations":[{"start":{"line":37,"column":2},"end":{"line":37,"column":null}},{"start":{},"end":{}}],"line":37},"3":{"loc":{"start":{"line":38,"column":2},"end":{"line":38,"column":null}},"type":"if","locations":[{"start":{"line":38,"column":2},"end":{"line":38,"column":null}},{"start":{},"end":{}}],"line":38},"4":{"loc":{"start":{"line":51,"column":2},"end":{"line":51,"column":null}},"type":"if","locations":[{"start":{"line":51,"column":2},"end":{"line":51,"column":null}},{"start":{},"end":{}}],"line":51},"5":{"loc":{"start":{"line":51,"column":6},"end":{"line":51,"column":46}},"type":"binary-expr","locations":[{"start":{"line":51,"column":6},"end":{"line":51,"column":17}},{"start":{"line":51,"column":17},"end":{"line":51,"column":29}},{"start":{"line":51,"column":29},"end":{"line":51,"column":46}}],"line":51},"6":{"loc":{"start":{"line":79,"column":2},"end":{"line":79,"column":null}},"type":"default-arg","locations":[{"start":{"line":79,"column":11},"end":{"line":79,"column":null}}],"line":79},"7":{"loc":{"start":{"line":80,"column":2},"end":{"line":80,"column":null}},"type":"default-arg","locations":[{"start":{"line":80,"column":20},"end":{"line":80,"column":null}}],"line":80},"8":{"loc":{"start":{"line":81,"column":2},"end":{"line":81,"column":null}},"type":"default-arg","locations":[{"start":{"line":81,"column":18},"end":{"line":81,"column":null}}],"line":81},"9":{"loc":{"start":{"line":91,"column":20},"end":{"line":91,"column":null}},"type":"cond-expr","locations":[{"start":{"line":91,"column":38},"end":{"line":91,"column":62}},{"start":{"line":91,"column":62},"end":{"line":91,"column":null}}],"line":91},"10":{"loc":{"start":{"line":98,"column":2},"end":{"line":104,"column":null}},"type":"if","locations":[{"start":{"line":98,"column":2},"end":{"line":104,"column":null}},{"start":{},"end":{}}],"line":98},"11":{"loc":{"start":{"line":106,"column":22},"end":{"line":106,"column":null}},"type":"cond-expr","locations":[{"start":{"line":106,"column":34},"end":{"line":106,"column":97}},{"start":{"line":106,"column":97},"end":{"line":106,"column":null}}],"line":106},"12":{"loc":{"start":{"line":111,"column":7},"end":{"line":122,"column":null}},"type":"binary-expr","locations":[{"start":{"line":111,"column":7},"end":{"line":111,"column":null}},{"start":{"line":112,"column":8},"end":{"line":122,"column":null}}],"line":111}},"s":{"0":52,"1":16,"2":36,"3":2,"4":34,"5":24,"6":0,"7":24,"8":0,"9":24,"10":24,"11":0,"12":24,"13":24,"14":24,"15":24,"16":33,"17":33,"18":198,"19":33,"20":33,"21":24,"22":33,"23":5,"24":28,"25":33},"f":{"0":52,"1":24,"2":24,"3":33,"4":33,"5":198,"6":24},"b":{"0":[16,36],"1":[2,34],"2":[0,24],"3":[0,24],"4":[0,24],"5":[24,24,24],"6":[33],"7":[33],"8":[33],"9":[28,5],"10":[5,28],"11":[28,0],"12":[33,28]},"meta":{"lastBranch":13,"lastFunction":7,"lastStatement":26,"seen":{"f:30:9:30:21":0,"b:31:2:31:Infinity:undefined:undefined:undefined:undefined":0,"s:31:2:31:Infinity":0,"s:31:32:31:Infinity":1,"b:32:2:32:Infinity:undefined:undefined:undefined:undefined":1,"s:32:2:32:Infinity":2,"s:32:30:32:Infinity":3,"s:33:2:33:Infinity":4,"f:36:9:36:21":1,"b:37:2:37:Infinity:undefined:undefined:undefined:undefined":2,"s:37:2:37:Infinity":5,"s:37:32:37:Infinity":6,"b:38:2:38:Infinity:undefined:undefined:undefined:undefined":3,"s:38:2:38:Infinity":7,"s:38:30:38:Infinity":8,"s:39:2:39:Infinity":9,"f:50:9:50:25":2,"b:51:2:51:Infinity:undefined:undefined:undefined:undefined":4,"s:51:2:51:Infinity":10,"b:51:6:51:17:51:17:51:29:51:29:51:46":5,"s:51:46:51:Infinity":11,"s:53:16:53:Infinity":12,"s:54:16:54:Infinity":13,"s:55:16:55:Infinity":14,"s:57:2:73:Infinity":15,"f:77:16:77:25":3,"b:79:11:79:Infinity":6,"b:80:20:80:Infinity":7,"b:81:18:81:Infinity":8,"s:84:8:89:Infinity":16,"f:84:28:84:34":4,"s:85:4:88:Infinity":17,"f:85:20:85:21":5,"s:85:32:88:6":18,"s:91:20:91:Infinity":19,"b:91:38:91:62:91:62:91:Infinity":9,"s:94:8:96:Infinity":20,"f:94:36:94:37":6,"s:95:4:95:Infinity":21,"b:98:2:104:Infinity:undefined:undefined:undefined:undefined":10,"s:98:2:104:Infinity":22,"s:99:4:102:Infinity":23,"s:106:22:106:Infinity":24,"b:106:34:106:97:106:97:106:Infinity":11,"s:108:2:205:Infinity":25,"b:111:7:111:Infinity:112:8:122:Infinity":12}}}
,"C:\\Users\\winx1\\Documents\\vs_code_projects\\trading-hub-pro\\src\\components\\charts\\Sparkline.tsx": {"path":"C:\\Users\\winx1\\Documents\\vs_code_projects\\trading-hub-pro\\src\\components\\charts\\Sparkline.tsx","statementMap":{"0":{"start":{"line":34,"column":8},"end":{"line":36,"column":null}},"1":{"start":{"line":35,"column":4},"end":{"line":35,"column":null}},"2":{"start":{"line":35,"column":39},"end":{"line":35,"column":56}},"3":{"start":{"line":38,"column":42},"end":{"line":76,"column":null}},"4":{"start":{"line":39,"column":4},"end":{"line":41,"column":null}},"5":{"start":{"line":40,"column":6},"end":{"line":40,"column":null}},"6":{"start":{"line":43,"column":23},"end":{"line":43,"column":null}},"7":{"start":{"line":44,"column":22},"end":{"line":44,"column":null}},"8":{"start":{"line":45,"column":10},"end":{"line":45,"column":null}},"9":{"start":{"line":47,"column":4},"end":{"line":61,"column":null}},"10":{"start":{"line":48,"column":6},"end":{"line":60,"column":null}},"11":{"start":{"line":49,"column":8},"end":{"line":53,"column":null}},"12":{"start":{"line":54,"column":6},"end":{"line":60,"column":null}},"13":{"start":{"line":55,"column":8},"end":{"line":59,"column":null}},"14":{"start":{"line":63,"column":21},"end":{"line":69,"column":null}},"15":{"start":{"line":71,"column":4},"end":{"line":75,"column":null}},"16":{"start":{"line":79,"column":2},"end":{"line":79,"column":null}},"17":{"start":{"line":80,"column":2},"end":{"line":80,"column":null}},"18":{"start":{"line":83,"column":8},"end":{"line":83,"column":null}},"19":{"start":{"line":84,"column":21},"end":{"line":84,"column":null}},"20":{"start":{"line":86,"column":2},"end":{"line":95,"column":null}},"21":{"start":{"line":87,"column":4},"end":{"line":93,"column":null}},"22":{"start":{"line":97,"column":2},"end":{"line":132,"column":null}},"23":{"start":{"line":159,"column":18},"end":{"line":159,"column":null}},"24":{"start":{"line":161,"column":16},"end":{"line":161,"column":null}},"25":{"start":{"line":162,"column":2},"end":{"line":174,"column":null}},"26":{"start":{"line":163,"column":4},"end":{"line":172,"column":null}},"27":{"start":{"line":177,"column":8},"end":{"line":177,"column":null}},"28":{"start":{"line":178,"column":18},"end":{"line":178,"column":null}},"29":{"start":{"line":179,"column":22},"end":{"line":179,"column":null}},"30":{"start":{"line":180,"column":8},"end":{"line":180,"column":null}},"31":{"start":{"line":182,"column":2},"end":{"line":219,"column":null}},"32":{"start":{"line":240,"column":17},"end":{"line":240,"column":null}},"33":{"start":{"line":241,"column":24},"end":{"line":241,"column":null}},"34":{"start":{"line":242,"column":21},"end":{"line":242,"column":null}},"35":{"start":{"line":244,"column":2},"end":{"line":259,"column":null}}},"fnMap":{"0":{"name":"Sparkline","decl":{"start":{"line":25,"column":16},"end":{"line":25,"column":26}},"loc":{"start":{"line":33,"column":19},"end":{"line":134,"column":null}},"line":33},"1":{"name":"(anonymous_1)","decl":{"start":{"line":34,"column":28},"end":{"line":34,"column":34}},"loc":{"start":{"line":34,"column":34},"end":{"line":36,"column":5}},"line":34},"2":{"name":"(anonymous_2)","decl":{"start":{"line":35,"column":20},"end":{"line":35,"column":21}},"loc":{"start":{"line":35,"column":39},"end":{"line":35,"column":56}},"line":35},"3":{"name":"(anonymous_3)","decl":{"start":{"line":38,"column":54},"end":{"line":38,"column":60}},"loc":{"start":{"line":38,"column":60},"end":{"line":76,"column":5}},"line":38},"4":{"name":"MiniCandle","decl":{"start":{"line":150,"column":16},"end":{"line":150,"column":27}},"loc":{"start":{"line":158,"column":20},"end":{"line":221,"column":null}},"line":158},"5":{"name":"PriceChange","decl":{"start":{"line":234,"column":16},"end":{"line":234,"column":28}},"loc":{"start":{"line":239,"column":21},"end":{"line":261,"column":null}},"line":239}},"branchMap":{"0":{"loc":{"start":{"line":27,"column":2},"end":{"line":27,"column":null}},"type":"default-arg","locations":[{"start":{"line":27,"column":10},"end":{"line":27,"column":null}}],"line":27},"1":{"loc":{"start":{"line":28,"column":2},"end":{"line":28,"column":null}},"type":"default-arg","locations":[{"start":{"line":28,"column":11},"end":{"line":28,"column":null}}],"line":28},"2":{"loc":{"start":{"line":29,"column":2},"end":{"line":29,"column":null}},"type":"default-arg","locations":[{"start":{"line":29,"column":10},"end":{"line":29,"column":null}}],"line":29},"3":{"loc":{"start":{"line":30,"column":2},"end":{"line":30,"column":null}},"type":"default-arg","locations":[{"start":{"line":30,"column":16},"end":{"line":30,"column":null}}],"line":30},"4":{"loc":{"start":{"line":31,"column":2},"end":{"line":31,"column":null}},"type":"default-arg","locations":[{"start":{"line":31,"column":13},"end":{"line":31,"column":null}}],"line":31},"5":{"loc":{"start":{"line":39,"column":4},"end":{"line":41,"column":null}},"type":"if","locations":[{"start":{"line":39,"column":4},"end":{"line":41,"column":null}},{"start":{},"end":{}}],"line":39},"6":{"loc":{"start":{"line":47,"column":4},"end":{"line":61,"column":null}},"type":"if","locations":[{"start":{"line":47,"column":4},"end":{"line":61,"column":null}},{"start":{},"end":{}}],"line":47},"7":{"loc":{"start":{"line":48,"column":6},"end":{"line":60,"column":null}},"type":"if","locations":[{"start":{"line":48,"column":6},"end":{"line":60,"column":null}},{"start":{"line":54,"column":6},"end":{"line":60,"column":null}}],"line":48},"8":{"loc":{"start":{"line":54,"column":6},"end":{"line":60,"column":null}},"type":"if","locations":[{"start":{"line":54,"column":6},"end":{"line":60,"column":null}},{"start":{},"end":{}}],"line":54},"9":{"loc":{"start":{"line":86,"column":2},"end":{"line":95,"column":null}},"type":"if","locations":[{"start":{"line":86,"column":2},"end":{"line":95,"column":null}},{"start":{},"end":{}}],"line":86},"10":{"loc":{"start":{"line":90,"column":24},"end":{"line":90,"column":71}},"type":"cond-expr","locations":[{"start":{"line":90,"column":52},"end":{"line":90,"column":60}},{"start":{"line":90,"column":60},"end":{"line":90,"column":71}}],"line":90},"11":{"loc":{"start":{"line":110,"column":11},"end":{"line":119,"column":null}},"type":"binary-expr","locations":[{"start":{"line":110,"column":11},"end":{"line":110,"column":null}},{"start":{"line":111,"column":12},"end":{"line":119,"column":null}}],"line":110},"12":{"loc":{"start":{"line":155,"column":2},"end":{"line":155,"column":null}},"type":"default-arg","locations":[{"start":{"line":155,"column":10},"end":{"line":155,"column":null}}],"line":155},"13":{"loc":{"start":{"line":156,"column":2},"end":{"line":156,"column":null}},"type":"default-arg","locations":[{"start":{"line":156,"column":11},"end":{"line":156,"column":null}}],"line":156},"14":{"loc":{"start":{"line":162,"column":2},"end":{"line":174,"column":null}},"type":"if","locations":[{"start":{"line":162,"column":2},"end":{"line":174,"column":null}},{"start":{},"end":{}}],"line":162},"15":{"loc":{"start":{"line":170,"column":36},"end":{"line":170,"column":68}},"type":"cond-expr","locations":[{"start":{"line":170,"column":46},"end":{"line":170,"column":58}},{"start":{"line":170,"column":58},"end":{"line":170,"column":68}}],"line":170},"16":{"loc":{"start":{"line":194,"column":27},"end":{"line":194,"column":null}},"type":"cond-expr","locations":[{"start":{"line":194,"column":37},"end":{"line":194,"column":49}},{"start":{"line":194,"column":49},"end":{"line":194,"column":null}}],"line":194},"17":{"loc":{"start":{"line":205,"column":27},"end":{"line":205,"column":null}},"type":"cond-expr","locations":[{"start":{"line":205,"column":37},"end":{"line":205,"column":49}},{"start":{"line":205,"column":49},"end":{"line":205,"column":null}}],"line":205},"18":{"loc":{"start":{"line":216,"column":27},"end":{"line":216,"column":null}},"type":"cond-expr","locations":[{"start":{"line":216,"column":37},"end":{"line":216,"column":49}},{"start":{"line":216,"column":49},"end":{"line":216,"column":null}}],"line":216},"19":{"loc":{"start":{"line":237,"column":2},"end":{"line":237,"column":null}},"type":"default-arg","locations":[{"start":{"line":237,"column":19},"end":{"line":237,"column":null}}],"line":237},"20":{"loc":{"start":{"line":241,"column":24},"end":{"line":241,"column":null}},"type":"cond-expr","locations":[{"start":{"line":241,"column":42},"end":{"line":241,"column":69}},{"start":{"line":241,"column":69},"end":{"line":241,"column":null}}],"line":241},"21":{"loc":{"start":{"line":248,"column":8},"end":{"line":248,"column":null}},"type":"cond-expr","locations":[{"start":{"line":248,"column":21},"end":{"line":248,"column":40}},{"start":{"line":248,"column":40},"end":{"line":248,"column":null}}],"line":248},"22":{"loc":{"start":{"line":252,"column":33},"end":{"line":252,"column":56}},"type":"cond-expr","locations":[{"start":{"line":252,"column":46},"end":{"line":252,"column":52}},{"start":{"line":252,"column":52},"end":{"line":252,"column":56}}],"line":252},"23":{"loc":{"start":{"line":254,"column":7},"end":{"line":257,"column":null}},"type":"binary-expr","locations":[{"start":{"line":254,"column":7},"end":{"line":254,"column":null}},{"start":{"line":255,"column":8},"end":{"line":257,"column":null}}],"line":254},"24":{"loc":{"start":{"line":256,"column":12},"end":{"line":256,"column":35}},"type":"cond-expr","locations":[{"start":{"line":256,"column":25},"end":{"line":256,"column":31}},{"start":{"line":256,"column":31},"end":{"line":256,"column":35}}],"line":256}},"s":{"0":10,"1":9,"2":81,"3":10,"4":9,"5":1,"6":8,"7":8,"8":8,"9":8,"10":7,"11":6,"12":1,"13":1,"14":1,"15":1,"16":10,"17":10,"18":10,"19":10,"20":10,"21":1,"22":9,"23":4,"24":4,"25":4,"26":1,"27":3,"28":3,"29":3,"30":3,"31":3,"32":4,"33":4,"34":4,"35":4},"f":{"0":10,"1":9,"2":81,"3":9,"4":4,"5":4},"b":{"0":[10],"1":[10],"2":[10],"3":[10],"4":[10],"5":[1,8],"6":[7,1],"7":[6,1],"8":[1,0],"9":[1,9],"10":[0,1],"11":[9,0],"12":[4],"13":[4],"14":[1,3],"15":[1,0],"16":[2,1],"17":[2,1],"18":[2,1],"19":[4],"20":[3,1],"21":[3,1],"22":[3,1],"23":[4,3],"24":[2,1]},"meta":{"lastBranch":25,"lastFunction":6,"lastStatement":36,"seen":{"f:25:16:25:26":0,"b:27:10:27:Infinity":0,"b:28:11:28:Infinity":1,"b:29:10:29:Infinity":2,"b:30:16:30:Infinity":3,"b:31:13:31:Infinity":4,"s:34:8:36:Infinity":0,"f:34:28:34:34":1,"s:35:4:35:Infinity":1,"f:35:20:35:21":2,"s:35:39:35:56":2,"s:38:42:76:Infinity":3,"f:38:54:38:60":3,"b:39:4:41:Infinity:undefined:undefined:undefined:undefined":5,"s:39:4:41:Infinity":4,"s:40:6:40:Infinity":5,"s:43:23:43:Infinity":6,"s:44:22:44:Infinity":7,"s:45:10:45:Infinity":8,"b:47:4:61:Infinity:undefined:undefined:undefined:undefined":6,"s:47:4:61:Infinity":9,"b:48:6:60:Infinity:54:6:60:Infinity":7,"s:48:6:60:Infinity":10,"s:49:8:53:Infinity":11,"b:54:6:60:Infinity:undefined:undefined:undefined:undefined":8,"s:54:6:60:Infinity":12,"s:55:8:59:Infinity":13,"s:63:21:69:Infinity":14,"s:71:4:75:Infinity":15,"s:79:2:79:Infinity":16,"s:80:2:80:Infinity":17,"s:83:8:83:Infinity":18,"s:84:21:84:Infinity":19,"b:86:2:95:Infinity:undefined:undefined:undefined:undefined":9,"s:86:2:95:Infinity":20,"s:87:4:93:Infinity":21,"b:90:52:90:60:90:60:90:71":10,"s:97:2:132:Infinity":22,"b:110:11:110:Infinity:111:12:119:Infinity":11,"f:150:16:150:27":4,"b:155:10:155:Infinity":12,"b:156:11:156:Infinity":13,"s:159:18:159:Infinity":23,"s:161:16:161:Infinity":24,"b:162:2:174:Infinity:undefined:undefined:undefined:undefined":14,"s:162:2:174:Infinity":25,"s:163:4:172:Infinity":26,"b:170:46:170:58:170:58:170:68":15,"s:177:8:177:Infinity":27,"s:178:18:178:Infinity":28,"s:179:22:179:Infinity":29,"s:180:8:180:Infinity":30,"s:182:2:219:Infinity":31,"b:194:37:194:49:194:49:194:Infinity":16,"b:205:37:205:49:205:49:205:Infinity":17,"b:216:37:216:49:216:49:216:Infinity":18,"f:234:16:234:28":5,"b:237:19:237:Infinity":19,"s:240:17:240:Infinity":32,"s:241:24:241:Infinity":33,"b:241:42:241:69:241:69:241:Infinity":20,"s:242:21:242:Infinity":34,"s:244:2:259:Infinity":35,"b:248:21:248:40:248:40:248:Infinity":21,"b:252:46:252:52:252:52:252:56":22,"b:254:7:254:Infinity:255:8:257:Infinity":23,"b:256:25:256:31:256:31:256:35":24}}}
,"C:\\Users\\winx1\\Documents\\vs_code_projects\\trading-hub-pro\\src\\components\\ui\\Badge.tsx": {"path":"C:\\Users\\winx1\\Documents\\vs_code_projects\\trading-hub-pro\\src\\components\\ui\\Badge.tsx","statementMap":{"0":{"start":{"line":20,"column":53},"end":{"line":27,"column":null}},"1":{"start":{"line":29,"column":47},"end":{"line":33,"column":null}},"2":{"start":{"line":35,"column":13},"end":{"line":89,"column":null}},"3":{"start":{"line":48,"column":4},"end":{"line":86,"column":null}},"4":{"start":{"line":91,"column":0},"end":{"line":91,"column":null}},"5":{"start":{"line":103,"column":6},"end":{"line":110,"column":null}},"6":{"start":{"line":112,"column":17},"end":{"line":112,"column":null}},"7":{"start":{"line":114,"column":2},"end":{"line":117,"column":null}},"8":{"start":{"line":132,"column":6},"end":{"line":136,"column":null}},"9":{"start":{"line":138,"column":17},"end":{"line":138,"column":null}},"10":{"start":{"line":140,"column":2},"end":{"line":144,"column":null}}},"fnMap":{"0":{"name":"(anonymous_0)","decl":{"start":{"line":36,"column":2},"end":{"line":36,"column":null}},"loc":{"start":{"line":47,"column":7},"end":{"line":88,"column":null}},"line":47},"1":{"name":"StatusBadge","decl":{"start":{"line":99,"column":16},"end":{"line":99,"column":28}},"loc":{"start":{"line":99,"column":71},"end":{"line":119,"column":null}},"line":99},"2":{"name":"SignalBadge","decl":{"start":{"line":128,"column":16},"end":{"line":128,"column":28}},"loc":{"start":{"line":128,"column":84},"end":{"line":146,"column":null}},"line":128}},"branchMap":{"0":{"loc":{"start":{"line":39,"column":6},"end":{"line":39,"column":null}},"type":"default-arg","locations":[{"start":{"line":39,"column":16},"end":{"line":39,"column":null}}],"line":39},"1":{"loc":{"start":{"line":40,"column":6},"end":{"line":40,"column":null}},"type":"default-arg","locations":[{"start":{"line":40,"column":13},"end":{"line":40,"column":null}}],"line":40},"2":{"loc":{"start":{"line":41,"column":6},"end":{"line":41,"column":null}},"type":"default-arg","locations":[{"start":{"line":41,"column":12},"end":{"line":41,"column":null}}],"line":41},"3":{"loc":{"start":{"line":42,"column":6},"end":{"line":42,"column":null}},"type":"default-arg","locations":[{"start":{"line":42,"column":14},"end":{"line":42,"column":null}}],"line":42},"4":{"loc":{"start":{"line":59,"column":9},"end":{"line":83,"column":null}},"type":"binary-expr","locations":[{"start":{"line":59,"column":9},"end":{"line":59,"column":null}},{"start":{"line":60,"column":10},"end":{"line":83,"column":null}}],"line":59},"5":{"loc":{"start":{"line":61,"column":13},"end":{"line":71,"column":null}},"type":"binary-expr","locations":[{"start":{"line":61,"column":13},"end":{"line":61,"column":null}},{"start":{"line":62,"column":14},"end":{"line":71,"column":null}}],"line":61},"6":{"loc":{"start":{"line":65,"column":18},"end":{"line":65,"column":null}},"type":"binary-expr","locations":[{"start":{"line":65,"column":18},"end":{"line":65,"column":43}},{"start":{"line":65,"column":43},"end":{"line":65,"column":null}}],"line":65},"7":{"loc":{"start":{"line":66,"column":18},"end":{"line":66,"column":null}},"type":"binary-expr","locations":[{"start":{"line":66,"column":18},"end":{"line":66,"column":43}},{"start":{"line":66,"column":43},"end":{"line":66,"column":null}}],"line":66},"8":{"loc":{"start":{"line":67,"column":18},"end":{"line":67,"column":null}},"type":"binary-expr","locations":[{"start":{"line":67,"column":18},"end":{"line":67,"column":42}},{"start":{"line":67,"column":42},"end":{"line":67,"column":null}}],"line":67},"9":{"loc":{"start":{"line":68,"column":18},"end":{"line":68,"column":null}},"type":"binary-expr","locations":[{"start":{"line":68,"column":18},"end":{"line":68,"column":40}},{"start":{"line":68,"column":40},"end":{"line":68,"column":null}}],"line":68},"10":{"loc":{"start":{"line":68,"column":40},"end":{"line":69,"column":null}},"type":"binary-expr","locations":[{"start":{"line":69,"column":19},"end":{"line":69,"column":44}},{"start":{"line":69,"column":44},"end":{"line":69,"column":70}},{"start":{"line":69,"column":70},"end":{"line":69,"column":null}}],"line":68},"11":{"loc":{"start":{"line":76,"column":16},"end":{"line":76,"column":null}},"type":"binary-expr","locations":[{"start":{"line":76,"column":16},"end":{"line":76,"column":41}},{"start":{"line":76,"column":41},"end":{"line":76,"column":null}}],"line":76},"12":{"loc":{"start":{"line":77,"column":16},"end":{"line":77,"column":null}},"type":"binary-expr","locations":[{"start":{"line":77,"column":16},"end":{"line":77,"column":41}},{"start":{"line":77,"column":41},"end":{"line":77,"column":null}}],"line":77},"13":{"loc":{"start":{"line":78,"column":16},"end":{"line":78,"column":null}},"type":"binary-expr","locations":[{"start":{"line":78,"column":16},"end":{"line":78,"column":40}},{"start":{"line":78,"column":40},"end":{"line":78,"column":null}}],"line":78},"14":{"loc":{"start":{"line":79,"column":16},"end":{"line":79,"column":null}},"type":"binary-expr","locations":[{"start":{"line":79,"column":16},"end":{"line":79,"column":38}},{"start":{"line":79,"column":38},"end":{"line":79,"column":null}}],"line":79},"15":{"loc":{"start":{"line":79,"column":38},"end":{"line":80,"column":null}},"type":"binary-expr","locations":[{"start":{"line":80,"column":17},"end":{"line":80,"column":42}},{"start":{"line":80,"column":42},"end":{"line":80,"column":68}},{"start":{"line":80,"column":68},"end":{"line":80,"column":null}}],"line":79},"16":{"loc":{"start":{"line":99,"column":38},"end":{"line":99,"column":50}},"type":"default-arg","locations":[{"start":{"line":99,"column":45},"end":{"line":99,"column":50}}],"line":99},"17":{"loc":{"start":{"line":128,"column":51},"end":{"line":128,"column":63}},"type":"default-arg","locations":[{"start":{"line":128,"column":58},"end":{"line":128,"column":63}}],"line":128},"18":{"loc":{"start":{"line":143,"column":7},"end":{"line":143,"column":null}},"type":"binary-expr","locations":[{"start":{"line":143,"column":7},"end":{"line":143,"column":19}},{"start":{"line":143,"column":19},"end":{"line":143,"column":null}}],"line":143}},"s":{"0":7,"1":7,"2":7,"3":919,"4":7,"5":8,"6":8,"7":8,"8":6,"9":6,"10":6},"f":{"0":919,"1":8,"2":6},"b":{"0":[919],"1":[919],"2":[919],"3":[919],"4":[919,10],"5":[10,5],"6":[5,0],"7":[5,1],"8":[5,0],"9":[5,3],"10":[5,4,1],"11":[10,1],"12":[10,1],"13":[10,1],"14":[10,4],"15":[10,7,3],"16":[8],"17":[6],"18":[6,1]},"meta":{"lastBranch":19,"lastFunction":3,"lastStatement":11,"seen":{"s:20:53:27:Infinity":0,"s:29:47:33:Infinity":1,"s:35:13:89:Infinity":2,"f:36:2:36:Infinity":0,"b:39:16:39:Infinity":0,"b:40:13:40:Infinity":1,"b:41:12:41:Infinity":2,"b:42:14:42:Infinity":3,"s:48:4:86:Infinity":3,"b:59:9:59:Infinity:60:10:83:Infinity":4,"b:61:13:61:Infinity:62:14:71:Infinity":5,"b:65:18:65:43:65:43:65:Infinity":6,"b:66:18:66:43:66:43:66:Infinity":7,"b:67:18:67:42:67:42:67:Infinity":8,"b:68:18:68:40:68:40:68:Infinity":9,"b:69:19:69:44:69:44:69:70:69:70:69:Infinity":10,"b:76:16:76:41:76:41:76:Infinity":11,"b:77:16:77:41:77:41:77:Infinity":12,"b:78:16:78:40:78:40:78:Infinity":13,"b:79:16:79:38:79:38:79:Infinity":14,"b:80:17:80:42:80:42:80:68:80:68:80:Infinity":15,"s:91:0:91:Infinity":4,"f:99:16:99:28":1,"b:99:45:99:50":16,"s:103:6:110:Infinity":5,"s:112:17:112:Infinity":6,"s:114:2:117:Infinity":7,"f:128:16:128:28":2,"b:128:58:128:63":17,"s:132:6:136:Infinity":8,"s:138:17:138:Infinity":9,"s:140:2:144:Infinity":10,"b:143:7:143:19:143:19:143:Infinity":18}}}
,"C:\\Users\\winx1\\Documents\\vs_code_projects\\trading-hub-pro\\src\\components\\ui\\Button.tsx": {"path":"C:\\Users\\winx1\\Documents\\vs_code_projects\\trading-hub-pro\\src\\components\\ui\\Button.tsx","statementMap":{"0":{"start":{"line":25,"column":54},"end":{"line":32,"column":null}},"1":{"start":{"line":34,"column":48},"end":{"line":38,"column":null}},"2":{"start":{"line":40,"column":13},"end":{"line":88,"column":null}},"3":{"start":{"line":56,"column":23},"end":{"line":56,"column":null}},"4":{"start":{"line":58,"column":4},"end":{"line":85,"column":null}},"5":{"start":{"line":90,"column":0},"end":{"line":90,"column":null}}},"fnMap":{"0":{"name":"(anonymous_0)","decl":{"start":{"line":41,"column":2},"end":{"line":41,"column":null}},"loc":{"start":{"line":55,"column":7},"end":{"line":87,"column":null}},"line":55}},"branchMap":{"0":{"loc":{"start":{"line":44,"column":6},"end":{"line":44,"column":null}},"type":"default-arg","locations":[{"start":{"line":44,"column":16},"end":{"line":44,"column":null}}],"line":44},"1":{"loc":{"start":{"line":45,"column":6},"end":{"line":45,"column":null}},"type":"default-arg","locations":[{"start":{"line":45,"column":13},"end":{"line":45,"column":null}}],"line":45},"2":{"loc":{"start":{"line":46,"column":6},"end":{"line":46,"column":null}},"type":"default-arg","locations":[{"start":{"line":46,"column":18},"end":{"line":46,"column":null}}],"line":46},"3":{"loc":{"start":{"line":49,"column":6},"end":{"line":49,"column":null}},"type":"default-arg","locations":[{"start":{"line":49,"column":18},"end":{"line":49,"column":null}}],"line":49},"4":{"loc":{"start":{"line":56,"column":23},"end":{"line":56,"column":null}},"type":"binary-expr","locations":[{"start":{"line":56,"column":23},"end":{"line":56,"column":35}},{"start":{"line":56,"column":35},"end":{"line":56,"column":null}}],"line":56},"5":{"loc":{"start":{"line":61,"column":29},"end":{"line":61,"column":51}},"type":"cond-expr","locations":[{"start":{"line":61,"column":42},"end":{"line":61,"column":46}},{"start":{"line":61,"column":46},"end":{"line":61,"column":51}}],"line":61},"6":{"loc":{"start":{"line":62,"column":27},"end":{"line":62,"column":49}},"type":"cond-expr","locations":[{"start":{"line":62,"column":40},"end":{"line":62,"column":44}},{"start":{"line":62,"column":44},"end":{"line":62,"column":49}}],"line":62},"7":{"loc":{"start":{"line":70,"column":10},"end":{"line":70,"column":null}},"type":"binary-expr","locations":[{"start":{"line":70,"column":10},"end":{"line":70,"column":23}},{"start":{"line":70,"column":23},"end":{"line":70,"column":null}}],"line":70},"8":{"loc":{"start":{"line":76,"column":9},"end":{"line":79,"column":null}},"type":"cond-expr","locations":[{"start":{"line":77,"column":10},"end":{"line":77,"column":null}},{"start":{"line":79,"column":10},"end":{"line":79,"column":null}}],"line":76},"9":{"loc":{"start":{"line":79,"column":10},"end":{"line":79,"column":null}},"type":"binary-expr","locations":[{"start":{"line":79,"column":10},"end":{"line":79,"column":22}},{"start":{"line":79,"column":22},"end":{"line":79,"column":null}}],"line":79},"10":{"loc":{"start":{"line":82,"column":9},"end":{"line":83,"column":null}},"type":"binary-expr","locations":[{"start":{"line":82,"column":9},"end":{"line":82,"column":22}},{"start":{"line":82,"column":22},"end":{"line":82,"column":null}},{"start":{"line":83,"column":10},"end":{"line":83,"column":null}}],"line":82}},"s":{"0":10,"1":10,"2":10,"3":1841,"4":1841,"5":10},"f":{"0":1841},"b":{"0":[1841],"1":[1841],"2":[1841],"3":[1841],"4":[1841,1781],"5":[65,1776],"6":[65,1776],"7":[1841,63],"8":[5,1836],"9":[1836,1210],"10":[1841,1,1]},"meta":{"lastBranch":11,"lastFunction":1,"lastStatement":6,"seen":{"s:25:54:32:Infinity":0,"s:34:48:38:Infinity":1,"s:40:13:88:Infinity":2,"f:41:2:41:Infinity":0,"b:44:16:44:Infinity":0,"b:45:13:45:Infinity":1,"b:46:18:46:Infinity":2,"b:49:18:49:Infinity":3,"s:56:23:56:Infinity":3,"b:56:23:56:35:56:35:56:Infinity":4,"s:58:4:85:Infinity":4,"b:61:42:61:46:61:46:61:51":5,"b:62:40:62:44:62:44:62:49":6,"b:70:10:70:23:70:23:70:Infinity":7,"b:77:10:77:Infinity:79:10:79:Infinity":8,"b:79:10:79:22:79:22:79:Infinity":9,"b:82:9:82:22:82:22:82:Infinity:83:10:83:Infinity":10,"s:90:0:90:Infinity":5}}}
,"C:\\Users\\winx1\\Documents\\vs_code_projects\\trading-hub-pro\\src\\components\\ui\\Card.tsx": {"path":"C:\\Users\\winx1\\Documents\\vs_code_projects\\trading-hub-pro\\src\\components\\ui\\Card.tsx","statementMap":{"0":{"start":{"line":18,"column":13},"end":{"line":49,"column":null}},"1":{"start":{"line":20,"column":10},"end":{"line":26,"column":null}},"2":{"start":{"line":28,"column":4},"end":{"line":34,"column":null}},"3":{"start":{"line":29,"column":6},"end":{"line":32,"column":null}},"4":{"start":{"line":36,"column":4},"end":{"line":46,"column":null}},"5":{"start":{"line":51,"column":0},"end":{"line":51,"column":null}},"6":{"start":{"line":60,"column":13},"end":{"line":81,"column":null}},"7":{"start":{"line":62,"column":4},"end":{"line":78,"column":null}},"8":{"start":{"line":83,"column":0},"end":{"line":83,"column":null}},"9":{"start":{"line":86,"column":13},"end":{"line":90,"column":null}},"10":{"start":{"line":88,"column":4},"end":{"line":88,"column":null}},"11":{"start":{"line":92,"column":0},"end":{"line":92,"column":null}},"12":{"start":{"line":95,"column":13},"end":{"line":108,"column":null}},"13":{"start":{"line":97,"column":4},"end":{"line":105,"column":null}},"14":{"start":{"line":110,"column":0},"end":{"line":110,"column":null}}},"fnMap":{"0":{"name":"(anonymous_0)","decl":{"start":{"line":19,"column":2},"end":{"line":19,"column":3}},"loc":{"start":{"line":19,"column":102},"end":{"line":48,"column":null}},"line":19},"1":{"name":"(anonymous_1)","decl":{"start":{"line":61,"column":2},"end":{"line":61,"column":3}},"loc":{"start":{"line":61,"column":71},"end":{"line":80,"column":null}},"line":61},"2":{"name":"(anonymous_2)","decl":{"start":{"line":87,"column":2},"end":{"line":87,"column":3}},"loc":{"start":{"line":87,"column":36},"end":{"line":89,"column":null}},"line":87},"3":{"name":"(anonymous_3)","decl":{"start":{"line":96,"column":2},"end":{"line":96,"column":3}},"loc":{"start":{"line":96,"column":36},"end":{"line":107,"column":null}},"line":96}},"branchMap":{"0":{"loc":{"start":{"line":19,"column":16},"end":{"line":19,"column":37}},"type":"default-arg","locations":[{"start":{"line":19,"column":26},"end":{"line":19,"column":37}}],"line":19},"1":{"loc":{"start":{"line":19,"column":37},"end":{"line":19,"column":56}},"type":"default-arg","locations":[{"start":{"line":19,"column":49},"end":{"line":19,"column":56}}],"line":19},"2":{"loc":{"start":{"line":19,"column":56},"end":{"line":19,"column":72}},"type":"default-arg","locations":[{"start":{"line":19,"column":66},"end":{"line":19,"column":72}}],"line":19},"3":{"loc":{"start":{"line":22,"column":6},"end":{"line":22,"column":null}},"type":"binary-expr","locations":[{"start":{"line":22,"column":6},"end":{"line":22,"column":20}},{"start":{"line":22,"column":20},"end":{"line":22,"column":null}}],"line":22},"4":{"loc":{"start":{"line":23,"column":6},"end":{"line":23,"column":null}},"type":"binary-expr","locations":[{"start":{"line":23,"column":6},"end":{"line":23,"column":32}},{"start":{"line":23,"column":32},"end":{"line":23,"column":null}}],"line":23},"5":{"loc":{"start":{"line":24,"column":6},"end":{"line":24,"column":null}},"type":"binary-expr","locations":[{"start":{"line":24,"column":6},"end":{"line":24,"column":35}},{"start":{"line":24,"column":35},"end":{"line":24,"column":null}}],"line":24},"6":{"loc":{"start":{"line":28,"column":4},"end":{"line":34,"column":null}},"type":"if","locations":[{"start":{"line":28,"column":4},"end":{"line":34,"column":null}},{"start":{},"end":{}}],"line":28},"7":{"loc":{"start":{"line":69,"column":11},"end":{"line":70,"column":null}},"type":"binary-expr","locations":[{"start":{"line":69,"column":11},"end":{"line":69,"column":null}},{"start":{"line":70,"column":12},"end":{"line":70,"column":null}}],"line":69},"8":{"loc":{"start":{"line":72,"column":11},"end":{"line":73,"column":null}},"type":"binary-expr","locations":[{"start":{"line":72,"column":11},"end":{"line":72,"column":null}},{"start":{"line":73,"column":12},"end":{"line":73,"column":null}}],"line":72},"9":{"loc":{"start":{"line":77,"column":9},"end":{"line":77,"column":null}},"type":"binary-expr","locations":[{"start":{"line":77,"column":9},"end":{"line":77,"column":19}},{"start":{"line":77,"column":19},"end":{"line":77,"column":null}}],"line":77}},"s":{"0":10,"1":1259,"2":1259,"3":1,"4":1258,"5":10,"6":10,"7":5,"8":10,"9":10,"10":3,"11":10,"12":10,"13":3,"14":10},"f":{"0":1259,"1":5,"2":3,"3":3},"b":{"0":[1259],"1":[1259],"2":[1259],"3":[1259,1258],"4":[1259,1],"5":[1259,1],"6":[1,1258],"7":[5,4],"8":[5,2],"9":[5,1]},"meta":{"lastBranch":10,"lastFunction":4,"lastStatement":15,"seen":{"s:18:13:49:Infinity":0,"f:19:2:19:3":0,"b:19:26:19:37":0,"b:19:49:19:56":1,"b:19:66:19:72":2,"s:20:10:26:Infinity":1,"b:22:6:22:20:22:20:22:Infinity":3,"b:23:6:23:32:23:32:23:Infinity":4,"b:24:6:24:35:24:35:24:Infinity":5,"b:28:4:34:Infinity:undefined:undefined:undefined:undefined":6,"s:28:4:34:Infinity":2,"s:29:6:32:Infinity":3,"s:36:4:46:Infinity":4,"s:51:0:51:Infinity":5,"s:60:13:81:Infinity":6,"f:61:2:61:3":1,"s:62:4:78:Infinity":7,"b:69:11:69:Infinity:70:12:70:Infinity":7,"b:72:11:72:Infinity:73:12:73:Infinity":8,"b:77:9:77:19:77:19:77:Infinity":9,"s:83:0:83:Infinity":8,"s:86:13:90:Infinity":9,"f:87:2:87:3":2,"s:88:4:88:Infinity":10,"s:92:0:92:Infinity":11,"s:95:13:108:Infinity":12,"f:96:2:96:3":3,"s:97:4:105:Infinity":13,"s:110:0:110:Infinity":14}}}
,"C:\\Users\\winx1\\Documents\\vs_code_projects\\trading-hub-pro\\src\\components\\ui\\ErrorBoundary.tsx": {"path":"C:\\Users\\winx1\\Documents\\vs_code_projects\\trading-hub-pro\\src\\components\\ui\\ErrorBoundary.tsx","statementMap":{"0":{"start":{"line":49,"column":16},"end":{"line":56,"column":null}},"1":{"start":{"line":58,"column":20},"end":{"line":68,"column":null}},"2":{"start":{"line":70,"column":17},"end":{"line":72,"column":null}},"3":{"start":{"line":28,"column":4},"end":{"line":28,"column":null}},"4":{"start":{"line":29,"column":4},"end":{"line":34,"column":null}},"5":{"start":{"line":38,"column":4},"end":{"line":38,"column":null}},"6":{"start":{"line":42,"column":4},"end":{"line":42,"column":null}},"7":{"start":{"line":43,"column":4},"end":{"line":43,"column":null}},"8":{"start":{"line":46,"column":4},"end":{"line":46,"column":null}},"9":{"start":{"line":50,"column":4},"end":{"line":55,"column":null}},"10":{"start":{"line":59,"column":22},"end":{"line":63,"column":null}},"11":{"start":{"line":65,"column":4},"end":{"line":65,"column":null}},"12":{"start":{"line":66,"column":4},"end":{"line":66,"column":null}},"13":{"start":{"line":67,"column":4},"end":{"line":67,"column":null}},"14":{"start":{"line":67,"column":21},"end":{"line":67,"column":55}},"15":{"start":{"line":71,"column":4},"end":{"line":71,"column":null}},"16":{"start":{"line":75,"column":4},"end":{"line":163,"column":null}},"17":{"start":{"line":76,"column":6},"end":{"line":78,"column":null}},"18":{"start":{"line":77,"column":8},"end":{"line":77,"column":null}},"19":{"start":{"line":80,"column":6},"end":{"line":161,"column":null}},"20":{"start":{"line":165,"column":4},"end":{"line":165,"column":null}},"21":{"start":{"line":182,"column":2},"end":{"line":188,"column":null}},"22":{"start":{"line":183,"column":4},"end":{"line":186,"column":null}},"23":{"start":{"line":194,"column":2},"end":{"line":196,"column":null}},"24":{"start":{"line":195,"column":4},"end":{"line":195,"column":null}}},"fnMap":{"0":{"name":"(anonymous_0)","decl":{"start":{"line":27,"column":2},"end":{"line":27,"column":14}},"loc":{"start":{"line":27,"column":41},"end":{"line":35,"column":null}},"line":27},"1":{"name":"(anonymous_1)","decl":{"start":{"line":37,"column":9},"end":{"line":37,"column":34}},"loc":{"start":{"line":37,"column":77},"end":{"line":39,"column":null}},"line":37},"2":{"name":"(anonymous_2)","decl":{"start":{"line":41,"column":2},"end":{"line":41,"column":20}},"loc":{"start":{"line":41,"column":56},"end":{"line":47,"column":null}},"line":41},"3":{"name":"(anonymous_3)","decl":{"start":{"line":49,"column":16},"end":{"line":49,"column":22}},"loc":{"start":{"line":49,"column":22},"end":{"line":56,"column":null}},"line":49},"4":{"name":"(anonymous_4)","decl":{"start":{"line":58,"column":20},"end":{"line":58,"column":32}},"loc":{"start":{"line":58,"column":32},"end":{"line":68,"column":null}},"line":58},"5":{"name":"(anonymous_5)","decl":{"start":{"line":67,"column":15},"end":{"line":67,"column":21}},"loc":{"start":{"line":67,"column":21},"end":{"line":67,"column":55}},"line":67},"6":{"name":"(anonymous_6)","decl":{"start":{"line":70,"column":17},"end":{"line":70,"column":23}},"loc":{"start":{"line":70,"column":23},"end":{"line":72,"column":null}},"line":70},"7":{"name":"(anonymous_7)","decl":{"start":{"line":74,"column":2},"end":{"line":74,"column":11}},"loc":{"start":{"line":74,"column":11},"end":{"line":166,"column":null}},"line":74},"8":{"name":"withErrorBoundary","decl":{"start":{"line":178,"column":16},"end":{"line":178,"column":null}},"loc":{"start":{"line":181,"column":2},"end":{"line":189,"column":null}},"line":181},"9":{"name":"WithErrorBoundary","decl":{"start":{"line":182,"column":18},"end":{"line":182,"column":36}},"loc":{"start":{"line":182,"column":46},"end":{"line":188,"column":null}},"line":182},"10":{"name":"useErrorHandler","decl":{"start":{"line":193,"column":16},"end":{"line":193,"column":34}},"loc":{"start":{"line":193,"column":34},"end":{"line":197,"column":null}},"line":193},"11":{"name":"(anonymous_11)","decl":{"start":{"line":194,"column":9},"end":{"line":194,"column":10}},"loc":{"start":{"line":194,"column":27},"end":{"line":196,"column":null}},"line":194}},"branchMap":{"0":{"loc":{"start":{"line":75,"column":4},"end":{"line":163,"column":null}},"type":"if","locations":[{"start":{"line":75,"column":4},"end":{"line":163,"column":null}},{"start":{},"end":{}}],"line":75},"1":{"loc":{"start":{"line":76,"column":6},"end":{"line":78,"column":null}},"type":"if","locations":[{"start":{"line":76,"column":6},"end":{"line":78,"column":null}},{"start":{},"end":{}}],"line":76},"2":{"loc":{"start":{"line":123,"column":15},"end":{"line":149,"column":null}},"type":"binary-expr","locations":[{"start":{"line":123,"column":15},"end":{"line":123,"column":41}},{"start":{"line":123,"column":41},"end":{"line":123,"column":null}},{"start":{"line":124,"column":16},"end":{"line":149,"column":null}}],"line":123},"3":{"loc":{"start":{"line":133,"column":32},"end":{"line":133,"column":null}},"type":"cond-expr","locations":[{"start":{"line":133,"column":52},"end":{"line":133,"column":84}},{"start":{"line":133,"column":84},"end":{"line":133,"column":null}}],"line":133},"4":{"loc":{"start":{"line":136,"column":23},"end":{"line":136,"column":null}},"type":"cond-expr","locations":[{"start":{"line":136,"column":43},"end":{"line":136,"column":55}},{"start":{"line":136,"column":55},"end":{"line":136,"column":null}}],"line":136},"5":{"loc":{"start":{"line":143,"column":21},"end":{"line":146,"column":null}},"type":"binary-expr","locations":[{"start":{"line":143,"column":21},"end":{"line":143,"column":null}},{"start":{"line":144,"column":22},"end":{"line":146,"column":null}}],"line":143}},"s":{"0":1,"1":1,"2":1,"3":44,"4":44,"5":38,"6":19,"7":19,"8":19,"9":1,"10":1,"11":1,"12":1,"13":1,"14":0,"15":1,"16":104,"17":57,"18":3,"19":54,"20":47,"21":4,"22":8,"23":1,"24":0},"f":{"0":44,"1":43,"2":19,"3":1,"4":1,"5":0,"6":1,"7":104,"8":4,"9":8,"10":1,"11":0},"b":{"0":[57,47],"1":[3,54],"2":[54,9,9],"3":[0,9],"4":[0,9],"5":[9,9]},"meta":{"lastBranch":6,"lastFunction":12,"lastStatement":25,"seen":{"s:49:16:56:Infinity":0,"s:58:20:68:Infinity":1,"s:70:17:72:Infinity":2,"f:27:2:27:14":0,"s:28:4:28:Infinity":3,"s:29:4:34:Infinity":4,"f:37:9:37:34":1,"s:38:4:38:Infinity":5,"f:41:2:41:20":2,"s:42:4:42:Infinity":6,"s:43:4:43:Infinity":7,"s:46:4:46:Infinity":8,"f:49:16:49:22":3,"s:50:4:55:Infinity":9,"f:58:20:58:32":4,"s:59:22:63:Infinity":10,"s:65:4:65:Infinity":11,"s:66:4:66:Infinity":12,"s:67:4:67:Infinity":13,"f:67:15:67:21":5,"s:67:21:67:55":14,"f:70:17:70:23":6,"s:71:4:71:Infinity":15,"f:74:2:74:11":7,"b:75:4:163:Infinity:undefined:undefined:undefined:undefined":0,"s:75:4:163:Infinity":16,"b:76:6:78:Infinity:undefined:undefined:undefined:undefined":1,"s:76:6:78:Infinity":17,"s:77:8:77:Infinity":18,"s:80:6:161:Infinity":19,"b:123:15:123:41:123:41:123:Infinity:124:16:149:Infinity":2,"b:133:52:133:84:133:84:133:Infinity":3,"b:136:43:136:55:136:55:136:Infinity":4,"b:143:21:143:Infinity:144:22:146:Infinity":5,"s:165:4:165:Infinity":20,"f:178:16:178:Infinity":8,"s:182:2:188:Infinity":21,"f:182:18:182:36":9,"s:183:4:186:Infinity":22,"f:193:16:193:34":10,"s:194:2:196:Infinity":23,"f:194:9:194:10":11,"s:195:4:195:Infinity":24}}}
,"C:\\Users\\winx1\\Documents\\vs_code_projects\\trading-hub-pro\\src\\components\\ui\\Input.tsx": {"path":"C:\\Users\\winx1\\Documents\\vs_code_projects\\trading-hub-pro\\src\\components\\ui\\Input.tsx","statementMap":{"0":{"start":{"line":20,"column":13},"end":{"line":126,"column":null}},"1":{"start":{"line":36,"column":40},"end":{"line":36,"column":null}},"2":{"start":{"line":37,"column":23},"end":{"line":37,"column":null}},"3":{"start":{"line":39,"column":21},"end":{"line":39,"column":null}},"4":{"start":{"line":40,"column":23},"end":{"line":40,"column":null}},"5":{"start":{"line":42,"column":4},"end":{"line":123,"column":null}},"6":{"start":{"line":80,"column":29},"end":{"line":80,"column":null}},"7":{"start":{"line":128,"column":0},"end":{"line":128,"column":null}},"8":{"start":{"line":139,"column":13},"end":{"line":202,"column":null}},"9":{"start":{"line":153,"column":28},"end":{"line":156,"column":null}},"10":{"start":{"line":154,"column":23},"end":{"line":154,"column":null}},"11":{"start":{"line":155,"column":6},"end":{"line":155,"column":null}},"12":{"start":{"line":158,"column":28},"end":{"line":161,"column":null}},"13":{"start":{"line":159,"column":23},"end":{"line":159,"column":null}},"14":{"start":{"line":160,"column":6},"end":{"line":160,"column":null}},"15":{"start":{"line":163,"column":25},"end":{"line":168,"column":null}},"16":{"start":{"line":164,"column":23},"end":{"line":164,"column":null}},"17":{"start":{"line":165,"column":6},"end":{"line":167,"column":null}},"18":{"start":{"line":166,"column":8},"end":{"line":166,"column":null}},"19":{"start":{"line":170,"column":4},"end":{"line":199,"column":null}},"20":{"start":{"line":204,"column":0},"end":{"line":204,"column":null}}},"fnMap":{"0":{"name":"(anonymous_0)","decl":{"start":{"line":21,"column":2},"end":{"line":21,"column":null}},"loc":{"start":{"line":35,"column":7},"end":{"line":125,"column":null}},"line":35},"1":{"name":"(anonymous_1)","decl":{"start":{"line":80,"column":23},"end":{"line":80,"column":29}},"loc":{"start":{"line":80,"column":29},"end":{"line":80,"column":null}},"line":80},"2":{"name":"(anonymous_2)","decl":{"start":{"line":140,"column":2},"end":{"line":140,"column":null}},"loc":{"start":{"line":152,"column":7},"end":{"line":201,"column":null}},"line":152},"3":{"name":"(anonymous_3)","decl":{"start":{"line":153,"column":28},"end":{"line":153,"column":34}},"loc":{"start":{"line":153,"column":34},"end":{"line":156,"column":null}},"line":153},"4":{"name":"(anonymous_4)","decl":{"start":{"line":158,"column":28},"end":{"line":158,"column":34}},"loc":{"start":{"line":158,"column":34},"end":{"line":161,"column":null}},"line":158},"5":{"name":"(anonymous_5)","decl":{"start":{"line":163,"column":25},"end":{"line":163,"column":26}},"loc":{"start":{"line":163,"column":69},"end":{"line":168,"column":null}},"line":163}},"branchMap":{"0":{"loc":{"start":{"line":30,"column":6},"end":{"line":30,"column":null}},"type":"default-arg","locations":[{"start":{"line":30,"column":13},"end":{"line":30,"column":null}}],"line":30},"1":{"loc":{"start":{"line":40,"column":23},"end":{"line":40,"column":null}},"type":"binary-expr","locations":[{"start":{"line":40,"column":23},"end":{"line":40,"column":36}},{"start":{"line":40,"column":36},"end":{"line":40,"column":null}}],"line":40},"2":{"loc":{"start":{"line":44,"column":9},"end":{"line":47,"column":null}},"type":"binary-expr","locations":[{"start":{"line":44,"column":9},"end":{"line":44,"column":null}},{"start":{"line":45,"column":10},"end":{"line":47,"column":null}}],"line":44},"3":{"loc":{"start":{"line":51,"column":11},"end":{"line":54,"column":null}},"type":"binary-expr","locations":[{"start":{"line":51,"column":11},"end":{"line":51,"column":null}},{"start":{"line":52,"column":12},"end":{"line":54,"column":null}}],"line":51},"4":{"loc":{"start":{"line":59,"column":18},"end":{"line":59,"column":null}},"type":"cond-expr","locations":[{"start":{"line":59,"column":47},"end":{"line":59,"column":56}},{"start":{"line":59,"column":56},"end":{"line":59,"column":null}}],"line":59},"5":{"loc":{"start":{"line":59,"column":18},"end":{"line":59,"column":47}},"type":"binary-expr","locations":[{"start":{"line":59,"column":18},"end":{"line":59,"column":32}},{"start":{"line":59,"column":32},"end":{"line":59,"column":47}}],"line":59},"6":{"loc":{"start":{"line":68,"column":14},"end":{"line":68,"column":null}},"type":"binary-expr","locations":[{"start":{"line":68,"column":14},"end":{"line":68,"column":35}},{"start":{"line":68,"column":35},"end":{"line":68,"column":null}}],"line":68},"7":{"loc":{"start":{"line":69,"column":14},"end":{"line":69,"column":null}},"type":"binary-expr","locations":[{"start":{"line":69,"column":14},"end":{"line":69,"column":50}},{"start":{"line":69,"column":50},"end":{"line":69,"column":null}}],"line":69},"8":{"loc":{"start":{"line":69,"column":22},"end":{"line":69,"column":45}},"type":"binary-expr","locations":[{"start":{"line":69,"column":22},"end":{"line":69,"column":35}},{"start":{"line":69,"column":35},"end":{"line":69,"column":45}}],"line":69},"9":{"loc":{"start":{"line":70,"column":14},"end":{"line":70,"column":null}},"type":"binary-expr","locations":[{"start":{"line":70,"column":14},"end":{"line":70,"column":26}},{"start":{"line":70,"column":26},"end":{"line":70,"column":null}}],"line":70},"10":{"loc":{"start":{"line":71,"column":14},"end":{"line":71,"column":null}},"type":"binary-expr","locations":[{"start":{"line":71,"column":14},"end":{"line":71,"column":28}},{"start":{"line":71,"column":28},"end":{"line":71,"column":null}}],"line":71},"11":{"loc":{"start":{"line":77,"column":11},"end":{"line":89,"column":null}},"type":"binary-expr","locations":[{"start":{"line":77,"column":11},"end":{"line":77,"column":null}},{"start":{"line":78,"column":12},"end":{"line":89,"column":null}}],"line":77},"12":{"loc":{"start":{"line":84,"column":15},"end":{"line":87,"column":null}},"type":"cond-expr","locations":[{"start":{"line":85,"column":16},"end":{"line":85,"column":null}},{"start":{"line":87,"column":16},"end":{"line":87,"column":null}}],"line":84},"13":{"loc":{"start":{"line":92,"column":11},"end":{"line":95,"column":null}},"type":"binary-expr","locations":[{"start":{"line":92,"column":11},"end":{"line":92,"column":24}},{"start":{"line":92,"column":24},"end":{"line":92,"column":null}},{"start":{"line":93,"column":12},"end":{"line":95,"column":null}}],"line":92},"14":{"loc":{"start":{"line":98,"column":11},"end":{"line":101,"column":null}},"type":"binary-expr","locations":[{"start":{"line":98,"column":11},"end":{"line":98,"column":23}},{"start":{"line":98,"column":23},"end":{"line":98,"column":37}},{"start":{"line":98,"column":37},"end":{"line":98,"column":null}},{"start":{"line":99,"column":12},"end":{"line":101,"column":null}}],"line":98},"15":{"loc":{"start":{"line":104,"column":11},"end":{"line":107,"column":null}},"type":"binary-expr","locations":[{"start":{"line":104,"column":11},"end":{"line":104,"column":25}},{"start":{"line":104,"column":25},"end":{"line":104,"column":39}},{"start":{"line":104,"column":39},"end":{"line":104,"column":null}},{"start":{"line":105,"column":12},"end":{"line":107,"column":null}}],"line":104},"16":{"loc":{"start":{"line":109,"column":8},"end":{"line":121,"column":null}},"type":"binary-expr","locations":[{"start":{"line":111,"column":10},"end":{"line":111,"column":19}},{"start":{"line":111,"column":19},"end":{"line":111,"column":30}},{"start":{"line":111,"column":30},"end":{"line":111,"column":null}},{"start":{"line":112,"column":10},"end":{"line":121,"column":null}}],"line":109},"17":{"loc":{"start":{"line":115,"column":14},"end":{"line":115,"column":null}},"type":"binary-expr","locations":[{"start":{"line":115,"column":14},"end":{"line":115,"column":26}},{"start":{"line":115,"column":26},"end":{"line":115,"column":null}}],"line":115},"18":{"loc":{"start":{"line":116,"column":14},"end":{"line":116,"column":null}},"type":"binary-expr","locations":[{"start":{"line":116,"column":14},"end":{"line":116,"column":28}},{"start":{"line":116,"column":28},"end":{"line":116,"column":null}}],"line":116},"19":{"loc":{"start":{"line":117,"column":14},"end":{"line":117,"column":null}},"type":"binary-expr","locations":[{"start":{"line":117,"column":14},"end":{"line":117,"column":27}},{"start":{"line":117,"column":27},"end":{"line":117,"column":42}},{"start":{"line":117,"column":42},"end":{"line":117,"column":null}}],"line":117},"20":{"loc":{"start":{"line":120,"column":13},"end":{"line":120,"column":null}},"type":"binary-expr","locations":[{"start":{"line":120,"column":13},"end":{"line":120,"column":22}},{"start":{"line":120,"column":22},"end":{"line":120,"column":33}},{"start":{"line":120,"column":33},"end":{"line":120,"column":null}}],"line":120},"21":{"loc":{"start":{"line":144,"column":6},"end":{"line":144,"column":null}},"type":"default-arg","locations":[{"start":{"line":144,"column":12},"end":{"line":144,"column":null}}],"line":144},"22":{"loc":{"start":{"line":145,"column":6},"end":{"line":145,"column":null}},"type":"default-arg","locations":[{"start":{"line":145,"column":12},"end":{"line":145,"column":null}}],"line":145},"23":{"loc":{"start":{"line":146,"column":6},"end":{"line":146,"column":null}},"type":"default-arg","locations":[{"start":{"line":146,"column":13},"end":{"line":146,"column":null}}],"line":146},"24":{"loc":{"start":{"line":164,"column":23},"end":{"line":164,"column":null}},"type":"binary-expr","locations":[{"start":{"line":164,"column":23},"end":{"line":164,"column":53}},{"start":{"line":164,"column":53},"end":{"line":164,"column":null}}],"line":164},"25":{"loc":{"start":{"line":165,"column":6},"end":{"line":167,"column":null}},"type":"if","locations":[{"start":{"line":165,"column":6},"end":{"line":167,"column":null}},{"start":{},"end":{}}],"line":165},"26":{"loc":{"start":{"line":165,"column":10},"end":{"line":165,"column":46}},"type":"binary-expr","locations":[{"start":{"line":165,"column":10},"end":{"line":165,"column":29}},{"start":{"line":165,"column":29},"end":{"line":165,"column":46}}],"line":165},"27":{"loc":{"start":{"line":185,"column":22},"end":{"line":185,"column":null}},"type":"binary-expr","locations":[{"start":{"line":185,"column":22},"end":{"line":185,"column":34}},{"start":{"line":185,"column":34},"end":{"line":185,"column":null}}],"line":185},"28":{"loc":{"start":{"line":193,"column":22},"end":{"line":193,"column":null}},"type":"binary-expr","locations":[{"start":{"line":193,"column":22},"end":{"line":193,"column":34}},{"start":{"line":193,"column":34},"end":{"line":193,"column":null}}],"line":193}},"s":{"0":6,"1":293,"2":293,"3":293,"4":293,"5":293,"6":2,"7":6,"8":6,"9":8,"10":2,"11":2,"12":8,"13":1,"14":1,"15":8,"16":0,"17":0,"18":0,"19":8,"20":6},"f":{"0":293,"1":2,"2":8,"3":2,"4":1,"5":0},"b":{"0":[293],"1":[293,1],"2":[293,2],"3":[293,153],"4":[1,292],"5":[293,4],"6":[293,153],"7":[293,5],"8":[293,292],"9":[293,1],"10":[293,1],"11":[293,4],"12":[1,3],"13":[293,1,1],"14":[293,1,1,1],"15":[293,1,1,1],"16":[293,292,291,3],"17":[3,1],"18":[3,1],"19":[3,2,1],"20":[3,2,1],"21":[8],"22":[8],"23":[8],"24":[0,0],"25":[0,0],"26":[0,0],"27":[8,7],"28":[8,7]},"meta":{"lastBranch":29,"lastFunction":6,"lastStatement":21,"seen":{"s:20:13:126:Infinity":0,"f:21:2:21:Infinity":0,"b:30:13:30:Infinity":0,"s:36:40:36:Infinity":1,"s:37:23:37:Infinity":2,"s:39:21:39:Infinity":3,"s:40:23:40:Infinity":4,"b:40:23:40:36:40:36:40:Infinity":1,"s:42:4:123:Infinity":5,"b:44:9:44:Infinity:45:10:47:Infinity":2,"b:51:11:51:Infinity:52:12:54:Infinity":3,"b:59:47:59:56:59:56:59:Infinity":4,"b:59:18:59:32:59:32:59:47":5,"b:68:14:68:35:68:35:68:Infinity":6,"b:69:14:69:50:69:50:69:Infinity":7,"b:69:22:69:35:69:35:69:45":8,"b:70:14:70:26:70:26:70:Infinity":9,"b:71:14:71:28:71:28:71:Infinity":10,"b:77:11:77:Infinity:78:12:89:Infinity":11,"f:80:23:80:29":1,"s:80:29:80:Infinity":6,"b:85:16:85:Infinity:87:16:87:Infinity":12,"b:92:11:92:24:92:24:92:Infinity:93:12:95:Infinity":13,"b:98:11:98:23:98:23:98:37:98:37:98:Infinity:99:12:101:Infinity":14,"b:104:11:104:25:104:25:104:39:104:39:104:Infinity:105:12:107:Infinity":15,"b:111:10:111:19:111:19:111:30:111:30:111:Infinity:112:10:121:Infinity":16,"b:115:14:115:26:115:26:115:Infinity":17,"b:116:14:116:28:116:28:116:Infinity":18,"b:117:14:117:27:117:27:117:42:117:42:117:Infinity":19,"b:120:13:120:22:120:22:120:33:120:33:120:Infinity":20,"s:128:0:128:Infinity":7,"s:139:13:202:Infinity":8,"f:140:2:140:Infinity":2,"b:144:12:144:Infinity":21,"b:145:12:145:Infinity":22,"b:146:13:146:Infinity":23,"s:153:28:156:Infinity":9,"f:153:28:153:34":3,"s:154:23:154:Infinity":10,"s:155:6:155:Infinity":11,"s:158:28:161:Infinity":12,"f:158:28:158:34":4,"s:159:23:159:Infinity":13,"s:160:6:160:Infinity":14,"s:163:25:168:Infinity":15,"f:163:25:163:26":5,"s:164:23:164:Infinity":16,"b:164:23:164:53:164:53:164:Infinity":24,"b:165:6:167:Infinity:undefined:undefined:undefined:undefined":25,"s:165:6:167:Infinity":17,"b:165:10:165:29:165:29:165:46":26,"s:166:8:166:Infinity":18,"s:170:4:199:Infinity":19,"b:185:22:185:34:185:34:185:Infinity":27,"b:193:22:193:34:193:34:193:Infinity":28,"s:204:0:204:Infinity":20}}}
[...]
2:93:Infinity":8,"f:75:32:75:33":3,"s:76:15:76:Infinity":9,"s:77:14:77:Infinity":10,"s:78:14:78:Infinity":11,"s:79:16:79:Infinity":12,"s:81:2:91:Infinity":13,"s:81:15:81:21":14,"s:83:25:83:Infinity":15,"s:84:19:84:Infinity":16,"s:85:4:85:Infinity":17,"s:86:4:90:Infinity":18,"s:92:2:92:Infinity":19,"s:96:29:123:Infinity":20,"f:96:29:96:30":4,"s:97:21:97:Infinity":21,"f:97:38:97:39":5,"s:97:50:97:85":22,"s:100:14:100:Infinity":23,"s:101:14:101:Infinity":24,"s:102:14:102:Infinity":25,"s:103:14:103:Infinity":26,"s:104:14:104:Infinity":27,"s:105:14:105:Infinity":28,"s:106:14:106:Infinity":29,"s:107:14:107:Infinity":30,"s:109:2:122:Infinity":31,"s:126:15:126:Infinity":32,"f:138:9:138:20":6,"s:146:2:175:Infinity":33,"b:152:29:152:Infinity:153:12:154:Infinity":1,"b:153:31:153:Infinity:154:12:154:Infinity":2,"b:158:31:158:Infinity:159:14:160:Infinity":3,"b:159:33:159:Infinity:160:14:160:Infinity":4,"b:166:13:166:25:166:25:166:Infinity":5,"b:169:9:169:Infinity:170:10:172:Infinity":6,"b:170:38:170:48:170:48:170:55":7,"b:171:27:171:33:171:33:171:37":8,"f:179:16:179:28":7,"s:180:32:180:Infinity":34,"s:181:42:181:Infinity":35,"s:182:8:182:Infinity":36,"f:182:36:182:37":8,"s:182:43:182:54":37,"s:185:8:185:Infinity":38,"f:185:28:185:34":9,"s:185:34:185:63":39,"s:188:8:188:Infinity":40,"f:188:23:188:29":10,"s:188:29:188:52":41,"s:191:8:194:Infinity":42,"f:191:34:191:40":11,"s:192:17:192:Infinity":43,"b:192:38:192:42:192:42:192:Infinity":9,"b:192:63:192:68:192:68:192:Infinity":10,"b:192:89:192:94:192:94:192:Infinity":11,"b:192:115:192:121:192:121:192:Infinity":12,"s:193:4:193:Infinity":44,"s:197:8:204:Infinity":45,"f:197:33:197:39":12,"s:198:4:203:Infinity":46,"f:198:25:198:26":13,"s:198:40:203:6":47,"s:207:8:207:Infinity":48,"f:207:30:207:36":14,"s:207:36:207:75":49,"s:210:8:216:Infinity":50,"f:210:29:210:35":15,"s:210:35:216:5":51,"s:219:8:229:Infinity":52,"f:219:33:219:39":16,"s:220:19:220:Infinity":53,"s:221:4:228:Infinity":54,"f:221:22:221:23":17,"s:223:27:223:Infinity":55,"s:224:6:227:Infinity":56,"s:231:2:559:Infinity":57,"b:258:45:258:52:258:52:258:Infinity":13,"b:264:49:264:62:264:62:264:Infinity":14,"b:265:50:265:57:265:57:265:Infinity":15,"b:278:47:278:54:278:54:278:Infinity":16,"b:289:46:289:82:289:82:289:Infinity":17,"f:293:60:293:61":18,"s:293:67:293:Infinity":58,"f:299:55:299:56":19,"s:299:62:299:Infinity":59,"f:321:33:321:34":20,"s:321:48:321:Infinity":60,"f:326:33:326:34":21,"s:326:44:326:Infinity":61,"f:332:34:332:35":22,"s:332:49:332:Infinity":62,"f:333:29:333:30":23,"s:333:48:333:Infinity":63,"b:333:101:333:111:333:111:333:116":18,"f:373:42:373:43":24,"s:374:24:374:Infinity":64,"f:379:33:379:34":25,"s:379:34:379:Infinity":65,"f:385:36:385:37":26,"s:386:18:402:Infinity":66,"f:493:33:493:34":27,"s:493:44:493:Infinity":67,"f:499:29:499:30":28,"s:499:48:499:Infinity":68}}}
,"C:\\Users\\winx1\\Documents\\vs_code_projects\\trading-hub-pro\\src\\pages\\Settings.tsx": {"path":"C:\\Users\\winx1\\Documents\\vs_code_projects\\trading-hub-pro\\src\\pages\\Settings.tsx","statementMap":{"0":{"start":{"line":46,"column":15},"end":{"line":65,"column":null}},"1":{"start":{"line":47,"column":2},"end":{"line":65,"column":null}},"2":{"start":{"line":53,"column":21},"end":{"line":53,"column":null}},"3":{"start":{"line":69,"column":40},"end":{"line":69,"column":null}},"4":{"start":{"line":70,"column":30},"end":{"line":70,"column":null}},"5":{"start":{"line":71,"column":44},"end":{"line":71,"column":null}},"6":{"start":{"line":73,"column":8},"end":{"line":73,"column":null}},"7":{"start":{"line":73,"column":42},"end":{"line":73,"column":52}},"8":{"start":{"line":74,"column":8},"end":{"line":74,"column":null}},"9":{"start":{"line":74,"column":48},"end":{"line":74,"column":64}},"10":{"start":{"line":77,"column":40},"end":{"line":94,"column":null}},"11":{"start":{"line":96,"column":21},"end":{"line":107,"column":null}},"12":{"start":{"line":97,"column":4},"end":{"line":97,"column":null}},"13":{"start":{"line":98,"column":4},"end":{"line":98,"column":null}},"14":{"start":{"line":98,"column":33},"end":{"line":98,"column":58}},"15":{"start":{"line":99,"column":4},"end":{"line":103,"column":null}},"16":{"start":{"line":104,"column":4},"end":{"line":104,"column":null}},"17":{"start":{"line":105,"column":4},"end":{"line":105,"column":null}},"18":{"start":{"line":106,"column":4},"end":{"line":106,"column":null}},"19":{"start":{"line":106,"column":21},"end":{"line":106,"column":48}},"20":{"start":{"line":109,"column":19},"end":{"line":116,"column":null}},"21":{"start":{"line":118,"column":24},"end":{"line":575,"column":null}},"22":{"start":{"line":119,"column":4},"end":{"line":574,"column":null}},"23":{"start":{"line":121,"column":8},"end":{"line":213,"column":null}},"24":{"start":{"line":127,"column":33},"end":{"line":127,"column":null}},"25":{"start":{"line":140,"column":33},"end":{"line":140,"column":null}},"26":{"start":{"line":160,"column":35},"end":{"line":160,"column":null}},"27":{"start":{"line":166,"column":35},"end":{"line":166,"column":null}},"28":{"start":{"line":172,"column":35},"end":{"line":172,"column":null}},"29":{"start":{"line":187,"column":37},"end":{"line":187,"column":null}},"30":{"start":{"line":202,"column":37},"end":{"line":202,"column":null}},"31":{"start":{"line":217,"column":8},"end":{"line":278,"column":null}},"32":{"start":{"line":224,"column":35},"end":{"line":224,"column":null}},"33":{"start":{"line":230,"column":35},"end":{"line":230,"column":null}},"34":{"start":{"line":242,"column":35},"end":{"line":242,"column":null}},"35":{"start":{"line":248,"column":35},"end":{"line":248,"column":null}},"36":{"start":{"line":254,"column":35},"end":{"line":254,"column":null}},"37":{"start":{"line":266,"column":35},"end":{"line":266,"column":null}},"38":{"start":{"line":272,"column":35},"end":{"line":272,"column":null}},"39":{"start":{"line":282,"column":8},"end":{"line":344,"column":null}},"40":{"start":{"line":292,"column":37},"end":{"line":292,"column":null}},"41":{"start":{"line":302,"column":37},"end":{"line":302,"column":null}},"42":{"start":{"line":315,"column":33},"end":{"line":315,"column":null}},"43":{"start":{"line":348,"column":8},"end":{"line":449,"column":null}},"44":{"start":{"line":379,"column":35},"end":{"line":382,"column":null}},"45":{"start":{"line":453,"column":8},"end":{"line":504,"column":null}},"46":{"start":{"line":508,"column":8},"end":{"line":569,"column":null}},"47":{"start":{"line":573,"column":8},"end":{"line":573,"column":null}},"48":{"start":{"line":577,"column":2},"end":{"line":653,"column":null}},"49":{"start":{"line":619,"column":29},"end":{"line":619,"column":null}},"50":{"start":{"line":620,"column":33},"end":{"line":620,"column":null}},"51":{"start":{"line":621,"column":16},"end":{"line":634,"column":null}},"52":{"start":{"line":624,"column":35},"end":{"line":624,"column":null}}},"fnMap":{"0":{"name":"(anonymous_0)","decl":{"start":{"line":46,"column":15},"end":{"line":46,"column":16}},"loc":{"start":{"line":47,"column":2},"end":{"line":65,"column":null}},"line":47},"1":{"name":"(anonymous_1)","decl":{"start":{"line":53,"column":15},"end":{"line":53,"column":21}},"loc":{"start":{"line":53,"column":21},"end":{"line":53,"column":null}},"line":53},"2":{"name":"Settings","decl":{"start":{"line":68,"column":16},"end":{"line":68,"column":27}},"loc":{"start":{"line":68,"column":27},"end":{"line":655,"column":null}},"line":68},"3":{"name":"(anonymous_3)","decl":{"start":{"line":73,"column":35},"end":{"line":73,"column":36}},"loc":{"start":{"line":73,"column":42},"end":{"line":73,"column":52}},"line":73},"4":{"name":"(anonymous_4)","decl":{"start":{"line":74,"column":41},"end":{"line":74,"column":42}},"loc":{"start":{"line":74,"column":48},"end":{"line":74,"column":64}},"line":74},"5":{"name":"(anonymous_5)","decl":{"start":{"line":96,"column":21},"end":{"line":96,"column":33}},"loc":{"start":{"line":96,"column":33},"end":{"line":107,"column":null}},"line":96},"6":{"name":"(anonymous_6)","decl":{"start":{"line":98,"column":22},"end":{"line":98,"column":33}},"loc":{"start":{"line":98,"column":33},"end":{"line":98,"column":58}},"line":98},"7":{"name":"(anonymous_7)","decl":{"start":{"line":106,"column":15},"end":{"line":106,"column":21}},"loc":{"start":{"line":106,"column":21},"end":{"line":106,"column":48}},"line":106},"8":{"name":"(anonymous_8)","decl":{"start":{"line":118,"column":24},"end":{"line":118,"column":30}},"loc":{"start":{"line":118,"column":30},"end":{"line":575,"column":null}},"line":118},"9":{"name":"(anonymous_9)","decl":{"start":{"line":127,"column":27},"end":{"line":127,"column":33}},"loc":{"start":{"line":127,"column":33},"end":{"line":127,"column":null}},"line":127},"10":{"name":"(anonymous_10)","decl":{"start":{"line":140,"column":27},"end":{"line":140,"column":33}},"loc":{"start":{"line":140,"column":33},"end":{"line":140,"column":null}},"line":140},"11":{"name":"(anonymous_11)","decl":{"start":{"line":160,"column":28},"end":{"line":160,"column":29}},"loc":{"start":{"line":160,"column":35},"end":{"line":160,"column":null}},"line":160},"12":{"name":"(anonymous_12)","decl":{"start":{"line":166,"column":28},"end":{"line":166,"column":29}},"loc":{"start":{"line":166,"column":35},"end":{"line":166,"column":null}},"line":166},"13":{"name":"(anonymous_13)","decl":{"start":{"line":172,"column":28},"end":{"line":172,"column":29}},"loc":{"start":{"line":172,"column":35},"end":{"line":172,"column":null}},"line":172},"14":{"name":"(anonymous_14)","decl":{"start":{"line":187,"column":30},"end":{"line":187,"column":31}},"loc":{"start":{"line":187,"column":37},"end":{"line":187,"column":null}},"line":187},"15":{"name":"(anonymous_15)","decl":{"start":{"line":202,"column":30},"end":{"line":202,"column":31}},"loc":{"start":{"line":202,"column":37},"end":{"line":202,"column":null}},"line":202},"16":{"name":"(anonymous_16)","decl":{"start":{"line":224,"column":28},"end":{"line":224,"column":29}},"loc":{"start":{"line":224,"column":35},"end":{"line":224,"column":null}},"line":224},"17":{"name":"(anonymous_17)","decl":{"start":{"line":230,"column":28},"end":{"line":230,"column":29}},"loc":{"start":{"line":230,"column":35},"end":{"line":230,"column":null}},"line":230},"18":{"name":"(anonymous_18)","decl":{"start":{"line":242,"column":28},"end":{"line":242,"column":29}},"loc":{"start":{"line":242,"column":35},"end":{"line":242,"column":null}},"line":242},"19":{"name":"(anonymous_19)","decl":{"start":{"line":248,"column":28},"end":{"line":248,"column":29}},"loc":{"start":{"line":248,"column":35},"end":{"line":248,"column":null}},"line":248},"20":{"name":"(anonymous_20)","decl":{"start":{"line":254,"column":28},"end":{"line":254,"column":29}},"loc":{"start":{"line":254,"column":35},"end":{"line":254,"column":null}},"line":254},"21":{"name":"(anonymous_21)","decl":{"start":{"line":266,"column":28},"end":{"line":266,"column":29}},"loc":{"start":{"line":266,"column":35},"end":{"line":266,"column":null}},"line":266},"22":{"name":"(anonymous_22)","decl":{"start":{"line":272,"column":28},"end":{"line":272,"column":29}},"loc":{"start":{"line":272,"column":35},"end":{"line":272,"column":null}},"line":272},"23":{"name":"(anonymous_23)","decl":{"start":{"line":292,"column":30},"end":{"line":292,"column":31}},"loc":{"start":{"line":292,"column":37},"end":{"line":292,"column":null}},"line":292},"24":{"name":"(anonymous_24)","decl":{"start":{"line":302,"column":30},"end":{"line":302,"column":31}},"loc":{"start":{"line":302,"column":37},"end":{"line":302,"column":null}},"line":302},"25":{"name":"(anonymous_25)","decl":{"start":{"line":315,"column":26},"end":{"line":315,"column":27}},"loc":{"start":{"line":315,"column":33},"end":{"line":315,"column":null}},"line":315},"26":{"name":"(anonymous_26)","decl":{"start":{"line":379,"column":29},"end":{"line":379,"column":35}},"loc":{"start":{"line":379,"column":35},"end":{"line":382,"column":null}},"line":379},"27":{"name":"(anonymous_27)","decl":{"start":{"line":618,"column":28},"end":{"line":618,"column":29}},"loc":{"start":{"line":618,"column":41},"end":{"line":636,"column":15}},"line":618},"28":{"name":"(anonymous_28)","decl":{"start":{"line":624,"column":29},"end":{"line":624,"column":35}},"loc":{"start":{"line":624,"column":35},"end":{"line":624,"column":null}},"line":624}},"branchMap":{"0":{"loc":{"start":{"line":50,"column":7},"end":{"line":50,"column":null}},"type":"binary-expr","locations":[{"start":{"line":50,"column":7},"end":{"line":50,"column":22}},{"start":{"line":50,"column":22},"end":{"line":50,"column":null}}],"line":50},"1":{"loc":{"start":{"line":56,"column":8},"end":{"line":56,"column":null}},"type":"cond-expr","locations":[{"start":{"line":56,"column":18},"end":{"line":56,"column":36}},{"start":{"line":56,"column":36},"end":{"line":56,"column":null}}],"line":56},"2":{"loc":{"start":{"line":61,"column":25},"end":{"line":61,"column":42}},"type":"cond-expr","locations":[{"start":{"line":61,"column":35},"end":{"line":61,"column":40}},{"start":{"line":61,"column":40},"end":{"line":61,"column":42}}],"line":61},"3":{"loc":{"start":{"line":119,"column":4},"end":{"line":574,"column":null}},"type":"switch","locations":[{"start":{"line":120,"column":6},"end":{"line":213,"column":null}},{"start":{"line":216,"column":6},"end":{"line":278,"column":null}},{"start":{"line":281,"column":6},"end":{"line":344,"column":null}},{"start":{"line":347,"column":6},"end":{"line":449,"column":null}},{"start":{"line":452,"column":6},"end":{"line":504,"column":null}},{"start":{"line":507,"column":6},"end":{"line":569,"column":null}},{"start":{"line":572,"column":6},"end":{"line":573,"column":null}}],"line":119},"4":{"loc":{"start":{"line":130,"column":20},"end":{"line":132,"column":null}},"type":"cond-expr","locations":[{"start":{"line":131,"column":24},"end":{"line":131,"column":null}},{"start":{"line":132,"column":24},"end":{"line":132,"column":null}}],"line":130},"5":{"loc":{"start":{"line":143,"column":20},"end":{"line":145,"column":null}},"type":"cond-expr","locations":[{"start":{"line":144,"column":24},"end":{"line":144,"column":null}},{"start":{"line":145,"column":24},"end":{"line":145,"column":null}}],"line":143},"6":{"loc":{"start":{"line":354,"column":16},"end":{"line":354,"column":null}},"type":"cond-expr","locations":[{"start":{"line":354,"column":49},"end":{"line":354,"column":89}},{"start":{"line":354,"column":89},"end":{"line":354,"column":null}}],"line":354},"7":{"loc":{"start":{"line":360,"column":22},"end":{"line":360,"column":null}},"type":"cond-expr","locations":[{"start":{"line":360,"column":55},"end":{"line":360,"column":75}},{"start":{"line":360,"column":75},"end":{"line":360,"column":null}}],"line":360},"8":{"loc":{"start":{"line":364,"column":24},"end":{"line":364,"column":null}},"type":"cond-expr","locations":[{"start":{"line":364,"column":57},"end":{"line":364,"column":76}},{"start":{"line":364,"column":76},"end":{"line":364,"column":null}}],"line":364},"9":{"loc":{"start":{"line":368,"column":54},"end":{"line":368,"column":110}},"type":"cond-expr","locations":[{"start":{"line":368,"column":87},"end":{"line":368,"column":99}},{"start":{"line":368,"column":99},"end":{"line":368,"column":110}}],"line":368},"10":{"loc":{"start":{"line":370,"column":25},"end":{"line":372,"column":null}},"type":"cond-expr","locations":[{"start":{"line":371,"column":28},"end":{"line":371,"column":null}},{"start":{"line":372,"column":28},"end":{"line":372,"column":null}}],"line":370},"11":{"loc":{"start":{"line":377,"column":29},"end":{"line":377,"column":null}},"type":"cond-expr","locations":[{"start":{"line":377,"column":62},"end":{"line":377,"column":74}},{"start":{"line":377,"column":74},"end":{"line":377,"column":null}}],"line":377},"12":{"loc":{"start":{"line":384,"column":21},"end":{"line":384,"column":null}},"type":"cond-expr","locations":[{"start":{"line":384,"column":54},"end":{"line":384,"column":66}},{"start":{"line":384,"column":66},"end":{"line":384,"column":null}}],"line":384},"13":{"loc":{"start":{"line":591,"column":13},"end":{"line":600,"column":null}},"type":"binary-expr","locations":[{"start":{"line":591,"column":13},"end":{"line":591,"column":null}},{"start":{"line":592,"column":14},"end":{"line":600,"column":null}}],"line":591},"14":{"loc":{"start":{"line":627,"column":22},"end":{"line":629,"column":null}},"type":"cond-expr","locations":[{"start":{"line":628,"column":26},"end":{"line":628,"column":null}},{"start":{"line":629,"column":26},"end":{"line":629,"column":null}}],"line":627}},"s":{"0":1,"1":349,"2":4,"3":141,"4":141,"5":141,"6":141,"7":141,"8":141,"9":141,"10":141,"11":141,"12":2,"13":2,"14":2,"15":2,"16":2,"17":2,"18":2,"19":0,"20":141,"21":141,"22":141,"23":87,"24":1,"25":1,"26":1,"27":1,"28":0,"29":1,"30":1,"31":11,"32":1,"33":1,"34":0,"35":0,"36":0,"37":0,"38":0,"39":11,"40":1,"41":1,"42":0,"43":15,"44":3,"45":7,"46":10,"47":0,"48":141,"49":846,"50":846,"51":846,"52":48},"f":{"0":349,"1":4,"2":141,"3":141,"4":141,"5":2,"6":2,"7":0,"8":141,"9":1,"10":1,"11":1,"12":1,"13":0,"14":1,"15":1,"16":1,"17":1,"18":0,"19":0,"20":0,"21":0,"22":0,"23":1,"24":1,"25":0,"26":3,"27":846,"28":48},"b":{"0":[349,349],"1":[249,100],"2":[249,100],"3":[87,11,11,15,7,10,0],"4":[86,1],"5":[1,86],"6":[2,13],"7":[2,13],"8":[2,13],"9":[2,13],"10":[2,13],"11":[2,13],"12":[2,13],"13":[141,2],"14":[141,705]},"meta":{"lastBranch":15,"lastFunction":29,"lastStatement":53,"seen":{"s:46:15:65:Infinity":0,"f:46:15:46:16":0,"s:47:2:65:Infinity":1,"b:50:7:50:22:50:22:50:Infinity":0,"f:53:15:53:21":1,"s:53:21:53:Infinity":2,"b:56:18:56:36:56:36:56:Infinity":1,"b:61:35:61:40:61:40:61:42":2,"f:68:16:68:27":2,"s:69:40:69:Infinity":3,"s:70:30:70:Infinity":4,"s:71:44:71:Infinity":5,"s:73:8:73:Infinity":6,"f:73:35:73:36":3,"s:73:42:73:52":7,"s:74:8:74:Infinity":8,"f:74:41:74:42":4,"s:74:48:74:64":9,"s:77:40:94:Infinity":10,"s:96:21:107:Infinity":11,"f:96:21:96:33":5,"s:97:4:97:Infinity":12,"s:98:4:98:Infinity":13,"f:98:22:98:33":6,"s:98:33:98:58":14,"s:99:4:103:Infinity":15,"s:104:4:104:Infinity":16,"s:105:4:105:Infinity":17,"s:106:4:106:Infinity":18,"f:106:15:106:21":7,"s:106:21:106:48":19,"s:109:19:116:Infinity":20,"s:118:24:575:Infinity":21,"f:118:24:118:30":8,"b:120:6:213:Infinity:216:6:278:Infinity:281:6:344:Infinity:347:6:449:Infinity:452:6:504:Infinity:507:6:569:Infinity:572:6:573:Infinity":3,"s:119:4:574:Infinity":22,"s:121:8:213:Infinity":23,"f:127:27:127:33":9,"s:127:33:127:Infinity":24,"b:131:24:131:Infinity:132:24:132:Infinity":4,"f:140:27:140:33":10,"s:140:33:140:Infinity":25,"b:144:24:144:Infinity:145:24:145:Infinity":5,"f:160:28:160:29":11,"s:160:35:160:Infinity":26,"f:166:28:166:29":12,"s:166:35:166:Infinity":27,"f:172:28:172:29":13,"s:172:35:172:Infinity":28,"f:187:30:187:31":14,"s:187:37:187:Infinity":29,"f:202:30:202:31":15,"s:202:37:202:Infinity":30,"s:217:8:278:Infinity":31,"f:224:28:224:29":16,"s:224:35:224:Infinity":32,"f:230:28:230:29":17,"s:230:35:230:Infinity":33,"f:242:28:242:29":18,"s:242:35:242:Infinity":34,"f:248:28:248:29":19,"s:248:35:248:Infinity":35,"f:254:28:254:29":20,"s:254:35:254:Infinity":36,"f:266:28:266:29":21,"s:266:35:266:Infinity":37,"f:272:28:272:29":22,"s:272:35:272:Infinity":38,"s:282:8:344:Infinity":39,"f:292:30:292:31":23,"s:292:37:292:Infinity":40,"f:302:30:302:31":24,"s:302:37:302:Infinity":41,"f:315:26:315:27":25,"s:315:33:315:Infinity":42,"s:348:8:449:Infinity":43,"b:354:49:354:89:354:89:354:Infinity":6,"b:360:55:360:75:360:75:360:Infinity":7,"b:364:57:364:76:364:76:364:Infinity":8,"b:368:87:368:99:368:99:368:110":9,"b:371:28:371:Infinity:372:28:372:Infinity":10,"b:377:62:377:74:377:74:377:Infinity":11,"f:379:29:379:35":26,"s:379:35:382:Infinity":44,"b:384:54:384:66:384:66:384:Infinity":12,"s:453:8:504:Infinity":45,"s:508:8:569:Infinity":46,"s:573:8:573:Infinity":47,"s:577:2:653:Infinity":48,"b:591:13:591:Infinity:592:14:600:Infinity":13,"f:618:28:618:29":27,"s:619:29:619:Infinity":49,"s:620:33:620:Infinity":50,"s:621:16:634:Infinity":51,"f:624:29:624:35":28,"s:624:35:624:Infinity":52,"b:628:26:628:Infinity:629:26:629:Infinity":14}}}
}
