{"C:\\Users\\winx1\\Documents\\vs_code_projects\\trading-hub-pro\\src\\components\\charts\\AreaChart.tsx": {"path":"C:\\Users\\winx1\\Documents\\vs_code_projects\\trading-hub-pro\\src\\components\\charts\\AreaChart.tsx","statementMap":{"0":{"start":{"line":44,"column":8},"end":{"line":49,"column":null}},"1":{"start":{"line":45,"column":4},"end":{"line":48,"column":null}},"2":{"start":{"line":45,"column":32},"end":{"line":48,"column":6}},"3":{"start":{"line":51,"column":36},"end":{"line":65,"column":null}},"4":{"start":{"line":52,"column":4},"end":{"line":52,"column":null}},"5":{"start":{"line":52,"column":27},"end":{"line":52,"column":null}},"6":{"start":{"line":53,"column":19},"end":{"line":53,"column":null}},"7":{"start":{"line":53,"column":35},"end":{"line":53,"column":42}},"8":{"start":{"line":54,"column":16},"end":{"line":54,"column":null}},"9":{"start":{"line":55,"column":16},"end":{"line":55,"column":null}},"10":{"start":{"line":56,"column":10},"end":{"line":56,"column":null}},"11":{"start":{"line":57,"column":23},"end":{"line":57,"column":null}},"12":{"start":{"line":58,"column":22},"end":{"line":58,"column":null}},"13":{"start":{"line":60,"column":4},"end":{"line":64,"column":null}},"14":{"start":{"line":68,"column":22},"end":{"line":68,"column":null}},"15":{"start":{"line":69,"column":20},"end":{"line":69,"column":null}},"16":{"start":{"line":71,"column":24},"end":{"line":86,"column":null}},"17":{"start":{"line":72,"column":4},"end":{"line":72,"column":null}},"18":{"start":{"line":72,"column":64},"end":{"line":72,"column":null}},"19":{"start":{"line":74,"column":18},"end":{"line":74,"column":null}},"20":{"start":{"line":76,"column":4},"end":{"line":84,"column":null}},"21":{"start":{"line":88,"column":2},"end":{"line":94,"column":null}},"22":{"start":{"line":89,"column":4},"end":{"line":92,"column":null}},"23":{"start":{"line":96,"column":2},"end":{"line":152,"column":null}},"24":{"start":{"line":129,"column":32},"end":{"line":129,"column":null}}},"fnMap":{"0":{"name":"TradingAreaChart","decl":{"start":{"line":35,"column":16},"end":{"line":35,"column":33}},"loc":{"start":{"line":43,"column":26},"end":{"line":154,"column":null}},"line":43},"1":{"name":"(anonymous_1)","decl":{"start":{"line":44,"column":28},"end":{"line":44,"column":34}},"loc":{"start":{"line":44,"column":34},"end":{"line":49,"column":5}},"line":44},"2":{"name":"(anonymous_2)","decl":{"start":{"line":45,"column":20},"end":{"line":45,"column":21}},"loc":{"start":{"line":45,"column":32},"end":{"line":48,"column":6}},"line":45},"3":{"name":"(anonymous_3)","decl":{"start":{"line":51,"column":48},"end":{"line":51,"column":54}},"loc":{"start":{"line":51,"column":54},"end":{"line":65,"column":5}},"line":51},"4":{"name":"(anonymous_4)","decl":{"start":{"line":53,"column":28},"end":{"line":53,"column":29}},"loc":{"start":{"line":53,"column":35},"end":{"line":53,"column":42}},"line":53},"5":{"name":"(anonymous_5)","decl":{"start":{"line":71,"column":24},"end":{"line":71,"column":25}},"loc":{"start":{"line":71,"column":151},"end":{"line":86,"column":null}},"line":71},"6":{"name":"(anonymous_6)","decl":{"start":{"line":129,"column":31},"end":{"line":129,"column":32}},"loc":{"start":{"line":129,"column":32},"end":{"line":129,"column":null}},"line":129}},"branchMap":{"0":{"loc":{"start":{"line":37,"column":2},"end":{"line":37,"column":null}},"type":"default-arg","locations":[{"start":{"line":37,"column":11},"end":{"line":37,"column":null}}],"line":37},"1":{"loc":{"start":{"line":38,"column":2},"end":{"line":38,"column":null}},"type":"default-arg","locations":[{"start":{"line":38,"column":10},"end":{"line":38,"column":null}}],"line":38},"2":{"loc":{"start":{"line":39,"column":2},"end":{"line":39,"column":null}},"type":"default-arg","locations":[{"start":{"line":39,"column":13},"end":{"line":39,"column":null}}],"line":39},"3":{"loc":{"start":{"line":40,"column":2},"end":{"line":40,"column":null}},"type":"default-arg","locations":[{"start":{"line":40,"column":16},"end":{"line":40,"column":null}}],"line":40},"4":{"loc":{"start":{"line":41,"column":2},"end":{"line":41,"column":null}},"type":"default-arg","locations":[{"start":{"line":41,"column":13},"end":{"line":41,"column":null}}],"line":41},"5":{"loc":{"start":{"line":52,"column":4},"end":{"line":52,"column":null}},"type":"if","locations":[{"start":{"line":52,"column":4},"end":{"line":52,"column":null}},{"start":{},"end":{}}],"line":52},"6":{"loc":{"start":{"line":63,"column":13},"end":{"line":63,"column":null}},"type":"cond-expr","locations":[{"start":{"line":63,"column":39},"end":{"line":63,"column":46}},{"start":{"line":63,"column":46},"end":{"line":63,"column":null}}],"line":63},"7":{"loc":{"start":{"line":68,"column":22},"end":{"line":68,"column":null}},"type":"cond-expr","locations":[{"start":{"line":68,"column":41},"end":{"line":68,"column":53}},{"start":{"line":68,"column":53},"end":{"line":68,"column":null}}],"line":68},"8":{"loc":{"start":{"line":69,"column":20},"end":{"line":69,"column":null}},"type":"cond-expr","locations":[{"start":{"line":69,"column":39},"end":{"line":69,"column":66}},{"start":{"line":69,"column":66},"end":{"line":69,"column":null}}],"line":69},"9":{"loc":{"start":{"line":72,"column":4},"end":{"line":72,"column":null}},"type":"if","locations":[{"start":{"line":72,"column":4},"end":{"line":72,"column":null}},{"start":{},"end":{}}],"line":72},"10":{"loc":{"start":{"line":72,"column":8},"end":{"line":72,"column":64}},"type":"binary-expr","locations":[{"start":{"line":72,"column":8},"end":{"line":72,"column":19}},{"start":{"line":72,"column":19},"end":{"line":72,"column":31}},{"start":{"line":72,"column":31},"end":{"line":72,"column":50}},{"start":{"line":72,"column":50},"end":{"line":72,"column":64}}],"line":72},"11":{"loc":{"start":{"line":88,"column":2},"end":{"line":94,"column":null}},"type":"if","locations":[{"start":{"line":88,"column":2},"end":{"line":94,"column":null}},{"start":{},"end":{}}],"line":88},"12":{"loc":{"start":{"line":101,"column":35},"end":{"line":101,"column":54}},"type":"cond-expr","locations":[{"start":{"line":101,"column":46},"end":{"line":101,"column":51}},{"start":{"line":101,"column":51},"end":{"line":101,"column":54}}],"line":101},"13":{"loc":{"start":{"line":110,"column":11},"end":{"line":111,"column":null}},"type":"binary-expr","locations":[{"start":{"line":110,"column":11},"end":{"line":110,"column":null}},{"start":{"line":111,"column":12},"end":{"line":111,"column":null}}],"line":110},"14":{"loc":{"start":{"line":114,"column":11},"end":{"line":132,"column":null}},"type":"binary-expr","locations":[{"start":{"line":114,"column":11},"end":{"line":114,"column":null}},{"start":{"line":115,"column":12},"end":{"line":132,"column":null}}],"line":114},"15":{"loc":{"start":{"line":135,"column":11},"end":{"line":139,"column":null}},"type":"binary-expr","locations":[{"start":{"line":135,"column":11},"end":{"line":135,"column":null}},{"start":{"line":136,"column":12},"end":{"line":139,"column":null}}],"line":135}},"s":{"0":5,"1":5,"2":24,"3":5,"4":5,"5":1,"6":4,"7":24,"8":4,"9":4,"10":4,"11":4,"12":4,"13":4,"14":5,"15":5,"16":5,"17":0,"18":0,"19":0,"20":0,"21":5,"22":1,"23":4,"24":0},"f":{"0":5,"1":5,"2":24,"3":5,"4":24,"5":0,"6":0},"b":{"0":[5],"1":[5],"2":[5],"3":[5],"4":[5],"5":[1,4],"6":[4,0],"7":[0,5],"8":[0,5],"9":[0,0],"10":[0,0,0,0],"11":[1,4],"12":[4,0],"13":[5,3],"14":[5,4],"15":[5,4]},"meta":{"lastBranch":16,"lastFunction":7,"lastStatement":25,"seen":{"f:35:16:35:33":0,"b:37:11:37:Infinity":0,"b:38:10:38:Infinity":1,"b:39:13:39:Infinity":2,"b:40:16:40:Infinity":3,"b:41:13:41:Infinity":4,"s:44:8:49:Infinity":0,"f:44:28:44:34":1,"s:45:4:48:Infinity":1,"f:45:20:45:21":2,"s:45:32:48:6":2,"s:51:36:65:Infinity":3,"f:51:48:51:54":3,"b:52:4:52:Infinity:undefined:undefined:undefined:undefined":5,"s:52:4:52:Infinity":4,"s:52:27:52:Infinity":5,"s:53:19:53:Infinity":6,"f:53:28:53:29":4,"s:53:35:53:42":7,"s:54:16:54:Infinity":8,"s:55:16:55:Infinity":9,"s:56:10:56:Infinity":10,"s:57:23:57:Infinity":11,"s:58:22:58:Infinity":12,"s:60:4:64:Infinity":13,"b:63:39:63:46:63:46:63:Infinity":6,"s:68:22:68:Infinity":14,"b:68:41:68:53:68:53:68:Infinity":7,"s:69:20:69:Infinity":15,"b:69:39:69:66:69:66:69:Infinity":8,"s:71:24:86:Infinity":16,"f:71:24:71:25":5,"b:72:4:72:Infinity:undefined:undefined:undefined:undefined":9,"s:72:4:72:Infinity":17,"b:72:8:72:19:72:19:72:31:72:31:72:50:72:50:72:64":10,"s:72:64:72:Infinity":18,"s:74:18:74:Infinity":19,"s:76:4:84:Infinity":20,"b:88:2:94:Infinity:undefined:undefined:undefined:undefined":11,"s:88:2:94:Infinity":21,"s:89:4:92:Infinity":22,"s:96:2:152:Infinity":23,"b:101:46:101:51:101:51:101:54":12,"b:110:11:110:Infinity:111:12:111:Infinity":13,"b:114:11:114:Infinity:115:12:132:Infinity":14,"f:129:31:129:32":6,"s:129:32:129:Infinity":24,"b:135:11:135:Infinity:136:12:139:Infinity":15}}}
,"C:\\Users\\winx1\\Documents\\vs_code_projects\\trading-hub-pro\\src\\components\\charts\\DepthChart.tsx": {"path":"C:\\Users\\winx1\\Documents\\vs_code_projects\\trading-hub-pro\\src\\components\\charts\\DepthChart.tsx","statementMap":{"0":{"start":{"line":42,"column":8},"end":{"line":74,"column":null}},"1":{"start":{"line":44,"column":23},"end":{"line":44,"column":null}},"2":{"start":{"line":44,"column":48},"end":{"line":44,"column":65}},"3":{"start":{"line":45,"column":23},"end":{"line":45,"column":null}},"4":{"start":{"line":45,"column":48},"end":{"line":45,"column":65}},"5":{"start":{"line":48,"column":24},"end":{"line":48,"column":null}},"6":{"start":{"line":49,"column":40},"end":{"line":58,"column":null}},"7":{"start":{"line":50,"column":6},"end":{"line":50,"column":null}},"8":{"start":{"line":51,"column":6},"end":{"line":57,"column":null}},"9":{"start":{"line":61,"column":24},"end":{"line":61,"column":null}},"10":{"start":{"line":62,"column":40},"end":{"line":71,"column":null}},"11":{"start":{"line":63,"column":6},"end":{"line":63,"column":null}},"12":{"start":{"line":64,"column":6},"end":{"line":70,"column":null}},"13":{"start":{"line":73,"column":4},"end":{"line":73,"column":null}},"14":{"start":{"line":76,"column":8},"end":{"line":84,"column":null}},"15":{"start":{"line":77,"column":4},"end":{"line":77,"column":null}},"16":{"start":{"line":77,"column":18},"end":{"line":77,"column":null}},"17":{"start":{"line":78,"column":4},"end":{"line":82,"column":null}},"18":{"start":{"line":79,"column":25},"end":{"line":79,"column":null}},"19":{"start":{"line":79,"column":53},"end":{"line":79,"column":60}},"20":{"start":{"line":80,"column":24},"end":{"line":80,"column":null}},"21":{"start":{"line":80,"column":52},"end":{"line":80,"column":59}},"22":{"start":{"line":81,"column":6},"end":{"line":81,"column":null}},"23":{"start":{"line":83,"column":4},"end":{"line":83,"column":null}},"24":{"start":{"line":86,"column":8},"end":{"line":100,"column":null}},"25":{"start":{"line":87,"column":27},"end":{"line":87,"column":null}},"26":{"start":{"line":87,"column":51},"end":{"line":87,"column":66}},"27":{"start":{"line":88,"column":27},"end":{"line":88,"column":null}},"28":{"start":{"line":88,"column":51},"end":{"line":88,"column":66}},"29":{"start":{"line":90,"column":6},"end":{"line":92,"column":null}},"30":{"start":{"line":94,"column":4},"end":{"line":99,"column":null}},"31":{"start":{"line":102,"column":24},"end":{"line":124,"column":null}},"32":{"start":{"line":103,"column":4},"end":{"line":103,"column":null}},"33":{"start":{"line":103,"column":48},"end":{"line":103,"column":null}},"34":{"start":{"line":105,"column":18},"end":{"line":105,"column":null}},"35":{"start":{"line":106,"column":18},"end":{"line":106,"column":null}},"36":{"start":{"line":108,"column":4},"end":{"line":122,"column":null}},"37":{"start":{"line":126,"column":2},"end":{"line":132,"column":null}},"38":{"start":{"line":127,"column":4},"end":{"line":130,"column":null}},"39":{"start":{"line":134,"column":2},"end":{"line":236,"column":null}},"40":{"start":{"line":187,"column":28},"end":{"line":187,"column":null}},"41":{"start":{"line":196,"column":28},"end":{"line":196,"column":null}}},"fnMap":{"0":{"name":"DepthChart","decl":{"start":{"line":35,"column":16},"end":{"line":35,"column":27}},"loc":{"start":{"line":41,"column":20},"end":{"line":238,"column":null}},"line":41},"1":{"name":"(anonymous_1)","decl":{"start":{"line":42,"column":28},"end":{"line":42,"column":34}},"loc":{"start":{"line":42,"column":34},"end":{"line":74,"column":5}},"line":42},"2":{"name":"(anonymous_2)","decl":{"start":{"line":44,"column":38},"end":{"line":44,"column":39}},"loc":{"start":{"line":44,"column":48},"end":{"line":44,"column":65}},"line":44},"3":{"name":"(anonymous_3)","decl":{"start":{"line":45,"column":38},"end":{"line":45,"column":39}},"loc":{"start":{"line":45,"column":48},"end":{"line":45,"column":65}},"line":45},"4":{"name":"(anonymous_4)","decl":{"start":{"line":49,"column":55},"end":{"line":49,"column":56}},"loc":{"start":{"line":49,"column":66},"end":{"line":58,"column":5}},"line":49},"5":{"name":"(anonymous_5)","decl":{"start":{"line":62,"column":55},"end":{"line":62,"column":56}},"loc":{"start":{"line":62,"column":66},"end":{"line":71,"column":5}},"line":62},"6":{"name":"(anonymous_6)","decl":{"start":{"line":76,"column":37},"end":{"line":76,"column":43}},"loc":{"start":{"line":76,"column":43},"end":{"line":84,"column":5}},"line":76},"7":{"name":"(anonymous_7)","decl":{"start":{"line":79,"column":46},"end":{"line":79,"column":47}},"loc":{"start":{"line":79,"column":53},"end":{"line":79,"column":60}},"line":79},"8":{"name":"(anonymous_8)","decl":{"start":{"line":80,"column":45},"end":{"line":80,"column":46}},"loc":{"start":{"line":80,"column":52},"end":{"line":80,"column":59}},"line":80},"9":{"name":"(anonymous_9)","decl":{"start":{"line":86,"column":24},"end":{"line":86,"column":30}},"loc":{"start":{"line":86,"column":30},"end":{"line":100,"column":5}},"line":86},"10":{"name":"(anonymous_10)","decl":{"start":{"line":87,"column":39},"end":{"line":87,"column":40}},"loc":{"start":{"line":87,"column":51},"end":{"line":87,"column":66}},"line":87},"11":{"name":"(anonymous_11)","decl":{"start":{"line":88,"column":39},"end":{"line":88,"column":40}},"loc":{"start":{"line":88,"column":51},"end":{"line":88,"column":66}},"line":88},"12":{"name":"(anonymous_12)","decl":{"start":{"line":102,"column":24},"end":{"line":102,"column":25}},"loc":{"start":{"line":102,"column":117},"end":{"line":124,"column":null}},"line":102},"13":{"name":"(anonymous_13)","decl":{"start":{"line":187,"column":27},"end":{"line":187,"column":28}},"loc":{"start":{"line":187,"column":28},"end":{"line":187,"column":null}},"line":187},"14":{"name":"(anonymous_14)","decl":{"start":{"line":196,"column":27},"end":{"line":196,"column":28}},"loc":{"start":{"line":196,"column":28},"end":{"line":196,"column":null}},"line":196}},"branchMap":{"0":{"loc":{"start":{"line":38,"column":2},"end":{"line":38,"column":null}},"type":"default-arg","locations":[{"start":{"line":38,"column":11},"end":{"line":38,"column":null}}],"line":38},"1":{"loc":{"start":{"line":77,"column":4},"end":{"line":77,"column":null}},"type":"if","locations":[{"start":{"line":77,"column":4},"end":{"line":77,"column":null}},{"start":{},"end":{}}],"line":77},"2":{"loc":{"start":{"line":78,"column":4},"end":{"line":82,"column":null}},"type":"if","locations":[{"start":{"line":78,"column":4},"end":{"line":82,"column":null}},{"start":{},"end":{}}],"line":78},"3":{"loc":{"start":{"line":78,"column":8},"end":{"line":78,"column":44}},"type":"binary-expr","locations":[{"start":{"line":78,"column":8},"end":{"line":78,"column":27}},{"start":{"line":78,"column":27},"end":{"line":78,"column":44}}],"line":78},"4":{"loc":{"start":{"line":90,"column":6},"end":{"line":92,"column":null}},"type":"cond-expr","locations":[{"start":{"line":90,"column":40},"end":{"line":91,"column":null}},{"start":{"line":92,"column":10},"end":{"line":92,"column":null}}],"line":90},"5":{"loc":{"start":{"line":103,"column":4},"end":{"line":103,"column":null}},"type":"if","locations":[{"start":{"line":103,"column":4},"end":{"line":103,"column":null}},{"start":{},"end":{}}],"line":103},"6":{"loc":{"start":{"line":103,"column":8},"end":{"line":103,"column":48}},"type":"binary-expr","locations":[{"start":{"line":103,"column":8},"end":{"line":103,"column":19}},{"start":{"line":103,"column":19},"end":{"line":103,"column":31}},{"start":{"line":103,"column":31},"end":{"line":103,"column":48}}],"line":103},"7":{"loc":{"start":{"line":113,"column":9},"end":{"line":120,"column":null}},"type":"cond-expr","locations":[{"start":{"line":114,"column":10},"end":{"line":116,"column":null}},{"start":{"line":118,"column":10},"end":{"line":120,"column":null}}],"line":113},"8":{"loc":{"start":{"line":126,"column":2},"end":{"line":132,"column":null}},"type":"if","locations":[{"start":{"line":126,"column":2},"end":{"line":132,"column":null}},{"start":{},"end":{}}],"line":126},"9":{"loc":{"start":{"line":157,"column":12},"end":{"line":159,"column":null}},"type":"cond-expr","locations":[{"start":{"line":158,"column":16},"end":{"line":158,"column":null}},{"start":{"line":159,"column":16},"end":{"line":159,"column":null}}],"line":157},"10":{"loc":{"start":{"line":162,"column":11},"end":{"line":162,"column":41}},"type":"cond-expr","locations":[{"start":{"line":162,"column":31},"end":{"line":162,"column":37}},{"start":{"line":162,"column":37},"end":{"line":162,"column":41}}],"line":162},"11":{"loc":{"start":{"line":202,"column":11},"end":{"line":214,"column":null}},"type":"binary-expr","locations":[{"start":{"line":202,"column":11},"end":{"line":202,"column":null}},{"start":{"line":203,"column":12},"end":{"line":214,"column":null}}],"line":202}},"s":{"0":6,"1":6,"2":13,"3":6,"4":12,"5":6,"6":6,"7":18,"8":18,"9":6,"10":6,"11":17,"12":17,"13":6,"14":6,"15":6,"16":1,"17":5,"18":4,"19":14,"20":4,"21":13,"22":4,"23":1,"24":6,"25":6,"26":18,"27":6,"28":17,"29":6,"30":6,"31":6,"32":0,"33":0,"34":0,"35":0,"36":0,"37":6,"38":1,"39":5,"40":0,"41":0},"f":{"0":6,"1":6,"2":13,"3":12,"4":18,"5":17,"6":6,"7":14,"8":13,"9":6,"10":18,"11":17,"12":0,"13":0,"14":0},"b":{"0":[6],"1":[1,5],"2":[4,1],"3":[5,4],"4":[5,1],"5":[0,0],"6":[0,0,0],"7":[0,0],"8":[1,5],"9":[5,0],"10":[5,0],"11":[6,5]},"meta":{"lastBranch":12,"lastFunction":15,"lastStatement":42,"seen":{"f:35:16:35:27":0,"b:38:11:38:Infinity":0,"s:42:8:74:Infinity":0,"f:42:28:42:34":1,"s:44:23:44:Infinity":1,"f:44:38:44:39":2,"s:44:48:44:65":2,"s:45:23:45:Infinity":3,"f:45:38:45:39":3,"s:45:48:45:65":4,"s:48:24:48:Infinity":5,"s:49:40:58:Infinity":6,"f:49:55:49:56":4,"s:50:6:50:Infinity":7,"s:51:6:57:Infinity":8,"s:61:24:61:Infinity":9,"s:62:40:71:Infinity":10,"f:62:55:62:56":5,"s:63:6:63:Infinity":11,"s:64:6:70:Infinity":12,"s:73:4:73:Infinity":13,"s:76:8:84:Infinity":14,"f:76:37:76:43":6,"b:77:4:77:Infinity:undefined:undefined:undefined:undefined":1,"s:77:4:77:Infinity":15,"s:77:18:77:Infinity":16,"b:78:4:82:Infinity:undefined:undefined:undefined:undefined":2,"s:78:4:82:Infinity":17,"b:78:8:78:27:78:27:78:44":3,"s:79:25:79:Infinity":18,"f:79:46:79:47":7,"s:79:53:79:60":19,"s:80:24:80:Infinity":20,"f:80:45:80:46":8,"s:80:52:80:59":21,"s:81:6:81:Infinity":22,"s:83:4:83:Infinity":23,"s:86:8:100:Infinity":24,"f:86:24:86:30":9,"s:87:27:87:Infinity":25,"f:87:39:87:40":10,"s:87:51:87:66":26,"s:88:27:88:Infinity":27,"f:88:39:88:40":11,"s:88:51:88:66":28,"s:90:6:92:Infinity":29,"b:90:40:91:Infinity:92:10:92:Infinity":4,"s:94:4:99:Infinity":30,"s:102:24:124:Infinity":31,"f:102:24:102:25":12,"b:103:4:103:Infinity:undefined:undefined:undefined:undefined":5,"s:103:4:103:Infinity":32,"b:103:8:103:19:103:19:103:31:103:31:103:48":6,"s:103:48:103:Infinity":33,"s:105:18:105:Infinity":34,"s:106:18:106:Infinity":35,"s:108:4:122:Infinity":36,"b:114:10:116:Infinity:118:10:120:Infinity":7,"b:126:2:132:Infinity:undefined:undefined:undefined:undefined":8,"s:126:2:132:Infinity":37,"s:127:4:130:Infinity":38,"s:134:2:236:Infinity":39,"b:158:16:158:Infinity:159:16:159:Infinity":9,"b:162:31:162:37:162:37:162:41":10,"f:187:27:187:28":13,"s:187:28:187:Infinity":40,"f:196:27:196:28":14,"s:196:28:196:Infinity":41,"b:202:11:202:Infinity:203:12:214:Infinity":11}}}
,"C:\\Users\\winx1\\Documents\\vs_code_projects\\trading-hub-pro\\src\\components\\charts\\RSIChart.tsx": {"path":"C:\\Users\\winx1\\Documents\\vs_code_projects\\trading-hub-pro\\src\\components\\charts\\RSIChart.tsx","statementMap":{"0":{"start":{"line":37,"column":8},"end":{"line":42,"column":null}},"1":{"start":{"line":38,"column":4},"end":{"line":41,"column":null}},"2":{"start":{"line":38,"column":32},"end":{"line":41,"column":6}},"3":{"start":{"line":44,"column":20},"end":{"line":44,"column":null}},"4":{"start":{"line":46,"column":22},"end":{"line":50,"column":null}},"5":{"start":{"line":47,"column":4},"end":{"line":47,"column":null}},"6":{"start":{"line":47,"column":34},"end":{"line":47,"column":null}},"7":{"start":{"line":48,"column":4},"end":{"line":48,"column":null}},"8":{"start":{"line":48,"column":32},"end":{"line":48,"column":null}},"9":{"start":{"line":49,"column":4},"end":{"line":49,"column":null}},"10":{"start":{"line":52,"column":22},"end":{"line":56,"column":null}},"11":{"start":{"line":53,"column":4},"end":{"line":53,"column":null}},"12":{"start":{"line":53,"column":34},"end":{"line":53,"column":null}},"13":{"start":{"line":54,"column":4},"end":{"line":54,"column":null}},"14":{"start":{"line":54,"column":32},"end":{"line":54,"column":null}},"15":{"start":{"line":55,"column":4},"end":{"line":55,"column":null}},"16":{"start":{"line":58,"column":24},"end":{"line":83,"column":null}},"17":{"start":{"line":59,"column":4},"end":{"line":59,"column":null}},"18":{"start":{"line":59,"column":48},"end":{"line":59,"column":null}},"19":{"start":{"line":61,"column":18},"end":{"line":61,"column":null}},"20":{"start":{"line":62,"column":18},"end":{"line":62,"column":null}},"21":{"start":{"line":63,"column":18},"end":{"line":63,"column":null}},"22":{"start":{"line":65,"column":4},"end":{"line":81,"column":null}},"23":{"start":{"line":85,"column":2},"end":{"line":91,"column":null}},"24":{"start":{"line":86,"column":4},"end":{"line":89,"column":null}},"25":{"start":{"line":93,"column":2},"end":{"line":190,"column":null}}},"fnMap":{"0":{"name":"RSIChart","decl":{"start":{"line":30,"column":16},"end":{"line":30,"column":25}},"loc":{"start":{"line":36,"column":18},"end":{"line":192,"column":null}},"line":36},"1":{"name":"(anonymous_1)","decl":{"start":{"line":37,"column":28},"end":{"line":37,"column":34}},"loc":{"start":{"line":37,"column":34},"end":{"line":42,"column":5}},"line":37},"2":{"name":"(anonymous_2)","decl":{"start":{"line":38,"column":20},"end":{"line":38,"column":21}},"loc":{"start":{"line":38,"column":32},"end":{"line":41,"column":6}},"line":38},"3":{"name":"(anonymous_3)","decl":{"start":{"line":46,"column":22},"end":{"line":46,"column":23}},"loc":{"start":{"line":46,"column":41},"end":{"line":50,"column":null}},"line":46},"4":{"name":"(anonymous_4)","decl":{"start":{"line":52,"column":22},"end":{"line":52,"column":23}},"loc":{"start":{"line":52,"column":41},"end":{"line":56,"column":null}},"line":52},"5":{"name":"(anonymous_5)","decl":{"start":{"line":58,"column":24},"end":{"line":58,"column":25}},"loc":{"start":{"line":58,"column":138},"end":{"line":83,"column":null}},"line":58}},"branchMap":{"0":{"loc":{"start":{"line":32,"column":2},"end":{"line":32,"column":null}},"type":"default-arg","locations":[{"start":{"line":32,"column":11},"end":{"line":32,"column":null}}],"line":32},"1":{"loc":{"start":{"line":33,"column":2},"end":{"line":33,"column":null}},"type":"default-arg","locations":[{"start":{"line":33,"column":20},"end":{"line":33,"column":null}}],"line":33},"2":{"loc":{"start":{"line":34,"column":2},"end":{"line":34,"column":null}},"type":"default-arg","locations":[{"start":{"line":34,"column":18},"end":{"line":34,"column":null}}],"line":34},"3":{"loc":{"start":{"line":44,"column":20},"end":{"line":44,"column":null}},"type":"cond-expr","locations":[{"start":{"line":44,"column":38},"end":{"line":44,"column":62}},{"start":{"line":44,"column":62},"end":{"line":44,"column":null}}],"line":44},"4":{"loc":{"start":{"line":47,"column":4},"end":{"line":47,"column":null}},"type":"if","locations":[{"start":{"line":47,"column":4},"end":{"line":47,"column":null}},{"start":{},"end":{}}],"line":47},"5":{"loc":{"start":{"line":48,"column":4},"end":{"line":48,"column":null}},"type":"if","locations":[{"start":{"line":48,"column":4},"end":{"line":48,"column":null}},{"start":{},"end":{}}],"line":48},"6":{"loc":{"start":{"line":53,"column":4},"end":{"line":53,"column":null}},"type":"if","locations":[{"start":{"line":53,"column":4},"end":{"line":53,"column":null}},{"start":{},"end":{}}],"line":53},"7":{"loc":{"start":{"line":54,"column":4},"end":{"line":54,"column":null}},"type":"if","locations":[{"start":{"line":54,"column":4},"end":{"line":54,"column":null}},{"start":{},"end":{}}],"line":54},"8":{"loc":{"start":{"line":59,"column":4},"end":{"line":59,"column":null}},"type":"if","locations":[{"start":{"line":59,"column":4},"end":{"line":59,"column":null}},{"start":{},"end":{}}],"line":59},"9":{"loc":{"start":{"line":59,"column":8},"end":{"line":59,"column":48}},"type":"binary-expr","locations":[{"start":{"line":59,"column":8},"end":{"line":59,"column":19}},{"start":{"line":59,"column":19},"end":{"line":59,"column":31}},{"start":{"line":59,"column":31},"end":{"line":59,"column":48}}],"line":59},"10":{"loc":{"start":{"line":85,"column":2},"end":{"line":91,"column":null}},"type":"if","locations":[{"start":{"line":85,"column":2},"end":{"line":91,"column":null}},{"start":{},"end":{}}],"line":85},"11":{"loc":{"start":{"line":96,"column":7},"end":{"line":107,"column":null}},"type":"binary-expr","locations":[{"start":{"line":96,"column":7},"end":{"line":96,"column":null}},{"start":{"line":97,"column":8},"end":{"line":107,"column":null}}],"line":96}},"s":{"0":5,"1":5,"2":24,"3":5,"4":5,"5":8,"6":0,"7":8,"8":0,"9":8,"10":5,"11":0,"12":0,"13":0,"14":0,"15":0,"16":5,"17":0,"18":0,"19":0,"20":0,"21":0,"22":0,"23":5,"24":1,"25":4},"f":{"0":5,"1":5,"2":24,"3":8,"4":0,"5":0},"b":{"0":[5],"1":[5],"2":[5],"3":[4,1],"4":[0,8],"5":[0,8],"6":[0,0],"7":[0,0],"8":[0,0],"9":[0,0,0],"10":[1,4],"11":[4,4]},"meta":{"lastBranch":12,"lastFunction":6,"lastStatement":26,"seen":{"f:30:16:30:25":0,"b:32:11:32:Infinity":0,"b:33:20:33:Infinity":1,"b:34:18:34:Infinity":2,"s:37:8:42:Infinity":0,"f:37:28:37:34":1,"s:38:4:41:Infinity":1,"f:38:20:38:21":2,"s:38:32:41:6":2,"s:44:20:44:Infinity":3,"b:44:38:44:62:44:62:44:Infinity":3,"s:46:22:50:Infinity":4,"f:46:22:46:23":3,"b:47:4:47:Infinity:undefined:undefined:undefined:undefined":4,"s:47:4:47:Infinity":5,"s:47:34:47:Infinity":6,"b:48:4:48:Infinity:undefined:undefined:undefined:undefined":5,"s:48:4:48:Infinity":7,"s:48:32:48:Infinity":8,"s:49:4:49:Infinity":9,"s:52:22:56:Infinity":10,"f:52:22:52:23":4,"b:53:4:53:Infinity:undefined:undefined:undefined:undefined":6,"s:53:4:53:Infinity":11,"s:53:34:53:Infinity":12,"b:54:4:54:Infinity:undefined:undefined:undefined:undefined":7,"s:54:4:54:Infinity":13,"s:54:32:54:Infinity":14,"s:55:4:55:Infinity":15,"s:58:24:83:Infinity":16,"f:58:24:58:25":5,"b:59:4:59:Infinity:undefined:undefined:undefined:undefined":8,"s:59:4:59:Infinity":17,"b:59:8:59:19:59:19:59:31:59:31:59:48":9,"s:59:48:59:Infinity":18,"s:61:18:61:Infinity":19,"s:62:18:62:Infinity":20,"s:63:18:63:Infinity":21,"s:65:4:81:Infinity":22,"b:85:2:91:Infinity:undefined:undefined:undefined:undefined":10,"s:85:2:91:Infinity":23,"s:86:4:89:Infinity":24,"s:93:2:190:Infinity":25,"b:96:7:96:Infinity:97:8:107:Infinity":11}}}
,"C:\\Users\\winx1\\Documents\\vs_code_projects\\trading-hub-pro\\src\\components\\charts\\Sparkline.tsx": {"path":"C:\\Users\\winx1\\Documents\\vs_code_projects\\trading-hub-pro\\src\\components\\charts\\Sparkline.tsx","statementMap":{"0":{"start":{"line":34,"column":8},"end":{"line":36,"column":null}},"1":{"start":{"line":35,"column":4},"end":{"line":35,"column":null}},"2":{"start":{"line":35,"column":39},"end":{"line":35,"column":56}},"3":{"start":{"line":38,"column":40},"end":{"line":76,"column":null}},"4":{"start":{"line":39,"column":4},"end":{"line":41,"column":null}},"5":{"start":{"line":40,"column":6},"end":{"line":40,"column":null}},"6":{"start":{"line":43,"column":23},"end":{"line":43,"column":null}},"7":{"start":{"line":44,"column":22},"end":{"line":44,"column":null}},"8":{"start":{"line":45,"column":10},"end":{"line":45,"column":null}},"9":{"start":{"line":47,"column":4},"end":{"line":61,"column":null}},"10":{"start":{"line":48,"column":6},"end":{"line":60,"column":null}},"11":{"start":{"line":49,"column":8},"end":{"line":53,"column":null}},"12":{"start":{"line":54,"column":6},"end":{"line":60,"column":null}},"13":{"start":{"line":55,"column":8},"end":{"line":59,"column":null}},"14":{"start":{"line":63,"column":21},"end":{"line":69,"column":null}},"15":{"start":{"line":71,"column":4},"end":{"line":75,"column":null}},"16":{"start":{"line":78,"column":2},"end":{"line":87,"column":null}},"17":{"start":{"line":79,"column":4},"end":{"line":85,"column":null}},"18":{"start":{"line":89,"column":21},"end":{"line":89,"column":null}},"19":{"start":{"line":91,"column":2},"end":{"line":126,"column":null}},"20":{"start":{"line":153,"column":18},"end":{"line":153,"column":null}},"21":{"start":{"line":155,"column":16},"end":{"line":155,"column":null}},"22":{"start":{"line":156,"column":2},"end":{"line":168,"column":null}},"23":{"start":{"line":157,"column":4},"end":{"line":166,"column":null}},"24":{"start":{"line":171,"column":8},"end":{"line":171,"column":null}},"25":{"start":{"line":172,"column":18},"end":{"line":172,"column":null}},"26":{"start":{"line":173,"column":22},"end":{"line":173,"column":null}},"27":{"start":{"line":174,"column":8},"end":{"line":174,"column":null}},"28":{"start":{"line":176,"column":2},"end":{"line":213,"column":null}},"29":{"start":{"line":234,"column":17},"end":{"line":234,"column":null}},"30":{"start":{"line":235,"column":24},"end":{"line":235,"column":null}},"31":{"start":{"line":236,"column":21},"end":{"line":236,"column":null}},"32":{"start":{"line":238,"column":2},"end":{"line":253,"column":null}}},"fnMap":{"0":{"name":"Sparkline","decl":{"start":{"line":25,"column":16},"end":{"line":25,"column":26}},"loc":{"start":{"line":33,"column":19},"end":{"line":128,"column":null}},"line":33},"1":{"name":"(anonymous_1)","decl":{"start":{"line":34,"column":28},"end":{"line":34,"column":34}},"loc":{"start":{"line":34,"column":34},"end":{"line":36,"column":5}},"line":34},"2":{"name":"(anonymous_2)","decl":{"start":{"line":35,"column":20},"end":{"line":35,"column":21}},"loc":{"start":{"line":35,"column":39},"end":{"line":35,"column":56}},"line":35},"3":{"name":"(anonymous_3)","decl":{"start":{"line":38,"column":52},"end":{"line":38,"column":58}},"loc":{"start":{"line":38,"column":58},"end":{"line":76,"column":5}},"line":38},"4":{"name":"MiniCandle","decl":{"start":{"line":144,"column":16},"end":{"line":144,"column":27}},"loc":{"start":{"line":152,"column":20},"end":{"line":215,"column":null}},"line":152},"5":{"name":"PriceChange","decl":{"start":{"line":228,"column":16},"end":{"line":228,"column":28}},"loc":{"start":{"line":233,"column":21},"end":{"line":255,"column":null}},"line":233}},"branchMap":{"0":{"loc":{"start":{"line":27,"column":2},"end":{"line":27,"column":null}},"type":"default-arg","locations":[{"start":{"line":27,"column":10},"end":{"line":27,"column":null}}],"line":27},"1":{"loc":{"start":{"line":28,"column":2},"end":{"line":28,"column":null}},"type":"default-arg","locations":[{"start":{"line":28,"column":11},"end":{"line":28,"column":null}}],"line":28},"2":{"loc":{"start":{"line":29,"column":2},"end":{"line":29,"column":null}},"type":"default-arg","locations":[{"start":{"line":29,"column":10},"end":{"line":29,"column":null}}],"line":29},"3":{"loc":{"start":{"line":30,"column":2},"end":{"line":30,"column":null}},"type":"default-arg","locations":[{"start":{"line":30,"column":16},"end":{"line":30,"column":null}}],"line":30},"4":{"loc":{"start":{"line":31,"column":2},"end":{"line":31,"column":null}},"type":"default-arg","locations":[{"start":{"line":31,"column":13},"end":{"line":31,"column":null}}],"line":31},"5":{"loc":{"start":{"line":39,"column":4},"end":{"line":41,"column":null}},"type":"if","locations":[{"start":{"line":39,"column":4},"end":{"line":41,"column":null}},{"start":{},"end":{}}],"line":39},"6":{"loc":{"start":{"line":47,"column":4},"end":{"line":61,"column":null}},"type":"if","locations":[{"start":{"line":47,"column":4},"end":{"line":61,"column":null}},{"start":{},"end":{}}],"line":47},"7":{"loc":{"start":{"line":48,"column":6},"end":{"line":60,"column":null}},"type":"if","locations":[{"start":{"line":48,"column":6},"end":{"line":60,"column":null}},{"start":{"line":54,"column":6},"end":{"line":60,"column":null}}],"line":48},"8":{"loc":{"start":{"line":54,"column":6},"end":{"line":60,"column":null}},"type":"if","locations":[{"start":{"line":54,"column":6},"end":{"line":60,"column":null}},{"start":{},"end":{}}],"line":54},"9":{"loc":{"start":{"line":78,"column":2},"end":{"line":87,"column":null}},"type":"if","locations":[{"start":{"line":78,"column":2},"end":{"line":87,"column":null}},{"start":{},"end":{}}],"line":78},"10":{"loc":{"start":{"line":82,"column":24},"end":{"line":82,"column":71}},"type":"cond-expr","locations":[{"start":{"line":82,"column":52},"end":{"line":82,"column":60}},{"start":{"line":82,"column":60},"end":{"line":82,"column":71}}],"line":82},"11":{"loc":{"start":{"line":104,"column":11},"end":{"line":113,"column":null}},"type":"binary-expr","locations":[{"start":{"line":104,"column":11},"end":{"line":104,"column":null}},{"start":{"line":105,"column":12},"end":{"line":113,"column":null}}],"line":104},"12":{"loc":{"start":{"line":149,"column":2},"end":{"line":149,"column":null}},"type":"default-arg","locations":[{"start":{"line":149,"column":10},"end":{"line":149,"column":null}}],"line":149},"13":{"loc":{"start":{"line":150,"column":2},"end":{"line":150,"column":null}},"type":"default-arg","locations":[{"start":{"line":150,"column":11},"end":{"line":150,"column":null}}],"line":150},"14":{"loc":{"start":{"line":156,"column":2},"end":{"line":168,"column":null}},"type":"if","locations":[{"start":{"line":156,"column":2},"end":{"line":168,"column":null}},{"start":{},"end":{}}],"line":156},"15":{"loc":{"start":{"line":164,"column":36},"end":{"line":164,"column":68}},"type":"cond-expr","locations":[{"start":{"line":164,"column":46},"end":{"line":164,"column":58}},{"start":{"line":164,"column":58},"end":{"line":164,"column":68}}],"line":164},"16":{"loc":{"start":{"line":188,"column":27},"end":{"line":188,"column":null}},"type":"cond-expr","locations":[{"start":{"line":188,"column":37},"end":{"line":188,"column":49}},{"start":{"line":188,"column":49},"end":{"line":188,"column":null}}],"line":188},"17":{"loc":{"start":{"line":199,"column":27},"end":{"line":199,"column":null}},"type":"cond-expr","locations":[{"start":{"line":199,"column":37},"end":{"line":199,"column":49}},{"start":{"line":199,"column":49},"end":{"line":199,"column":null}}],"line":199},"18":{"loc":{"start":{"line":210,"column":27},"end":{"line":210,"column":null}},"type":"cond-expr","locations":[{"start":{"line":210,"column":37},"end":{"line":210,"column":49}},{"start":{"line":210,"column":49},"end":{"line":210,"column":null}}],"line":210},"19":{"loc":{"start":{"line":231,"column":2},"end":{"line":231,"column":null}},"type":"default-arg","locations":[{"start":{"line":231,"column":19},"end":{"line":231,"column":null}}],"line":231},"20":{"loc":{"start":{"line":235,"column":24},"end":{"line":235,"column":null}},"type":"cond-expr","locations":[{"start":{"line":235,"column":42},"end":{"line":235,"column":69}},{"start":{"line":235,"column":69},"end":{"line":235,"column":null}}],"line":235},"21":{"loc":{"start":{"line":242,"column":8},"end":{"line":242,"column":null}},"type":"cond-expr","locations":[{"start":{"line":242,"column":21},"end":{"line":242,"column":40}},{"start":{"line":242,"column":40},"end":{"line":242,"column":null}}],"line":242},"22":{"loc":{"start":{"line":246,"column":33},"end":{"line":246,"column":56}},"type":"cond-expr","locations":[{"start":{"line":246,"column":46},"end":{"line":246,"column":52}},{"start":{"line":246,"column":52},"end":{"line":246,"column":56}}],"line":246},"23":{"loc":{"start":{"line":248,"column":7},"end":{"line":251,"column":null}},"type":"binary-expr","locations":[{"start":{"line":248,"column":7},"end":{"line":248,"column":null}},{"start":{"line":249,"column":8},"end":{"line":251,"column":null}}],"line":248},"24":{"loc":{"start":{"line":250,"column":12},"end":{"line":250,"column":35}},"type":"cond-expr","locations":[{"start":{"line":250,"column":25},"end":{"line":250,"column":31}},{"start":{"line":250,"column":31},"end":{"line":250,"column":35}}],"line":250}},"s":{"0":10,"1":9,"2":81,"3":10,"4":9,"5":1,"6":8,"7":8,"8":8,"9":8,"10":7,"11":6,"12":1,"13":1,"14":1,"15":1,"16":10,"17":1,"18":9,"19":9,"20":4,"21":4,"22":4,"23":1,"24":3,"25":3,"26":3,"27":3,"28":3,"29":4,"30":4,"31":4,"32":4},"f":{"0":10,"1":9,"2":81,"3":9,"4":4,"5":4},"b":{"0":[10],"1":[10],"2":[10],"3":[10],"4":[10],"5":[1,8],"6":[7,1],"7":[6,1],"8":[1,0],"9":[1,9],"10":[0,1],"11":[9,0],"12":[4],"13":[4],"14":[1,3],"15":[1,0],"16":[2,1],"17":[2,1],"18":[2,1],"19":[4],"20":[3,1],"21":[3,1],"22":[3,1],"23":[4,3],"24":[2,1]},"meta":{"lastBranch":25,"lastFunction":6,"lastStatement":33,"seen":{"f:25:16:25:26":0,"b:27:10:27:Infinity":0,"b:28:11:28:Infinity":1,"b:29:10:29:Infinity":2,"b:30:16:30:Infinity":3,"b:31:13:31:Infinity":4,"s:34:8:36:Infinity":0,"f:34:28:34:34":1,"s:35:4:35:Infinity":1,"f:35:20:35:21":2,"s:35:39:35:56":2,"s:38:40:76:Infinity":3,"f:38:52:38:58":3,"b:39:4:41:Infinity:undefined:undefined:undefined:undefined":5,"s:39:4:41:Infinity":4,"s:40:6:40:Infinity":5,"s:43:23:43:Infinity":6,"s:44:22:44:Infinity":7,"s:45:10:45:Infinity":8,"b:47:4:61:Infinity:undefined:undefined:undefined:undefined":6,"s:47:4:61:Infinity":9,"b:48:6:60:Infinity:54:6:60:Infinity":7,"s:48:6:60:Infinity":10,"s:49:8:53:Infinity":11,"b:54:6:60:Infinity:undefined:undefined:undefined:undefined":8,"s:54:6:60:Infinity":12,"s:55:8:59:Infinity":13,"s:63:21:69:Infinity":14,"s:71:4:75:Infinity":15,"b:78:2:87:Infinity:undefined:undefined:undefined:undefined":9,"s:78:2:87:Infinity":16,"s:79:4:85:Infinity":17,"b:82:52:82:60:82:60:82:71":10,"s:89:21:89:Infinity":18,"s:91:2:126:Infinity":19,"b:104:11:104:Infinity:105:12:113:Infinity":11,"f:144:16:144:27":4,"b:149:10:149:Infinity":12,"b:150:11:150:Infinity":13,"s:153:18:153:Infinity":20,"s:155:16:155:Infinity":21,"b:156:2:168:Infinity:undefined:undefined:undefined:undefined":14,"s:156:2:168:Infinity":22,"s:157:4:166:Infinity":23,"b:164:46:164:58:164:58:164:68":15,"s:171:8:171:Infinity":24,"s:172:18:172:Infinity":25,"s:173:22:173:Infinity":26,"s:174:8:174:Infinity":27,"s:176:2:213:Infinity":28,"b:188:37:188:49:188:49:188:Infinity":16,"b:199:37:199:49:199:49:199:Infinity":17,"b:210:37:210:49:210:49:210:Infinity":18,"f:228:16:228:28":5,"b:231:19:231:Infinity":19,"s:234:17:234:Infinity":29,"s:235:24:235:Infinity":30,"b:235:42:235:69:235:69:235:Infinity":20,"s:236:21:236:Infinity":31,"s:238:2:253:Infinity":32,"b:242:21:242:40:242:40:242:Infinity":21,"b:246:46:246:52:246:52:246:56":22,"b:248:7:248:Infinity:249:8:251:Infinity":23,"b:250:25:250:31:250:31:250:35":24}}}
,"C:\\Users\\winx1\\Documents\\vs_code_projects\\trading-hub-pro\\src\\components\\ui\\Badge.tsx": {"path":"C:\\Users\\winx1\\Documents\\vs_code_projects\\trading-hub-pro\\src\\components\\ui\\Badge.tsx","statementMap":{"0":{"start":{"line":19,"column":53},"end":{"line":26,"column":null}},"1":{"start":{"line":28,"column":47},"end":{"line":32,"column":null}},"2":{"start":{"line":34,"column":13},"end":{"line":88,"column":null}},"3":{"start":{"line":47,"column":4},"end":{"line":85,"column":null}},"4":{"start":{"line":90,"column":0},"end":{"line":90,"column":null}},"5":{"start":{"line":102,"column":6},"end":{"line":109,"column":null}},"6":{"start":{"line":111,"column":17},"end":{"line":111,"column":null}},"7":{"start":{"line":113,"column":2},"end":{"line":116,"column":null}},"8":{"start":{"line":131,"column":6},"end":{"line":135,"column":null}},"9":{"start":{"line":137,"column":17},"end":{"line":137,"column":null}},"10":{"start":{"line":139,"column":2},"end":{"line":143,"column":null}}},"fnMap":{"0":{"name":"(anonymous_0)","decl":{"start":{"line":35,"column":2},"end":{"line":35,"column":null}},"loc":{"start":{"line":46,"column":7},"end":{"line":87,"column":null}},"line":46},"1":{"name":"StatusBadge","decl":{"start":{"line":98,"column":16},"end":{"line":98,"column":28}},"loc":{"start":{"line":98,"column":71},"end":{"line":118,"column":null}},"line":98},"2":{"name":"SignalBadge","decl":{"start":{"line":127,"column":16},"end":{"line":127,"column":28}},"loc":{"start":{"line":127,"column":84},"end":{"line":145,"column":null}},"line":127}},"branchMap":{"0":{"loc":{"start":{"line":38,"column":6},"end":{"line":38,"column":null}},"type":"default-arg","locations":[{"start":{"line":38,"column":16},"end":{"line":38,"column":null}}],"line":38},"1":{"loc":{"start":{"line":39,"column":6},"end":{"line":39,"column":null}},"type":"default-arg","locations":[{"start":{"line":39,"column":13},"end":{"line":39,"column":null}}],"line":39},"2":{"loc":{"start":{"line":40,"column":6},"end":{"line":40,"column":null}},"type":"default-arg","locations":[{"start":{"line":40,"column":12},"end":{"line":40,"column":null}}],"line":40},"3":{"loc":{"start":{"line":41,"column":6},"end":{"line":41,"column":null}},"type":"default-arg","locations":[{"start":{"line":41,"column":14},"end":{"line":41,"column":null}}],"line":41},"4":{"loc":{"start":{"line":58,"column":9},"end":{"line":82,"column":null}},"type":"binary-expr","locations":[{"start":{"line":58,"column":9},"end":{"line":58,"column":null}},{"start":{"line":59,"column":10},"end":{"line":82,"column":null}}],"line":58},"5":{"loc":{"start":{"line":60,"column":13},"end":{"line":70,"column":null}},"type":"binary-expr","locations":[{"start":{"line":60,"column":13},"end":{"line":60,"column":null}},{"start":{"line":61,"column":14},"end":{"line":70,"column":null}}],"line":60},"6":{"loc":{"start":{"line":64,"column":18},"end":{"line":64,"column":null}},"type":"binary-expr","locations":[{"start":{"line":64,"column":18},"end":{"line":64,"column":43}},{"start":{"line":64,"column":43},"end":{"line":64,"column":null}}],"line":64},"7":{"loc":{"start":{"line":65,"column":18},"end":{"line":65,"column":null}},"type":"binary-expr","locations":[{"start":{"line":65,"column":18},"end":{"line":65,"column":43}},{"start":{"line":65,"column":43},"end":{"line":65,"column":null}}],"line":65},"8":{"loc":{"start":{"line":66,"column":18},"end":{"line":66,"column":null}},"type":"binary-expr","locations":[{"start":{"line":66,"column":18},"end":{"line":66,"column":42}},{"start":{"line":66,"column":42},"end":{"line":66,"column":null}}],"line":66},"9":{"loc":{"start":{"line":67,"column":18},"end":{"line":67,"column":null}},"type":"binary-expr","locations":[{"start":{"line":67,"column":18},"end":{"line":67,"column":40}},{"start":{"line":67,"column":40},"end":{"line":67,"column":null}}],"line":67},"10":{"loc":{"start":{"line":67,"column":40},"end":{"line":68,"column":null}},"type":"binary-expr","locations":[{"start":{"line":68,"column":19},"end":{"line":68,"column":44}},{"start":{"line":68,"column":44},"end":{"line":68,"column":70}},{"start":{"line":68,"column":70},"end":{"line":68,"column":null}}],"line":67},"11":{"loc":{"start":{"line":75,"column":16},"end":{"line":75,"column":null}},"type":"binary-expr","locations":[{"start":{"line":75,"column":16},"end":{"line":75,"column":41}},{"start":{"line":75,"column":41},"end":{"line":75,"column":null}}],"line":75},"12":{"loc":{"start":{"line":76,"column":16},"end":{"line":76,"column":null}},"type":"binary-expr","locations":[{"start":{"line":76,"column":16},"end":{"line":76,"column":41}},{"start":{"line":76,"column":41},"end":{"line":76,"column":null}}],"line":76},"13":{"loc":{"start":{"line":77,"column":16},"end":{"line":77,"column":null}},"type":"binary-expr","locations":[{"start":{"line":77,"column":16},"end":{"line":77,"column":40}},{"start":{"line":77,"column":40},"end":{"line":77,"column":null}}],"line":77},"14":{"loc":{"start":{"line":78,"column":16},"end":{"line":78,"column":null}},"type":"binary-expr","locations":[{"start":{"line":78,"column":16},"end":{"line":78,"column":38}},{"start":{"line":78,"column":38},"end":{"line":78,"column":null}}],"line":78},"15":{"loc":{"start":{"line":78,"column":38},"end":{"line":79,"column":null}},"type":"binary-expr","locations":[{"start":{"line":79,"column":17},"end":{"line":79,"column":42}},{"start":{"line":79,"column":42},"end":{"line":79,"column":68}},{"start":{"line":79,"column":68},"end":{"line":79,"column":null}}],"line":78},"16":{"loc":{"start":{"line":98,"column":38},"end":{"line":98,"column":50}},"type":"default-arg","locations":[{"start":{"line":98,"column":45},"end":{"line":98,"column":50}}],"line":98},"17":{"loc":{"start":{"line":127,"column":51},"end":{"line":127,"column":63}},"type":"default-arg","locations":[{"start":{"line":127,"column":58},"end":{"line":127,"column":63}}],"line":127},"18":{"loc":{"start":{"line":142,"column":7},"end":{"line":142,"column":null}},"type":"binary-expr","locations":[{"start":{"line":142,"column":7},"end":{"line":142,"column":19}},{"start":{"line":142,"column":19},"end":{"line":142,"column":null}}],"line":142}},"s":{"0":2,"1":2,"2":2,"3":37,"4":2,"5":8,"6":8,"7":8,"8":6,"9":6,"10":6},"f":{"0":37,"1":8,"2":6},"b":{"0":[37],"1":[37],"2":[37],"3":[37],"4":[37,10],"5":[10,5],"6":[5,0],"7":[5,1],"8":[5,0],"9":[5,3],"10":[5,4,1],"11":[10,1],"12":[10,1],"13":[10,1],"14":[10,4],"15":[10,7,3],"16":[8],"17":[6],"18":[6,1]},"meta":{"lastBranch":19,"lastFunction":3,"lastStatement":11,"seen":{"s:19:53:26:Infinity":0,"s:28:47:32:Infinity":1,"s:34:13:88:Infinity":2,"f:35:2:35:Infinity":0,"b:38:16:38:Infinity":0,"b:39:13:39:Infinity":1,"b:40:12:40:Infinity":2,"b:41:14:41:Infinity":3,"s:47:4:85:Infinity":3,"b:58:9:58:Infinity:59:10:82:Infinity":4,"b:60:13:60:Infinity:61:14:70:Infinity":5,"b:64:18:64:43:64:43:64:Infinity":6,"b:65:18:65:43:65:43:65:Infinity":7,"b:66:18:66:42:66:42:66:Infinity":8,"b:67:18:67:40:67:40:67:Infinity":9,"b:68:19:68:44:68:44:68:70:68:70:68:Infinity":10,"b:75:16:75:41:75:41:75:Infinity":11,"b:76:16:76:41:76:41:76:Infinity":12,"b:77:16:77:40:77:40:77:Infinity":13,"b:78:16:78:38:78:38:78:Infinity":14,"b:79:17:79:42:79:42:79:68:79:68:79:Infinity":15,"s:90:0:90:Infinity":4,"f:98:16:98:28":1,"b:98:45:98:50":16,"s:102:6:109:Infinity":5,"s:111:17:111:Infinity":6,"s:113:2:116:Infinity":7,"f:127:16:127:28":2,"b:127:58:127:63":17,"s:131:6:135:Infinity":8,"s:137:17:137:Infinity":9,"s:139:2:143:Infinity":10,"b:142:7:142:19:142:19:142:Infinity":18}}}
,"C:\\Users\\winx1\\Documents\\vs_code_projects\\trading-hub-pro\\src\\components\\ui\\Button.tsx": {"path":"C:\\Users\\winx1\\Documents\\vs_code_projects\\trading-hub-pro\\src\\components\\ui\\Button.tsx","statementMap":{"0":{"start":{"line":23,"column":54},"end":{"line":30,"column":null}},"1":{"start":{"line":32,"column":48},"end":{"line":36,"column":null}},"2":{"start":{"line":38,"column":13},"end":{"line":86,"column":null}},"3":{"start":{"line":54,"column":23},"end":{"line":54,"column":null}},"4":{"start":{"line":56,"column":4},"end":{"line":83,"column":null}},"5":{"start":{"line":88,"column":0},"end":{"line":88,"column":null}}},"fnMap":{"0":{"name":"(anonymous_0)","decl":{"start":{"line":39,"column":2},"end":{"line":39,"column":null}},"loc":{"start":{"line":53,"column":7},"end":{"line":85,"column":null}},"line":53}},"branchMap":{"0":{"loc":{"start":{"line":42,"column":6},"end":{"line":42,"column":null}},"type":"default-arg","locations":[{"start":{"line":42,"column":16},"end":{"line":42,"column":null}}],"line":42},"1":{"loc":{"start":{"line":43,"column":6},"end":{"line":43,"column":null}},"type":"default-arg","locations":[{"start":{"line":43,"column":13},"end":{"line":43,"column":null}}],"line":43},"2":{"loc":{"start":{"line":44,"column":6},"end":{"line":44,"column":null}},"type":"default-arg","locations":[{"start":{"line":44,"column":18},"end":{"line":44,"column":null}}],"line":44},"3":{"loc":{"start":{"line":47,"column":6},"end":{"line":47,"column":null}},"type":"default-arg","locations":[{"start":{"line":47,"column":18},"end":{"line":47,"column":null}}],"line":47},"4":{"loc":{"start":{"line":54,"column":23},"end":{"line":54,"column":null}},"type":"binary-expr","locations":[{"start":{"line":54,"column":23},"end":{"line":54,"column":35}},{"start":{"line":54,"column":35},"end":{"line":54,"column":null}}],"line":54},"5":{"loc":{"start":{"line":59,"column":29},"end":{"line":59,"column":51}},"type":"cond-expr","locations":[{"start":{"line":59,"column":42},"end":{"line":59,"column":46}},{"start":{"line":59,"column":46},"end":{"line":59,"column":51}}],"line":59},"6":{"loc":{"start":{"line":60,"column":27},"end":{"line":60,"column":49}},"type":"cond-expr","locations":[{"start":{"line":60,"column":40},"end":{"line":60,"column":44}},{"start":{"line":60,"column":44},"end":{"line":60,"column":49}}],"line":60},"7":{"loc":{"start":{"line":68,"column":10},"end":{"line":68,"column":null}},"type":"binary-expr","locations":[{"start":{"line":68,"column":10},"end":{"line":68,"column":23}},{"start":{"line":68,"column":23},"end":{"line":68,"column":null}}],"line":68},"8":{"loc":{"start":{"line":74,"column":9},"end":{"line":77,"column":null}},"type":"cond-expr","locations":[{"start":{"line":75,"column":10},"end":{"line":75,"column":null}},{"start":{"line":77,"column":10},"end":{"line":77,"column":null}}],"line":74},"9":{"loc":{"start":{"line":77,"column":10},"end":{"line":77,"column":null}},"type":"binary-expr","locations":[{"start":{"line":77,"column":10},"end":{"line":77,"column":22}},{"start":{"line":77,"column":22},"end":{"line":77,"column":null}}],"line":77},"10":{"loc":{"start":{"line":80,"column":9},"end":{"line":81,"column":null}},"type":"binary-expr","locations":[{"start":{"line":80,"column":9},"end":{"line":80,"column":22}},{"start":{"line":80,"column":22},"end":{"line":80,"column":null}},{"start":{"line":81,"column":10},"end":{"line":81,"column":null}}],"line":80}},"s":{"0":2,"1":2,"2":2,"3":56,"4":56,"5":2},"f":{"0":56},"b":{"0":[56],"1":[56],"2":[56],"3":[56],"4":[56,47],"5":[12,44],"6":[12,44],"7":[56,10],"8":[3,53],"9":[53,1],"10":[56,1,1]},"meta":{"lastBranch":11,"lastFunction":1,"lastStatement":6,"seen":{"s:23:54:30:Infinity":0,"s:32:48:36:Infinity":1,"s:38:13:86:Infinity":2,"f:39:2:39:Infinity":0,"b:42:16:42:Infinity":0,"b:43:13:43:Infinity":1,"b:44:18:44:Infinity":2,"b:47:18:47:Infinity":3,"s:54:23:54:Infinity":3,"b:54:23:54:35:54:35:54:Infinity":4,"s:56:4:83:Infinity":4,"b:59:42:59:46:59:46:59:51":5,"b:60:40:60:44:60:44:60:49":6,"b:68:10:68:23:68:23:68:Infinity":7,"b:75:10:75:Infinity:77:10:77:Infinity":8,"b:77:10:77:22:77:22:77:Infinity":9,"b:80:9:80:22:80:22:80:Infinity:81:10:81:Infinity":10,"s:88:0:88:Infinity":5}}}
,"C:\\Users\\winx1\\Documents\\vs_code_projects\\trading-hub-pro\\src\\components\\ui\\Card.tsx": {"path":"C:\\Users\\winx1\\Documents\\vs_code_projects\\trading-hub-pro\\src\\components\\ui\\Card.tsx","statementMap":{"0":{"start":{"line":16,"column":13},"end":{"line":47,"column":null}},"1":{"start":{"line":18,"column":10},"end":{"line":24,"column":null}},"2":{"start":{"line":26,"column":4},"end":{"line":32,"column":null}},"3":{"start":{"line":27,"column":6},"end":{"line":30,"column":null}},"4":{"start":{"line":34,"column":4},"end":{"line":44,"column":null}},"5":{"start":{"line":49,"column":0},"end":{"line":49,"column":null}},"6":{"start":{"line":58,"column":13},"end":{"line":79,"column":null}},"7":{"start":{"line":60,"column":4},"end":{"line":76,"column":null}},"8":{"start":{"line":81,"column":0},"end":{"line":81,"column":null}},"9":{"start":{"line":84,"column":13},"end":{"line":88,"column":null}},"10":{"start":{"line":86,"column":4},"end":{"line":86,"column":null}},"11":{"start":{"line":90,"column":0},"end":{"line":90,"column":null}},"12":{"start":{"line":93,"column":13},"end":{"line":106,"column":null}},"13":{"start":{"line":95,"column":4},"end":{"line":103,"column":null}},"14":{"start":{"line":108,"column":0},"end":{"line":108,"column":null}}},"fnMap":{"0":{"name":"(anonymous_0)","decl":{"start":{"line":17,"column":2},"end":{"line":17,"column":3}},"loc":{"start":{"line":17,"column":102},"end":{"line":46,"column":null}},"line":17},"1":{"name":"(anonymous_1)","decl":{"start":{"line":59,"column":2},"end":{"line":59,"column":3}},"loc":{"start":{"line":59,"column":71},"end":{"line":78,"column":null}},"line":59},"2":{"name":"(anonymous_2)","decl":{"start":{"line":85,"column":2},"end":{"line":85,"column":3}},"loc":{"start":{"line":85,"column":36},"end":{"line":87,"column":null}},"line":85},"3":{"name":"(anonymous_3)","decl":{"start":{"line":94,"column":2},"end":{"line":94,"column":3}},"loc":{"start":{"line":94,"column":36},"end":{"line":105,"column":null}},"line":94}},"branchMap":{"0":{"loc":{"start":{"line":17,"column":16},"end":{"line":17,"column":37}},"type":"default-arg","locations":[{"start":{"line":17,"column":26},"end":{"line":17,"column":37}}],"line":17},"1":{"loc":{"start":{"line":17,"column":37},"end":{"line":17,"column":56}},"type":"default-arg","locations":[{"start":{"line":17,"column":49},"end":{"line":17,"column":56}}],"line":17},"2":{"loc":{"start":{"line":17,"column":56},"end":{"line":17,"column":72}},"type":"default-arg","locations":[{"start":{"line":17,"column":66},"end":{"line":17,"column":72}}],"line":17},"3":{"loc":{"start":{"line":20,"column":6},"end":{"line":20,"column":null}},"type":"binary-expr","locations":[{"start":{"line":20,"column":6},"end":{"line":20,"column":20}},{"start":{"line":20,"column":20},"end":{"line":20,"column":null}}],"line":20},"4":{"loc":{"start":{"line":21,"column":6},"end":{"line":21,"column":null}},"type":"binary-expr","locations":[{"start":{"line":21,"column":6},"end":{"line":21,"column":32}},{"start":{"line":21,"column":32},"end":{"line":21,"column":null}}],"line":21},"5":{"loc":{"start":{"line":22,"column":6},"end":{"line":22,"column":null}},"type":"binary-expr","locations":[{"start":{"line":22,"column":6},"end":{"line":22,"column":35}},{"start":{"line":22,"column":35},"end":{"line":22,"column":null}}],"line":22},"6":{"loc":{"start":{"line":26,"column":4},"end":{"line":32,"column":null}},"type":"if","locations":[{"start":{"line":26,"column":4},"end":{"line":32,"column":null}},{"start":{},"end":{}}],"line":26},"7":{"loc":{"start":{"line":67,"column":11},"end":{"line":68,"column":null}},"type":"binary-expr","locations":[{"start":{"line":67,"column":11},"end":{"line":67,"column":null}},{"start":{"line":68,"column":12},"end":{"line":68,"column":null}}],"line":67},"8":{"loc":{"start":{"line":70,"column":11},"end":{"line":71,"column":null}},"type":"binary-expr","locations":[{"start":{"line":70,"column":11},"end":{"line":70,"column":null}},{"start":{"line":71,"column":12},"end":{"line":71,"column":null}}],"line":70},"9":{"loc":{"start":{"line":75,"column":9},"end":{"line":75,"column":null}},"type":"binary-expr","locations":[{"start":{"line":75,"column":9},"end":{"line":75,"column":19}},{"start":{"line":75,"column":19},"end":{"line":75,"column":null}}],"line":75}},"s":{"0":2,"1":34,"2":34,"3":1,"4":33,"5":2,"6":2,"7":5,"8":2,"9":2,"10":3,"11":2,"12":2,"13":3,"14":2},"f":{"0":34,"1":5,"2":3,"3":3},"b":{"0":[34],"1":[34],"2":[34],"3":[34,33],"4":[34,1],"5":[34,1],"6":[1,33],"7":[5,4],"8":[5,2],"9":[5,1]},"meta":{"lastBranch":10,"lastFunction":4,"lastStatement":15,"seen":{"s:16:13:47:Infinity":0,"f:17:2:17:3":0,"b:17:26:17:37":0,"b:17:49:17:56":1,"b:17:66:17:72":2,"s:18:10:24:Infinity":1,"b:20:6:20:20:20:20:20:Infinity":3,"b:21:6:21:32:21:32:21:Infinity":4,"b:22:6:22:35:22:35:22:Infinity":5,"b:26:4:32:Infinity:undefined:undefined:undefined:undefined":6,"s:26:4:32:Infinity":2,"s:27:6:30:Infinity":3,"s:34:4:44:Infinity":4,"s:49:0:49:Infinity":5,"s:58:13:79:Infinity":6,"f:59:2:59:3":1,"s:60:4:76:Infinity":7,"b:67:11:67:Infinity:68:12:68:Infinity":7,"b:70:11:70:Infinity:71:12:71:Infinity":8,"b:75:9:75:19:75:19:75:Infinity":9,"s:81:0:81:Infinity":8,"s:84:13:88:Infinity":9,"f:85:2:85:3":2,"s:86:4:86:Infinity":10,"s:90:0:90:Infinity":11,"s:93:13:106:Infinity":12,"f:94:2:94:3":3,"s:95:4:103:Infinity":13,"s:108:0:108:Infinity":14}}}
,"C:\\Users\\winx1\\Documents\\vs_code_projects\\trading-hub-pro\\src\\components\\ui\\Input.tsx": {"path":"C:\\Users\\winx1\\Documents\\vs_code_projects\\trading-hub-pro\\src\\components\\ui\\Input.tsx","statementMap":{"0":{"start":{"line":19,"column":13},"end":{"line":125,"column":null}},"1":{"start":{"line":35,"column":40},"end":{"line":35,"column":null}},"2":{"start":{"line":36,"column":23},"end":{"line":36,"column":null}},"3":{"start":{"line":38,"column":21},"end":{"line":38,"column":null}},"4":{"start":{"line":39,"column":23},"end":{"line":39,"column":null}},"5":{"start":{"line":41,"column":4},"end":{"line":122,"column":null}},"6":{"start":{"line":79,"column":29},"end":{"line":79,"column":null}},"7":{"start":{"line":127,"column":0},"end":{"line":127,"column":null}},"8":{"start":{"line":138,"column":13},"end":{"line":201,"column":null}},"9":{"start":{"line":152,"column":28},"end":{"line":155,"column":null}},"10":{"start":{"line":153,"column":23},"end":{"line":153,"column":null}},"11":{"start":{"line":154,"column":6},"end":{"line":154,"column":null}},"12":{"start":{"line":157,"column":28},"end":{"line":160,"column":null}},"13":{"start":{"line":158,"column":23},"end":{"line":158,"column":null}},"14":{"start":{"line":159,"column":6},"end":{"line":159,"column":null}},"15":{"start":{"line":162,"column":25},"end":{"line":167,"column":null}},"16":{"start":{"line":163,"column":23},"end":{"line":163,"column":null}},"17":{"start":{"line":164,"column":6},"end":{"line":166,"column":null}},"18":{"start":{"line":165,"column":8},"end":{"line":165,"column":null}},"19":{"start":{"line":169,"column":4},"end":{"line":198,"column":null}},"20":{"start":{"line":203,"column":0},"end":{"line":203,"column":null}}},"fnMap":{"0":{"name":"(anonymous_0)","decl":{"start":{"line":20,"column":2},"end":{"line":20,"column":null}},"loc":{"start":{"line":34,"column":7},"end":{"line":124,"column":null}},"line":34},"1":{"name":"(anonymous_1)","decl":{"start":{"line":79,"column":23},"end":{"line":79,"column":29}},"loc":{"start":{"line":79,"column":29},"end":{"line":79,"column":null}},"line":79},"2":{"name":"(anonymous_2)","decl":{"start":{"line":139,"column":2},"end":{"line":139,"column":null}},"loc":{"start":{"line":151,"column":7},"end":{"line":200,"column":null}},"line":151},"3":{"name":"(anonymous_3)","decl":{"start":{"line":152,"column":28},"end":{"line":152,"column":34}},"loc":{"start":{"line":152,"column":34},"end":{"line":155,"column":null}},"line":152},"4":{"name":"(anonymous_4)","decl":{"start":{"line":157,"column":28},"end":{"line":157,"column":34}},"loc":{"start":{"line":157,"column":34},"end":{"line":160,"column":null}},"line":157},"5":{"name":"(anonymous_5)","decl":{"start":{"line":162,"column":25},"end":{"line":162,"column":26}},"loc":{"start":{"line":162,"column":69},"end":{"line":167,"column":null}},"line":162}},"branchMap":{"0":{"loc":{"start":{"line":29,"column":6},"end":{"line":29,"column":null}},"type":"default-arg","locations":[{"start":{"line":29,"column":13},"end":{"line":29,"column":null}}],"line":29},"1":{"loc":{"start":{"line":39,"column":23},"end":{"line":39,"column":null}},"type":"binary-expr","locations":[{"start":{"line":39,"column":23},"end":{"line":39,"column":36}},{"start":{"line":39,"column":36},"end":{"line":39,"column":null}}],"line":39},"2":{"loc":{"start":{"line":43,"column":9},"end":{"line":46,"column":null}},"type":"binary-expr","locations":[{"start":{"line":43,"column":9},"end":{"line":43,"column":null}},{"start":{"line":44,"column":10},"end":{"line":46,"column":null}}],"line":43},"3":{"loc":{"start":{"line":50,"column":11},"end":{"line":53,"column":null}},"type":"binary-expr","locations":[{"start":{"line":50,"column":11},"end":{"line":50,"column":null}},{"start":{"line":51,"column":12},"end":{"line":53,"column":null}}],"line":50},"4":{"loc":{"start":{"line":58,"column":18},"end":{"line":58,"column":null}},"type":"cond-expr","locations":[{"start":{"line":58,"column":47},"end":{"line":58,"column":56}},{"start":{"line":58,"column":56},"end":{"line":58,"column":null}}],"line":58},"5":{"loc":{"start":{"line":58,"column":18},"end":{"line":58,"column":47}},"type":"binary-expr","locations":[{"start":{"line":58,"column":18},"end":{"line":58,"column":32}},{"start":{"line":58,"column":32},"end":{"line":58,"column":47}}],"line":58},"6":{"loc":{"start":{"line":67,"column":14},"end":{"line":67,"column":null}},"type":"binary-expr","locations":[{"start":{"line":67,"column":14},"end":{"line":67,"column":26}},{"start":{"line":67,"column":26},"end":{"line":67,"column":null}}],"line":67},"7":{"loc":{"start":{"line":67,"column":26},"end":{"line":68,"column":null}},"type":"binary-expr","locations":[{"start":{"line":68,"column":15},"end":{"line":68,"column":28}},{"start":{"line":68,"column":28},"end":{"line":68,"column":43}},{"start":{"line":68,"column":43},"end":{"line":68,"column":null}}],"line":67},"8":{"loc":{"start":{"line":69,"column":14},"end":{"line":69,"column":null}},"type":"binary-expr","locations":[{"start":{"line":69,"column":14},"end":{"line":69,"column":26}},{"start":{"line":69,"column":26},"end":{"line":69,"column":null}}],"line":69},"9":{"loc":{"start":{"line":70,"column":14},"end":{"line":70,"column":null}},"type":"binary-expr","locations":[{"start":{"line":70,"column":14},"end":{"line":70,"column":28}},{"start":{"line":70,"column":28},"end":{"line":70,"column":null}}],"line":70},"10":{"loc":{"start":{"line":76,"column":11},"end":{"line":88,"column":null}},"type":"binary-expr","locations":[{"start":{"line":76,"column":11},"end":{"line":76,"column":null}},{"start":{"line":77,"column":12},"end":{"line":88,"column":null}}],"line":76},"11":{"loc":{"start":{"line":83,"column":15},"end":{"line":86,"column":null}},"type":"cond-expr","locations":[{"start":{"line":84,"column":16},"end":{"line":84,"column":null}},{"start":{"line":86,"column":16},"end":{"line":86,"column":null}}],"line":83},"12":{"loc":{"start":{"line":91,"column":11},"end":{"line":94,"column":null}},"type":"binary-expr","locations":[{"start":{"line":91,"column":11},"end":{"line":91,"column":24}},{"start":{"line":91,"column":24},"end":{"line":91,"column":null}},{"start":{"line":92,"column":12},"end":{"line":94,"column":null}}],"line":91},"13":{"loc":{"start":{"line":97,"column":11},"end":{"line":100,"column":null}},"type":"binary-expr","locations":[{"start":{"line":97,"column":11},"end":{"line":97,"column":23}},{"start":{"line":97,"column":23},"end":{"line":97,"column":37}},{"start":{"line":97,"column":37},"end":{"line":97,"column":null}},{"start":{"line":98,"column":12},"end":{"line":100,"column":null}}],"line":97},"14":{"loc":{"start":{"line":103,"column":11},"end":{"line":106,"column":null}},"type":"binary-expr","locations":[{"start":{"line":103,"column":11},"end":{"line":103,"column":25}},{"start":{"line":103,"column":25},"end":{"line":103,"column":39}},{"start":{"line":103,"column":39},"end":{"line":103,"column":null}},{"start":{"line":104,"column":12},"end":{"line":106,"column":null}}],"line":103},"15":{"loc":{"start":{"line":108,"column":8},"end":{"line":120,"column":null}},"type":"binary-expr","locations":[{"start":{"line":110,"column":10},"end":{"line":110,"column":19}},{"start":{"line":110,"column":19},"end":{"line":110,"column":30}},{"start":{"line":110,"column":30},"end":{"line":110,"column":null}},{"start":{"line":111,"column":10},"end":{"line":120,"column":null}}],"line":108},"16":{"loc":{"start":{"line":114,"column":14},"end":{"line":114,"column":null}},"type":"binary-expr","locations":[{"start":{"line":114,"column":14},"end":{"line":114,"column":26}},{"start":{"line":114,"column":26},"end":{"line":114,"column":null}}],"line":114},"17":{"loc":{"start":{"line":115,"column":14},"end":{"line":115,"column":null}},"type":"binary-expr","locations":[{"start":{"line":115,"column":14},"end":{"line":115,"column":28}},{"start":{"line":115,"column":28},"end":{"line":115,"column":null}}],"line":115},"18":{"loc":{"start":{"line":116,"column":14},"end":{"line":116,"column":null}},"type":"binary-expr","locations":[{"start":{"line":116,"column":14},"end":{"line":116,"column":27}},{"start":{"line":116,"column":27},"end":{"line":116,"column":42}},{"start":{"line":116,"column":42},"end":{"line":116,"column":null}}],"line":116},"19":{"loc":{"start":{"line":119,"column":13},"end":{"line":119,"column":null}},"type":"binary-expr","locations":[{"start":{"line":119,"column":13},"end":{"line":119,"column":22}},{"start":{"line":119,"column":22},"end":{"line":119,"column":33}},{"start":{"line":119,"column":33},"end":{"line":119,"column":null}}],"line":119},"20":{"loc":{"start":{"line":143,"column":6},"end":{"line":143,"column":null}},"type":"default-arg","locations":[{"start":{"line":143,"column":12},"end":{"line":143,"column":null}}],"line":143},"21":{"loc":{"start":{"line":144,"column":6},"end":{"line":144,"column":null}},"type":"default-arg","locations":[{"start":{"line":144,"column":12},"end":{"line":144,"column":null}}],"line":144},"22":{"loc":{"start":{"line":145,"column":6},"end":{"line":145,"column":null}},"type":"default-arg","locations":[{"start":{"line":145,"column":13},"end":{"line":145,"column":null}}],"line":145},"23":{"loc":{"start":{"line":163,"column":23},"end":{"line":163,"column":null}},"type":"binary-expr","locations":[{"start":{"line":163,"column":23},"end":{"line":163,"column":53}},{"start":{"line":163,"column":53},"end":{"line":163,"column":null}}],"line":163},"24":{"loc":{"start":{"line":164,"column":6},"end":{"line":166,"column":null}},"type":"if","locations":[{"start":{"line":164,"column":6},"end":{"line":166,"column":null}},{"start":{},"end":{}}],"line":164},"25":{"loc":{"start":{"line":164,"column":10},"end":{"line":164,"column":46}},"type":"binary-expr","locations":[{"start":{"line":164,"column":10},"end":{"line":164,"column":29}},{"start":{"line":164,"column":29},"end":{"line":164,"column":46}}],"line":164},"26":{"loc":{"start":{"line":184,"column":22},"end":{"line":184,"column":null}},"type":"binary-expr","locations":[{"start":{"line":184,"column":22},"end":{"line":184,"column":34}},{"start":{"line":184,"column":34},"end":{"line":184,"column":null}}],"line":184},"27":{"loc":{"start":{"line":192,"column":22},"end":{"line":192,"column":null}},"type":"binary-expr","locations":[{"start":{"line":192,"column":22},"end":{"line":192,"column":34}},{"start":{"line":192,"column":34},"end":{"line":192,"column":null}}],"line":192}},"s":{"0":2,"1":37,"2":37,"3":37,"4":37,"5":37,"6":2,"7":2,"8":2,"9":8,"10":2,"11":2,"12":8,"13":1,"14":1,"15":8,"16":0,"17":0,"18":0,"19":8,"20":2},"f":{"0":37,"1":2,"2":8,"3":2,"4":1,"5":0},"b":{"0":[37],"1":[37,1],"2":[37,2],"3":[37,8],"4":[1,36],"5":[37,4],"6":[37,8],"7":[37,36,5],"8":[37,1],"9":[37,1],"10":[37,4],"11":[1,3],"12":[37,1,1],"13":[37,1,1,1],"14":[37,1,1,1],"15":[37,36,35,3],"16":[3,1],"17":[3,1],"18":[3,2,1],"19":[3,2,1],"20":[8],"21":[8],"22":[8],"23":[0,0],"24":[0,0],"25":[0,0],"26":[8,7],"27":[8,7]},"meta":{"lastBranch":28,"lastFunction":6,"lastStatement":21,"seen":{"s:19:13:125:Infinity":0,"f:20:2:20:Infinity":0,"b:29:13:29:Infinity":0,"s:35:40:35:Infinity":1,"s:36:23:36:Infinity":2,"s:38:21:38:Infinity":3,"s:39:23:39:Infinity":4,"b:39:23:39:36:39:36:39:Infinity":1,"s:41:4:122:Infinity":5,"b:43:9:43:Infinity:44:10:46:Infinity":2,"b:50:11:50:Infinity:51:12:53:Infinity":3,"b:58:47:58:56:58:56:58:Infinity":4,"b:58:18:58:32:58:32:58:47":5,"b:67:14:67:26:67:26:67:Infinity":6,"b:68:15:68:28:68:28:68:43:68:43:68:Infinity":7,"b:69:14:69:26:69:26:69:Infinity":8,"b:70:14:70:28:70:28:70:Infinity":9,"b:76:11:76:Infinity:77:12:88:Infinity":10,"f:79:23:79:29":1,"s:79:29:79:Infinity":6,"b:84:16:84:Infinity:86:16:86:Infinity":11,"b:91:11:91:24:91:24:91:Infinity:92:12:94:Infinity":12,"b:97:11:97:23:97:23:97:37:97:37:97:Infinity:98:12:100:Infinity":13,"b:103:11:103:25:103:25:103:39:103:39:103:Infinity:104:12:106:Infinity":14,"b:110:10:110:19:110:19:110:30:110:30:110:Infinity:111:10:120:Infinity":15,"b:114:14:114:26:114:26:114:Infinity":16,"b:115:14:115:28:115:28:115:Infinity":17,"b:116:14:116:27:116:27:116:42:116:42:116:Infinity":18,"b:119:13:119:22:119:22:119:33:119:33:119:Infinity":19,"s:127:0:127:Infinity":7,"s:138:13:201:Infinity":8,"f:139:2:139:Infinity":2,"b:143:12:143:Infinity":20,"b:144:12:144:Infinity":21,"b:145:13:145:Infinity":22,"s:152:28:155:Infinity":9,"f:152:28:152:34":3,"s:153:23:153:Infinity":10,"s:154:6:154:Infinity":11,"s:157:28:160:Infinity":12,"f:157:28:157:34":4,"s:158:23:158:Infinity":13,"s:159:6:159:Infinity":14,"s:162:25:167:Infinity":15,"f:162:25:162:26":5,"s:163:23:163:Infinity":16,"b:163:23:163:53:163:53:163:Infinity":23,"b:164:6:166:Infinity:undefined:undefined:undefined:undefined":24,"s:164:6:166:Infinity":17,"b:164:10:164:29:164:29:164:46":25,"s:165:8:165:Infinity":18,"s:169:4:198:Infinity":19,"b:184:22:184:34:184:34:184:Infinity":26,"b:192:22:192:34:192:34:192:Infinity":27,"s:203:0:203:Infinity":20}}}
,"C:\\Users\\winx1\\Documents\\vs_code_projects\\trading-hub-pro\\src\\components\\ui\\Modal.tsx": {"path":"C:\\Users\\winx1\\Documents\\vs_code_projects\\trading-hub-pro\\src\\components\\ui\\Modal.tsx","statementMap":{"0":{"start":{"line":24,"column":20},"end":{"line":30,"column":null}},"1":{"start":{"line":44,"column":8},"end":{"line":51,"column":null}},"2":{"start":{"line":46,"column":6},"end":{"line":48,"column":null}},"3":{"start":{"line":47,"column":8},"end":{"line":47,"column":null}},"4":{"start":{"line":53,"column":2},"end":{"line":63,"column":null}},"5":{"start":{"line":54,"column":4},"end":{"line":57,"column":null}},"6":{"start":{"line":55,"column":6},"end":{"line":55,"column":null}},"7":{"start":{"line":56,"column":6},"end":{"line":56,"column":null}},"8":{"start":{"line":59,"column":4},"end":{"line":62,"column":null}},"9":{"start":{"line":60,"column":6},"end":{"line":60,"column":null}},"10":{"start":{"line":61,"column":6},"end":{"line":61,"column":null}},"11":{"start":{"line":65,"column":2},"end":{"line":121,"column":null}},"12":{"start":{"line":149,"column":25},"end":{"line":153,"column":null}},"13":{"start":{"line":155,"column":2},"end":{"line":177,"column":null}}},"fnMap":{"0":{"name":"Modal","decl":{"start":{"line":32,"column":16},"end":{"line":32,"column":22}},"loc":{"start":{"line":43,"column":15},"end":{"line":123,"column":null}},"line":43},"1":{"name":"(anonymous_1)","decl":{"start":{"line":45,"column":4},"end":{"line":45,"column":5}},"loc":{"start":{"line":45,"column":30},"end":{"line":49,"column":null}},"line":45},"2":{"name":"(anonymous_2)","decl":{"start":{"line":53,"column":12},"end":{"line":53,"column":18}},"loc":{"start":{"line":53,"column":18},"end":{"line":63,"column":5}},"line":53},"3":{"name":"(anonymous_3)","decl":{"start":{"line":59,"column":11},"end":{"line":59,"column":17}},"loc":{"start":{"line":59,"column":17},"end":{"line":62,"column":null}},"line":59},"4":{"name":"ConfirmModal","decl":{"start":{"line":138,"column":16},"end":{"line":138,"column":29}},"loc":{"start":{"line":148,"column":22},"end":{"line":179,"column":null}},"line":148}},"branchMap":{"0":{"loc":{"start":{"line":38,"column":2},"end":{"line":38,"column":null}},"type":"default-arg","locations":[{"start":{"line":38,"column":9},"end":{"line":38,"column":null}}],"line":38},"1":{"loc":{"start":{"line":39,"column":2},"end":{"line":39,"column":null}},"type":"default-arg","locations":[{"start":{"line":39,"column":20},"end":{"line":39,"column":null}}],"line":39},"2":{"loc":{"start":{"line":40,"column":2},"end":{"line":40,"column":null}},"type":"default-arg","locations":[{"start":{"line":40,"column":24},"end":{"line":40,"column":null}}],"line":40},"3":{"loc":{"start":{"line":41,"column":2},"end":{"line":41,"column":null}},"type":"default-arg","locations":[{"start":{"line":41,"column":18},"end":{"line":41,"column":null}}],"line":41},"4":{"loc":{"start":{"line":46,"column":6},"end":{"line":48,"column":null}},"type":"if","locations":[{"start":{"line":46,"column":6},"end":{"line":48,"column":null}},{"start":{},"end":{}}],"line":46},"5":{"loc":{"start":{"line":46,"column":10},"end":{"line":46,"column":51}},"type":"binary-expr","locations":[{"start":{"line":46,"column":10},"end":{"line":46,"column":36}},{"start":{"line":46,"column":36},"end":{"line":46,"column":51}}],"line":46},"6":{"loc":{"start":{"line":54,"column":4},"end":{"line":57,"column":null}},"type":"if","locations":[{"start":{"line":54,"column":4},"end":{"line":57,"column":null}},{"start":{},"end":{}}],"line":54},"7":{"loc":{"start":{"line":67,"column":7},"end":{"line":119,"column":null}},"type":"binary-expr","locations":[{"start":{"line":67,"column":7},"end":{"line":67,"column":null}},{"start":{"line":68,"column":8},"end":{"line":119,"column":null}}],"line":67},"8":{"loc":{"start":{"line":75,"column":21},"end":{"line":75,"column":null}},"type":"cond-expr","locations":[{"start":{"line":75,"column":43},"end":{"line":75,"column":53}},{"start":{"line":75,"column":53},"end":{"line":75,"column":null}}],"line":75},"9":{"loc":{"start":{"line":94,"column":14},"end":{"line":113,"column":null}},"type":"binary-expr","locations":[{"start":{"line":94,"column":14},"end":{"line":94,"column":23}},{"start":{"line":94,"column":23},"end":{"line":94,"column":null}},{"start":{"line":95,"column":14},"end":{"line":113,"column":null}}],"line":94},"10":{"loc":{"start":{"line":97,"column":19},"end":{"line":98,"column":null}},"type":"binary-expr","locations":[{"start":{"line":97,"column":19},"end":{"line":97,"column":null}},{"start":{"line":98,"column":20},"end":{"line":98,"column":null}}],"line":97},"11":{"loc":{"start":{"line":100,"column":19},"end":{"line":101,"column":null}},"type":"binary-expr","locations":[{"start":{"line":100,"column":19},"end":{"line":100,"column":null}},{"start":{"line":101,"column":20},"end":{"line":101,"column":null}}],"line":100},"12":{"loc":{"start":{"line":104,"column":17},"end":{"line":111,"column":null}},"type":"binary-expr","locations":[{"start":{"line":104,"column":17},"end":{"line":104,"column":null}},{"start":{"line":105,"column":18},"end":{"line":111,"column":null}}],"line":104},"13":{"loc":{"start":{"line":144,"column":2},"end":{"line":144,"column":null}},"type":"default-arg","locations":[{"start":{"line":144,"column":16},"end":{"line":144,"column":null}}],"line":144},"14":{"loc":{"start":{"line":145,"column":2},"end":{"line":145,"column":null}},"type":"default-arg","locations":[{"start":{"line":145,"column":15},"end":{"line":145,"column":null}}],"line":145},"15":{"loc":{"start":{"line":146,"column":2},"end":{"line":146,"column":null}},"type":"default-arg","locations":[{"start":{"line":146,"column":12},"end":{"line":146,"column":null}}],"line":146},"16":{"loc":{"start":{"line":147,"column":2},"end":{"line":147,"column":null}},"type":"default-arg","locations":[{"start":{"line":147,"column":14},"end":{"line":147,"column":null}}],"line":147},"17":{"loc":{"start":{"line":174,"column":11},"end":{"line":174,"column":null}},"type":"cond-expr","locations":[{"start":{"line":174,"column":23},"end":{"line":174,"column":38}},{"start":{"line":174,"column":38},"end":{"line":174,"column":null}}],"line":174}},"s":{"0":2,"1":36,"2":2,"3":1,"4":36,"5":36,"6":26,"7":26,"8":36,"9":36,"10":36,"11":36,"12":10,"13":10},"f":{"0":36,"1":2,"2":36,"3":36,"4":10},"b":{"0":[36],"1":[36],"2":[36],"3":[36],"4":[1,1],"5":[2,2],"6":[26,10],"7":[36,26],"8":[25,1],"9":[26,10,26],"10":[26,16],"11":[26,1],"12":[26,25],"13":[10],"14":[10],"15":[10],"16":[10],"17":[2,8]},"meta":{"lastBranch":18,"lastFunction":5,"lastStatement":14,"seen":{"s:24:20:30:Infinity":0,"f:32:16:32:22":0,"b:38:9:38:Infinity":0,"b:39:20:39:Infinity":1,"b:40:24:40:Infinity":2,"b:41:18:41:Infinity":3,"s:44:8:51:Infinity":1,"f:45:4:45:5":1,"b:46:6:48:Infinity:undefined:undefined:undefined:undefined":4,"s:46:6:48:Infinity":2,"b:46:10:46:36:46:36:46:51":5,"s:47:8:47:Infinity":3,"s:53:2:63:Infinity":4,"f:53:12:53:18":2,"b:54:4:57:Infinity:undefined:undefined:undefined:undefined":6,"s:54:4:57:Infinity":5,"s:55:6:55:Infinity":6,"s:56:6:56:Infinity":7,"s:59:4:62:Infinity":8,"f:59:11:59:17":3,"s:60:6:60:Infinity":9,"s:61:6:61:Infinity":10,"s:65:2:121:Infinity":11,"b:67:7:67:Infinity:68:8:119:Infinity":7,"b:75:43:75:53:75:53:75:Infinity":8,"b:94:14:94:23:94:23:94:Infinity:95:14:113:Infinity":9,"b:97:19:97:Infinity:98:20:98:Infinity":10,"b:100:19:100:Infinity:101:20:101:Infinity":11,"b:104:17:104:Infinity:105:18:111:Infinity":12,"f:138:16:138:29":4,"b:144:16:144:Infinity":13,"b:145:15:145:Infinity":14,"b:146:12:146:Infinity":15,"b:147:14:147:Infinity":16,"s:149:25:153:Infinity":12,"s:155:2:177:Infinity":13,"b:174:23:174:38:174:38:174:Infinity":17}}}
,"C:\\Users\\winx1\\Documents\\vs_code_projects\\trading-hub-pro\\src\\components\\ui\\Tabs.tsx": {"path":"C:\\Users\\winx1\\Documents\\vs_code_projects\\trading-hub-pro\\src\\components\\ui\\Tabs.tsx","statementMap":{"0":{"start":{"line":15,"column":6},"end":{"line":15,"column":null}},"1":{"start":{"line":18,"column":8},"end":{"line":18,"column":null}},"2":{"start":{"line":19,"column":2},"end":{"line":21,"column":null}},"3":{"start":{"line":20,"column":4},"end":{"line":20,"column":null}},"4":{"start":{"line":22,"column":2},"end":{"line":22,"column":null}},"5":{"start":{"line":40,"column":40},"end":{"line":40,"column":null}},"6":{"start":{"line":42,"column":20},"end":{"line":42,"column":null}},"7":{"start":{"line":43,"column":23},"end":{"line":48,"column":null}},"8":{"start":{"line":44,"column":4},"end":{"line":46,"column":null}},"9":{"start":{"line":45,"column":6},"end":{"line":45,"column":null}},"10":{"start":{"line":47,"column":4},"end":{"line":47,"column":null}},"11":{"start":{"line":50,"column":2},"end":{"line":53,"column":null}},"12":{"start":{"line":64,"column":25},"end":{"line":68,"column":null}},"13":{"start":{"line":70,"column":2},"end":{"line":76,"column":null}},"14":{"start":{"line":95,"column":38},"end":{"line":95,"column":null}},"15":{"start":{"line":96,"column":19},"end":{"line":96,"column":null}},"16":{"start":{"line":98,"column":2},"end":{"line":126,"column":null}},"17":{"start":{"line":103,"column":21},"end":{"line":103,"column":null}},"18":{"start":{"line":137,"column":24},"end":{"line":137,"column":null}},"19":{"start":{"line":139,"column":2},"end":{"line":139,"column":null}},"20":{"start":{"line":139,"column":27},"end":{"line":139,"column":null}},"21":{"start":{"line":141,"column":2},"end":{"line":150,"column":null}}},"fnMap":{"0":{"name":"useTabsContext","decl":{"start":{"line":17,"column":9},"end":{"line":17,"column":26}},"loc":{"start":{"line":17,"column":26},"end":{"line":23,"column":null}},"line":17},"1":{"name":"Tabs","decl":{"start":{"line":33,"column":16},"end":{"line":33,"column":21}},"loc":{"start":{"line":39,"column":14},"end":{"line":55,"column":null}},"line":39},"2":{"name":"(anonymous_2)","decl":{"start":{"line":43,"column":23},"end":{"line":43,"column":24}},"loc":{"start":{"line":43,"column":40},"end":{"line":48,"column":null}},"line":43},"3":{"name":"TabsList","decl":{"start":{"line":63,"column":16},"end":{"line":63,"column":25}},"loc":{"start":{"line":63,"column":86},"end":{"line":78,"column":null}},"line":63},"4":{"name":"TabsTrigger","decl":{"start":{"line":88,"column":16},"end":{"line":88,"column":28}},"loc":{"start":{"line":94,"column":21},"end":{"line":128,"column":null}},"line":94},"5":{"name":"(anonymous_5)","decl":{"start":{"line":103,"column":15},"end":{"line":103,"column":21}},"loc":{"start":{"line":103,"column":21},"end":{"line":103,"column":null}},"line":103},"6":{"name":"TabsContent","decl":{"start":{"line":136,"column":16},"end":{"line":136,"column":28}},"loc":{"start":{"line":136,"column":78},"end":{"lin
[...]
,"end":{"line":66,"column":null}},"loc":{"start":{"line":69,"column":13},"end":{"line":73,"column":null}},"line":69},"5":{"name":"(anonymous_5)","decl":{"start":{"line":78,"column":27},"end":{"line":78,"column":28}},"loc":{"start":{"line":78,"column":54},"end":{"line":90,"column":null}},"line":78},"6":{"name":"(anonymous_6)","decl":{"start":{"line":95,"column":30},"end":{"line":95,"column":31}},"loc":{"start":{"line":95,"column":60},"end":{"line":101,"column":null}},"line":95},"7":{"name":"(anonymous_7)","decl":{"start":{"line":106,"column":31},"end":{"line":106,"column":null}},"loc":{"start":{"line":109,"column":13},"end":{"line":111,"column":null}},"line":109},"8":{"name":"(anonymous_8)","decl":{"start":{"line":116,"column":34},"end":{"line":116,"column":35}},"loc":{"start":{"line":116,"column":65},"end":{"line":118,"column":null}},"line":116},"9":{"name":"(anonymous_9)","decl":{"start":{"line":123,"column":30},"end":{"line":123,"column":31}},"loc":{"start":{"line":123,"column":61},"end":{"line":133,"column":null}},"line":123},"10":{"name":"(anonymous_10)","decl":{"start":{"line":138,"column":31},"end":{"line":138,"column":null}},"loc":{"start":{"line":141,"column":48},"end":{"line":145,"column":null}},"line":141},"11":{"name":"(anonymous_11)","decl":{"start":{"line":150,"column":27},"end":{"line":150,"column":28}},"loc":{"start":{"line":150,"column":54},"end":{"line":154,"column":null}},"line":150},"12":{"name":"(anonymous_12)","decl":{"start":{"line":159,"column":29},"end":{"line":159,"column":30}},"loc":{"start":{"line":159,"column":56},"end":{"line":163,"column":null}},"line":159},"13":{"name":"(anonymous_13)","decl":{"start":{"line":168,"column":21},"end":{"line":168,"column":22}},"loc":{"start":{"line":168,"column":74},"end":{"line":170,"column":null}},"line":168},"14":{"name":"(anonymous_14)","decl":{"start":{"line":175,"column":26},"end":{"line":175,"column":27}},"loc":{"start":{"line":175,"column":61},"end":{"line":177,"column":null}},"line":175},"15":{"name":"(anonymous_15)","decl":{"start":{"line":182,"column":24},"end":{"line":182,"column":null}},"loc":{"start":{"line":185,"column":41},"end":{"line":192,"column":null}},"line":185},"16":{"name":"(anonymous_16)","decl":{"start":{"line":188,"column":9},"end":{"line":188,"column":13}},"loc":{"start":{"line":188,"column":37},"end":{"line":191,"column":null}},"line":188},"17":{"name":"(anonymous_17)","decl":{"start":{"line":190,"column":25},"end":{"line":190,"column":31}},"loc":{"start":{"line":190,"column":31},"end":{"line":190,"column":46}},"line":190},"18":{"name":"(anonymous_18)","decl":{"start":{"line":197,"column":24},"end":{"line":197,"column":null}},"loc":{"start":{"line":200,"column":41},"end":{"line":212,"column":null}},"line":200},"19":{"name":"(anonymous_19)","decl":{"start":{"line":203,"column":9},"end":{"line":203,"column":13}},"loc":{"start":{"line":203,"column":37},"end":{"line":211,"column":null}},"line":203},"20":{"name":"(anonymous_20)","decl":{"start":{"line":207,"column":17},"end":{"line":207,"column":23}},"loc":{"start":{"line":207,"column":23},"end":{"line":209,"column":9}},"line":207},"21":{"name":"(anonymous_21)","decl":{"start":{"line":217,"column":25},"end":{"line":217,"column":29}},"loc":{"start":{"line":217,"column":43},"end":{"line":219,"column":null}},"line":217},"22":{"name":"(anonymous_22)","decl":{"start":{"line":224,"column":23},"end":{"line":224,"column":24}},"loc":{"start":{"line":224,"column":52},"end":{"line":230,"column":null}},"line":224},"23":{"name":"(anonymous_23)","decl":{"start":{"line":235,"column":23},"end":{"line":235,"column":null}},"loc":{"start":{"line":238,"column":26},"end":{"line":250,"column":null}},"line":238},"24":{"name":"(anonymous_24)","decl":{"start":{"line":240,"column":4},"end":{"line":240,"column":5}},"loc":{"start":{"line":240,"column":22},"end":{"line":247,"column":null}},"line":240},"25":{"name":"(anonymous_25)","decl":{"start":{"line":255,"column":22},"end":{"line":255,"column":null}},"loc":{"start":{"line":258,"column":10},"end":{"line":269,"column":null}},"line":258},"26":{"name":"(anonymous_26)","decl":{"start":{"line":259,"column":25},"end":{"line":259,"column":26}},"loc":{"start":{"line":259,"column":35},"end":{"line":268,"column":3}},"line":259},"27":{"name":"(anonymous_27)","decl":{"start":{"line":274,"column":18},"end":{"line":274,"column":22}},"loc":{"start":{"line":274,"column":81},"end":{"line":276,"column":null}},"line":274}},"branchMap":{"0":{"loc":{"start":{"line":12,"column":2},"end":{"line":12,"column":null}},"type":"default-arg","locations":[{"start":{"line":12,"column":21},"end":{"line":12,"column":null}}],"line":12},"1":{"loc":{"start":{"line":13,"column":2},"end":{"line":13,"column":null}},"type":"default-arg","locations":[{"start":{"line":13,"column":21},"end":{"line":13,"column":null}}],"line":13},"2":{"loc":{"start":{"line":15,"column":2},"end":{"line":19,"column":null}},"type":"if","locations":[{"start":{"line":15,"column":2},"end":{"line":19,"column":null}},{"start":{},"end":{}}],"line":15},"3":{"loc":{"start":{"line":33,"column":2},"end":{"line":33,"column":null}},"type":"default-arg","locations":[{"start":{"line":33,"column":21},"end":{"line":33,"column":null}}],"line":33},"4":{"loc":{"start":{"line":46,"column":2},"end":{"line":46,"column":null}},"type":"default-arg","locations":[{"start":{"line":46,"column":21},"end":{"line":46,"column":null}}],"line":46},"5":{"loc":{"start":{"line":48,"column":15},"end":{"line":48,"column":null}},"type":"cond-expr","locations":[{"start":{"line":48,"column":28},"end":{"line":48,"column":34}},{"start":{"line":48,"column":34},"end":{"line":48,"column":null}}],"line":48},"6":{"loc":{"start":{"line":70,"column":10},"end":{"line":70,"column":27}},"type":"default-arg","locations":[{"start":{"line":70,"column":21},"end":{"line":70,"column":27}}],"line":70},"7":{"loc":{"start":{"line":70,"column":27},"end":{"line":70,"column":40}},"type":"default-arg","locations":[{"start":{"line":70,"column":38},"end":{"line":70,"column":40}}],"line":70},"8":{"loc":{"start":{"line":70,"column":44},"end":{"line":70,"column":null}},"type":"binary-expr","locations":[{"start":{"line":70,"column":44},"end":{"line":70,"column":55}},{"start":{"line":70,"column":55},"end":{"line":70,"column":null}}],"line":70},"9":{"loc":{"start":{"line":71,"column":15},"end":{"line":71,"column":null}},"type":"cond-expr","locations":[{"start":{"line":71,"column":39},"end":{"line":71,"column":45}},{"start":{"line":71,"column":45},"end":{"line":71,"column":null}}],"line":71},"10":{"loc":{"start":{"line":71,"column":15},"end":{"line":71,"column":39}},"type":"binary-expr","locations":[{"start":{"line":71,"column":15},"end":{"line":71,"column":27}},{"start":{"line":71,"column":27},"end":{"line":71,"column":39}}],"line":71},"11":{"loc":{"start":{"line":79,"column":2},"end":{"line":89,"column":null}},"type":"if","locations":[{"start":{"line":79,"column":2},"end":{"line":89,"column":null}},{"start":{"line":81,"column":2},"end":{"line":89,"column":null}}],"line":79},"12":{"loc":{"start":{"line":81,"column":2},"end":{"line":89,"column":null}},"type":"if","locations":[{"start":{"line":81,"column":2},"end":{"line":89,"column":null}},{"start":{"line":83,"column":2},"end":{"line":89,"column":null}}],"line":81},"13":{"loc":{"start":{"line":83,"column":2},"end":{"line":89,"column":null}},"type":"if","locations":[{"start":{"line":83,"column":2},"end":{"line":89,"column":null}},{"start":{"line":85,"column":2},"end":{"line":89,"column":null}}],"line":83},"14":{"loc":{"start":{"line":85,"column":2},"end":{"line":89,"column":null}},"type":"if","locations":[{"start":{"line":85,"column":2},"end":{"line":89,"column":null}},{"start":{"line":87,"column":9},"end":{"line":89,"column":null}}],"line":85},"15":{"loc":{"start":{"line":96,"column":2},"end":{"line":100,"column":null}},"type":"if","locations":[{"start":{"line":96,"column":2},"end":{"line":100,"column":null}},{"start":{"line":98,"column":9},"end":{"line":100,"column":null}}],"line":96},"16":{"loc":{"start":{"line":108,"column":2},"end":{"line":108,"column":null}},"type":"default-arg","locations":[{"start":{"line":108,"column":25},"end":{"line":108,"column":null}}],"line":108},"17":{"loc":{"start":{"line":126,"column":2},"end":{"line":132,"column":null}},"type":"if","locations":[{"start":{"line":126,"column":2},"end":{"line":132,"column":null}},{"start":{"line":128,"column":2},"end":{"line":132,"column":null}}],"line":126},"18":{"loc":{"start":{"line":128,"column":2},"end":{"line":132,"column":null}},"type":"if","locations":[{"start":{"line":128,"column":2},"end":{"line":132,"column":null}},{"start":{"line":130,"column":9},"end":{"line":132,"column":null}}],"line":128},"19":{"loc":{"start":{"line":143,"column":24},"end":{"line":143,"column":null}},"type":"cond-expr","locations":[{"start":{"line":143,"column":42},"end":{"line":143,"column":69}},{"start":{"line":143,"column":69},"end":{"line":143,"column":null}}],"line":143},"20":{"loc":{"start":{"line":151,"column":2},"end":{"line":151,"column":null}},"type":"if","locations":[{"start":{"line":151,"column":2},"end":{"line":151,"column":null}},{"start":{},"end":{}}],"line":151},"21":{"loc":{"start":{"line":152,"column":2},"end":{"line":152,"column":null}},"type":"if","locations":[{"start":{"line":152,"column":2},"end":{"line":152,"column":null}},{"start":{},"end":{}}],"line":152},"22":{"loc":{"start":{"line":160,"column":2},"end":{"line":160,"column":null}},"type":"if","locations":[{"start":{"line":160,"column":2},"end":{"line":160,"column":null}},{"start":{},"end":{}}],"line":160},"23":{"loc":{"start":{"line":161,"column":2},"end":{"line":161,"column":null}},"type":"if","locations":[{"start":{"line":161,"column":2},"end":{"line":161,"column":null}},{"start":{},"end":{}}],"line":161},"24":{"loc":{"start":{"line":175,"column":27},"end":{"line":175,"column":61}},"type":"default-arg","locations":[{"start":{"line":175,"column":44},"end":{"line":175,"column":61}}],"line":175},"25":{"loc":{"start":{"line":189,"column":4},"end":{"line":189,"column":null}},"type":"if","locations":[{"start":{"line":189,"column":4},"end":{"line":189,"column":null}},{"start":{},"end":{}}],"line":189},"26":{"loc":{"start":{"line":204,"column":4},"end":{"line":210,"column":null}},"type":"if","locations":[{"start":{"line":204,"column":4},"end":{"line":210,"column":null}},{"start":{},"end":{}}],"line":204},"27":{"loc":{"start":{"line":225,"column":2},"end":{"line":225,"column":null}},"type":"if","locations":[{"start":{"line":225,"column":2},"end":{"line":225,"column":null}},{"start":{},"end":{}}],"line":225},"28":{"loc":{"start":{"line":225,"column":6},"end":{"line":225,"column":45}},"type":"binary-expr","locations":[{"start":{"line":225,"column":6},"end":{"line":225,"column":24}},{"start":{"line":225,"column":24},"end":{"line":225,"column":45}}],"line":225},"29":{"loc":{"start":{"line":226,"column":2},"end":{"line":226,"column":null}},"type":"if","locations":[{"start":{"line":226,"column":2},"end":{"line":226,"column":null}},{"start":{},"end":{}}],"line":226},"30":{"loc":{"start":{"line":226,"column":6},"end":{"line":226,"column":56}},"type":"binary-expr","locations":[{"start":{"line":226,"column":6},"end":{"line":226,"column":35}},{"start":{"line":226,"column":35},"end":{"line":226,"column":56}}],"line":226},"31":{"loc":{"start":{"line":227,"column":2},"end":{"line":227,"column":null}},"type":"if","locations":[{"start":{"line":227,"column":2},"end":{"line":227,"column":null}},{"start":{},"end":{}}],"line":227},"32":{"loc":{"start":{"line":227,"column":6},"end":{"line":227,"column":50}},"type":"binary-expr","locations":[{"start":{"line":227,"column":6},"end":{"line":227,"column":30}},{"start":{"line":227,"column":30},"end":{"line":227,"column":50}}],"line":227},"33":{"loc":{"start":{"line":228,"column":2},"end":{"line":228,"column":null}},"type":"if","locations":[{"start":{"line":228,"column":2},"end":{"line":228,"column":null}},{"start":{},"end":{}}],"line":228},"34":{"loc":{"start":{"line":228,"column":6},"end":{"line":228,"column":68}},"type":"binary-expr","locations":[{"start":{"line":228,"column":6},"end":{"line":228,"column":35}},{"start":{"line":228,"column":35},"end":{"line":228,"column":68}}],"line":228},"35":{"loc":{"start":{"line":242,"column":6},"end":{"line":244,"column":null}},"type":"if","locations":[{"start":{"line":242,"column":6},"end":{"line":244,"column":null}},{"start":{},"end":{}}],"line":242},"36":{"loc":{"start":{"line":261,"column":19},"end":{"line":261,"column":null}},"type":"cond-expr","locations":[{"start":{"line":261,"column":47},"end":{"line":261,"column":56}},{"start":{"line":261,"column":56},"end":{"line":261,"column":null}}],"line":261},"37":{"loc":{"start":{"line":262,"column":19},"end":{"line":262,"column":null}},"type":"cond-expr","locations":[{"start":{"line":262,"column":47},"end":{"line":262,"column":56}},{"start":{"line":262,"column":56},"end":{"line":262,"column":null}}],"line":262},"38":{"loc":{"start":{"line":264,"column":6},"end":{"line":264,"column":null}},"type":"if","locations":[{"start":{"line":264,"column":6},"end":{"line":264,"column":null}},{"start":{},"end":{}}],"line":264},"39":{"loc":{"start":{"line":265,"column":6},"end":{"line":265,"column":null}},"type":"if","locations":[{"start":{"line":265,"column":6},"end":{"line":265,"column":null}},{"start":{},"end":{}}],"line":265}},"s":{"0":8,"1":38,"2":0,"3":0,"4":38,"5":8,"6":17,"7":8,"8":4,"9":4,"10":8,"11":0,"12":8,"13":0,"14":0,"15":0,"16":8,"17":0,"18":0,"19":0,"20":0,"21":0,"22":0,"23":0,"24":0,"25":0,"26":8,"27":0,"28":0,"29":0,"30":8,"31":0,"32":8,"33":0,"34":8,"35":0,"36":0,"37":0,"38":0,"39":0,"40":0,"41":8,"42":0,"43":0,"44":0,"45":8,"46":0,"47":0,"48":0,"49":0,"50":0,"51":8,"52":0,"53":0,"54":0,"55":0,"56":0,"57":8,"58":0,"59":8,"60":3,"61":8,"62":0,"63":0,"64":0,"65":0,"66":0,"67":0,"68":8,"69":0,"70":0,"71":0,"72":0,"73":0,"74":0,"75":0,"76":8,"77":0,"78":8,"79":0,"80":0,"81":0,"82":0,"83":0,"84":0,"85":0,"86":0,"87":0,"88":8,"89":0,"90":0,"91":0,"92":0,"93":0,"94":0,"95":8,"96":0,"97":0,"98":0,"99":0,"100":0,"101":0,"102":0,"103":0,"104":0,"105":8,"106":434},"f":{"0":38,"1":17,"2":4,"3":0,"4":0,"5":0,"6":0,"7":0,"8":0,"9":0,"10":0,"11":0,"12":0,"13":0,"14":3,"15":0,"16":0,"17":0,"18":0,"19":0,"20":0,"21":0,"22":0,"23":0,"24":0,"25":0,"26":0,"27":434},"b":{"0":[38],"1":[38],"2":[0,38],"3":[17],"4":[4],"5":[4,0],"6":[0],"7":[0],"8":[0,0],"9":[0,0],"10":[0,0],"11":[0,0],"12":[0,0],"13":[0,0],"14":[0,0],"15":[0,0],"16":[0],"17":[0,0],"18":[0,0],"19":[0,0],"20":[0,0],"21":[0,0],"22":[0,0],"23":[0,0],"24":[3],"25":[0,0],"26":[0,0],"27":[0,0],"28":[0,0],"29":[0,0],"30":[0,0],"31":[0,0],"32":[0,0],"33":[0,0],"34":[0,0],"35":[0,0],"36":[0,0],"37":[0,0],"38":[0,0],"39":[0,0]},"meta":{"lastBranch":40,"lastFunction":28,"lastStatement":107,"seen":{"s:10:30:26:Infinity":0,"f:10:30:10:Infinity":0,"b:12:21:12:Infinity":0,"b:13:21:13:Infinity":1,"b:15:2:19:Infinity:undefined:undefined:undefined:undefined":2,"s:15:2:19:Infinity":1,"s:17:4:17:Infinity":2,"s:18:4:18:Infinity":3,"s:20:2:25:Infinity":4,"s:31:28:39:Infinity":5,"f:31:28:31:Infinity":1,"b:33:21:33:Infinity":3,"s:35:2:38:Infinity":6,"s:44:32:50:Infinity":7,"f:44:32:44:Infinity":2,"b:46:21:46:Infinity":4,"s:48:15:48:Infinity":8,"b:48:28:48:34:48:34:48:Infinity":5,"s:49:2:49:Infinity":9,"s:55:29:61:Infinity":10,"f:55:29:55:30":3,"s:56:2:60:Infinity":11,"s:66:29:73:Infinity":12,"f:66:29:66:Infinity":4,"s:70:44:70:Infinity":13,"b:70:21:70:27":6,"b:70:38:70:40":7,"b:70:44:70:55:70:55:70:Infinity":8,"s:71:15:71:Infinity":14,"b:71:39:71:45:71:45:71:Infinity":9,"b:71:15:71:27:71:27:71:39":10,"s:72:2:72:Infinity":15,"s:78:27:90:Infinity":16,"f:78:27:78:28":5,"b:79:2:89:Infinity:81:2:89:Infinity":11,"s:79:2:89:Infinity":17,"s:80:4:80:Infinity":18,"b:81:2:89:Infinity:83:2:89:Infinity":12,"s:81:2:89:Infinity":19,"s:82:4:82:Infinity":20,"b:83:2:89:Infinity:85:2:89:Infinity":13,"s:83:2:89:Infinity":21,"s:84:4:84:Infinity":22,"b:85:2:89:Infinity:87:9:89:Infinity":14,"s:85:2:89:Infinity":23,"s:86:4:86:Infinity":24,"s:88:4:88:Infinity":25,"s:95:30:101:Infinity":26,"f:95:30:95:31":6,"b:96:2:100:Infinity:98:9:100:Infinity":15,"s:96:2:100:Infinity":27,"s:97:4:97:Infinity":28,"s:99:4:99:Infinity":29,"s:106:31:111:Infinity":30,"f:106:31:106:Infinity":7,"b:108:25:108:Infinity":16,"s:110:2:110:Infinity":31,"s:116:34:118:Infinity":32,"f:116:34:116:35":8,"s:117:2:117:Infinity":33,"s:123:30:133:Infinity":34,"f:123:30:123:31":9,"s:124:15:124:Infinity":35,"b:126:2:132:Infinity:128:2:132:Infinity":17,"s:126:2:132:Infinity":36,"s:127:4:127:Infinity":37,"b:128:2:132:Infinity:130:9:132:Infinity":18,"s:128:2:132:Infinity":38,"s:129:4:129:Infinity":39,"s:131:4:131:Infinity":40,"s:138:31:145:Infinity":41,"f:138:31:138:Infinity":10,"s:142:17:142:Infinity":42,"s:143:24:143:Infinity":43,"b:143:42:143:69:143:69:143:Infinity":19,"s:144:2:144:Infinity":44,"s:150:27:154:Infinity":45,"f:150:27:150:28":11,"b:151:2:151:Infinity:undefined:undefined:undefined:undefined":20,"s:151:2:151:Infinity":46,"s:151:17:151:Infinity":47,"b:152:2:152:Infinity:undefined:undefined:undefined:undefined":21,"s:152:2:152:Infinity":48,"s:152:17:152:Infinity":49,"s:153:2:153:Infinity":50,"s:159:29:163:Infinity":51,"f:159:29:159:30":12,"b:160:2:160:Infinity:undefined:undefined:undefined:undefined":22,"s:160:2:160:Infinity":52,"s:160:17:160:Infinity":53,"b:161:2:161:Infinity:undefined:undefined:undefined:undefined":23,"s:161:2:161:Infinity":54,"s:161:17:161:Infinity":55,"s:162:2:162:Infinity":56,"s:168:21:170:Infinity":57,"f:168:21:168:22":13,"s:169:2:169:Infinity":58,"s:175:26:177:Infinity":59,"f:175:26:175:27":14,"b:175:44:175:61":24,"s:176:2:176:Infinity":60,"s:182:24:192:Infinity":61,"f:182:24:182:Infinity":15,"s:186:54:186:Infinity":62,"s:188:2:191:Infinity":63,"f:188:9:188:13":16,"b:189:4:189:Infinity:undefined:undefined:undefined:undefined":25,"s:189:4:189:Infinity":64,"s:189:17:189:Infinity":65,"s:190:4:190:Infinity":66,"f:190:25:190:31":17,"s:190:31:190:46":67,"s:197:24:212:Infinity":68,"f:197:24:197:Infinity":18,"s:201:19:201:Infinity":69,"s:203:2:211:Infinity":70,"f:203:9:203:13":19,"b:204:4:210:Infinity:undefined:undefined:undefined:undefined":26,"s:204:4:210:Infinity":71,"s:205:6:205:Infinity":72,"s:206:6:206:Infinity":73,"s:207:6:209:Infinity":74,"f:207:17:207:23":20,"s:208:8:208:Infinity":75,"s:217:25:219:Infinity":76,"f:217:25:217:29":21,"s:218:2:218:Infinity":77,"s:224:23:230:Infinity":78,"f:224:23:224:24":22,"b:225:2:225:Infinity:undefined:undefined:undefined:undefined":27,"s:225:2:225:Infinity":79,"b:225:6:225:24:225:24:225:45":28,"s:225:45:225:Infinity":80,"b:226:2:226:Infinity:undefined:undefined:undefined:undefined":29,"s:226:2:226:Infinity":81,"b:226:6:226:35:226:35:226:56":30,"s:226:56:226:Infinity":82,"b:227:2:227:Infinity:undefined:undefined:undefined:undefined":31,"s:227:2:227:Infinity":83,"b:227:6:227:30:227:30:227:50":32,"s:227:50:227:Infinity":84,"b:228:2:228:Infinity:undefined:undefined:undefined:undefined":33,"s:228:2:228:Infinity":85,"b:228:6:228:35:228:35:228:68":34,"s:228:68:228:Infinity":86,"s:229:2:229:Infinity":87,"s:235:23:250:Infinity":88,"f:235:23:235:Infinity":23,"s:239:2:249:Infinity":89,"f:240:4:240:5":24,"s:241:23:241:Infinity":90,"b:242:6:244:Infinity:undefined:undefined:undefined:undefined":35,"s:242:6:244:Infinity":91,"s:243:8:243:Infinity":92,"s:245:6:245:Infinity":93,"s:246:6:246:Infinity":94,"s:255:22:269:Infinity":95,"f:255:22:255:Infinity":25,"s:259:2:268:Infinity":96,"f:259:25:259:26":26,"s:260:4:266:Infinity":97,"s:261:19:261:Infinity":98,"b:261:47:261:56:261:56:261:Infinity":36,"s:262:19:262:Infinity":99,"b:262:47:262:56:262:56:262:Infinity":37,"b:264:6:264:Infinity:undefined:undefined:undefined:undefined":38,"s:264:6:264:Infinity":100,"s:264:23:264:Infinity":101,"b:265:6:265:Infinity:undefined:undefined:undefined:undefined":39,"s:265:6:265:Infinity":102,"s:265:23:265:Infinity":103,"s:267:4:267:Infinity":104,"s:274:18:276:Infinity":105,"f:274:18:274:22":27,"s:275:2:275:Infinity":106}}}
}
